<?xml version="1.0" encoding="UTF-8"?>
<coverage generated="1778931136967" clover="3.2.0">
  <project timestamp="1778931136967" name="All files">
    <metrics statements="6808" coveredstatements="5175" conditionals="4375" coveredconditionals="2576" methods="1568" coveredmethods="1023" elements="12751" coveredelements="8774" complexity="0" loc="6808" ncloc="6808" packages="29" files="103" classes="103"/>
    <package name="jest.mocks">
      <metrics statements="123" coveredstatements="106" conditionals="61" coveredconditionals="49" methods="58" coveredmethods="46"/>
      <file name="expo-document-picker.js" path="/Users/sevdepekkose/Desktop/bounswe2026group11/mobile/jest/mocks/expo-document-picker.js">
        <metrics statements="1" coveredstatements="1" conditionals="0" coveredconditionals="0" methods="0" coveredmethods="0"/>
        <line num="1" count="4" type="stmt"/>
      </file>
      <file name="expo-file-system-legacy.js" path="/Users/sevdepekkose/Desktop/bounswe2026group11/mobile/jest/mocks/expo-file-system-legacy.js">
        <metrics statements="1" coveredstatements="1" conditionals="0" coveredconditionals="0" methods="0" coveredmethods="0"/>
        <line num="1" count="18" type="stmt"/>
      </file>
      <file name="expo-image-manipulator.js" path="/Users/sevdepekkose/Desktop/bounswe2026group11/mobile/jest/mocks/expo-image-manipulator.js">
        <metrics statements="1" coveredstatements="1" conditionals="0" coveredconditionals="0" methods="0" coveredmethods="0"/>
        <line num="1" count="6" type="stmt"/>
      </file>
      <file name="expo-image-picker.js" path="/Users/sevdepekkose/Desktop/bounswe2026group11/mobile/jest/mocks/expo-image-picker.js">
        <metrics statements="1" coveredstatements="1" conditionals="0" coveredconditionals="0" methods="0" coveredmethods="0"/>
        <line num="1" count="6" type="stmt"/>
      </file>
      <file name="expo-localization.js" path="/Users/sevdepekkose/Desktop/bounswe2026group11/mobile/jest/mocks/expo-localization.js">
        <metrics statements="3" coveredstatements="1" conditionals="0" coveredconditionals="0" methods="2" coveredmethods="0"/>
        <line num="1" count="76" type="stmt"/>
        <line num="2" count="0" type="stmt"/>
        <line num="3" count="0" type="stmt"/>
      </file>
      <file name="expo-location.js" path="/Users/sevdepekkose/Desktop/bounswe2026group11/mobile/jest/mocks/expo-location.js">
        <metrics statements="4" coveredstatements="1" conditionals="0" coveredconditionals="0" methods="3" coveredmethods="0"/>
        <line num="1" count="2" type="stmt"/>
        <line num="10" count="0" type="stmt"/>
        <line num="13" count="0" type="stmt"/>
        <line num="19" count="0" type="stmt"/>
      </file>
      <file name="expo-router.js" path="/Users/sevdepekkose/Desktop/bounswe2026group11/mobile/jest/mocks/expo-router.js">
        <metrics statements="2" coveredstatements="1" conditionals="0" coveredconditionals="0" methods="1" coveredmethods="0"/>
        <line num="1" count="9" type="stmt"/>
        <line num="6" count="0" type="stmt"/>
      </file>
      <file name="expo-secure-store.js" path="/Users/sevdepekkose/Desktop/bounswe2026group11/mobile/jest/mocks/expo-secure-store.js">
        <metrics statements="6" coveredstatements="6" conditionals="2" coveredconditionals="2" methods="4" coveredmethods="4"/>
        <line num="1" count="81" type="stmt"/>
        <line num="3" count="81" type="stmt"/>
        <line num="4" count="4" type="cond" truecount="2" falsecount="0"/>
        <line num="6" count="16" type="stmt"/>
        <line num="9" count="3" type="stmt"/>
        <line num="12" count="23" type="stmt"/>
      </file>
      <file name="react-native-firebase-messaging.js" path="/Users/sevdepekkose/Desktop/bounswe2026group11/mobile/jest/mocks/react-native-firebase-messaging.js">
        <metrics statements="19" coveredstatements="18" conditionals="0" coveredconditionals="0" methods="16" coveredmethods="15"/>
        <line num="3" count="1" type="stmt"/>
        <line num="5" count="1" type="stmt"/>
        <line num="6" count="5" type="stmt"/>
        <line num="7" count="5" type="stmt"/>
        <line num="8" count="5" type="stmt"/>
        <line num="9" count="5" type="stmt"/>
        <line num="10" count="5" type="stmt"/>
        <line num="11" count="5" type="stmt"/>
        <line num="12" count="4" type="stmt"/>
        <line num="16" count="1" type="stmt"/>
        <line num="24" count="7" type="stmt"/>
        <line num="25" count="5" type="stmt"/>
        <line num="27" count="5" type="stmt"/>
        <line num="28" count="5" type="stmt"/>
        <line num="29" count="5" type="stmt"/>
        <line num="30" count="5" type="stmt"/>
        <line num="32" count="5" type="stmt"/>
        <line num="33" count="5" type="stmt"/>
        <line num="35" count="0" type="stmt"/>
      </file>
      <file name="react-native-maps.js" path="/Users/sevdepekkose/Desktop/bounswe2026group11/mobile/jest/mocks/react-native-maps.js">
        <metrics statements="19" coveredstatements="17" conditionals="8" coveredconditionals="6" methods="3" coveredmethods="3"/>
        <line num="1" count="1" type="stmt"/>
        <line num="7" count="1" type="stmt"/>
        <line num="36" count="37" type="cond" truecount="3" falsecount="1"/>
        <line num="37" count="0" type="stmt"/>
        <line num="39" count="37" type="stmt"/>
        <line num="40" count="37" type="cond" truecount="1" falsecount="1"/>
        <line num="41" count="0" type="stmt"/>
        <line num="44" count="37" type="stmt"/>
        <line num="45" count="177" type="cond" truecount="2" falsecount="0"/>
        <line num="46" count="20" type="stmt"/>
        <line num="49" count="37" type="stmt"/>
        <line num="53" count="5" type="stmt"/>
        <line num="57" count="37" type="stmt"/>
        <line num="69" count="1" type="stmt"/>
        <line num="70" count="1" type="stmt"/>
        <line num="71" count="1" type="stmt"/>
        <line num="72" count="1" type="stmt"/>
        <line num="73" count="1" type="stmt"/>
        <line num="75" count="1" type="stmt"/>
      </file>
      <file name="react-native.js" path="/Users/sevdepekkose/Desktop/bounswe2026group11/mobile/jest/mocks/react-native.js">
        <metrics statements="61" coveredstatements="54" conditionals="51" coveredconditionals="41" methods="27" coveredmethods="23"/>
        <line num="2" count="94" type="stmt"/>
        <line num="8" count="94" type="stmt"/>
        <line num="64" count="5249" type="cond" truecount="3" falsecount="1"/>
        <line num="65" count="0" type="stmt"/>
        <line num="67" count="5249" type="stmt"/>
        <line num="68" count="5249" type="stmt"/>
        <line num="69" count="1144" type="cond" truecount="2" falsecount="0"/>
        <line num="70" count="173" type="stmt"/>
        <line num="73" count="5249" type="stmt"/>
        <line num="77" count="8157" type="cond" truecount="2" falsecount="0"/>
        <line num="78" count="2910" type="stmt"/>
        <line num="80" count="6829" type="cond" truecount="2" falsecount="0"/>
        <line num="84" count="282" type="stmt"/>
        <line num="88" count="2180" type="stmt"/>
        <line num="102" count="94" type="stmt"/>
        <line num="103" count="94" type="stmt"/>
        <line num="104" count="94" type="stmt"/>
        <line num="105" count="94" type="stmt"/>
        <line num="109" count="62" type="cond" truecount="2" falsecount="0"/>
        <line num="110" count="60" type="stmt"/>
        <line num="113" count="2" type="stmt"/>
        <line num="123" count="94" type="stmt"/>
        <line num="127" count="1997" type="stmt"/>
        <line num="140" count="94" type="stmt"/>
        <line num="153" count="889" type="stmt"/>
        <line num="166" count="64" type="cond" truecount="2" falsecount="0"/>
        <line num="167" count="57" type="stmt"/>
        <line num="168" count="57" type="stmt"/>
        <line num="176" count="94" type="stmt"/>
        <line num="189" count="2" type="stmt"/>
        <line num="198" count="1" type="cond" truecount="1" falsecount="1"/>
        <line num="205" count="94" type="stmt"/>
        <line num="220" count="163" type="stmt"/>
        <line num="229" count="11" type="stmt"/>
        <line num="233" count="0" type="cond" truecount="0" falsecount="2"/>
        <line num="234" count="0" type="stmt"/>
        <line num="241" count="163" type="cond" truecount="2" falsecount="0"/>
        <line num="246" count="94" type="stmt"/>
        <line num="250" count="1" type="stmt"/>
        <line num="260" count="94" type="stmt"/>
        <line num="264" count="7" type="stmt"/>
        <line num="274" count="94" type="stmt"/>
        <line num="278" count="8" type="stmt"/>
        <line num="288" count="0" type="stmt"/>
        <line num="294" count="32" type="cond" truecount="2" falsecount="0"/>
        <line num="295" count="8" type="cond" truecount="2" falsecount="0"/>
        <line num="298" count="94" type="stmt"/>
        <line num="302" count="4" type="cond" truecount="3" falsecount="1"/>
        <line num="303" count="0" type="stmt"/>
        <line num="311" count="4" type="stmt"/>
        <line num="316" count="4" type="cond" truecount="1" falsecount="1"/>
        <line num="322" count="94" type="stmt"/>
        <line num="326" count="10" type="cond" truecount="4" falsecount="0"/>
        <line num="327" count="4" type="stmt"/>
        <line num="335" count="6" type="stmt"/>
        <line num="340" count="6" type="stmt"/>
        <line num="345" count="8" type="cond" truecount="1" falsecount="1"/>
        <line num="353" count="94" type="stmt"/>
        <line num="363" count="0" type="stmt"/>
        <line num="372" count="0" type="stmt"/>
        <line num="380" count="132" type="stmt"/>
      </file>
      <file name="theme.js" path="/Users/sevdepekkose/Desktop/bounswe2026group11/mobile/jest/mocks/theme.js">
        <metrics statements="5" coveredstatements="4" conditionals="0" coveredconditionals="0" methods="2" coveredmethods="1"/>
        <line num="6" count="24" type="stmt"/>
        <line num="8" count="24" type="stmt"/>
        <line num="69" count="24" type="stmt"/>
        <line num="72" count="252" type="stmt"/>
        <line num="78" count="0" type="stmt"/>
      </file>
    </package>
    <package name="src.components.events">
      <metrics statements="261" coveredstatements="173" conditionals="254" coveredconditionals="98" methods="91" coveredmethods="42"/>
      <file name="EventCard.tsx" path="/Users/sevdepekkose/Desktop/bounswe2026group11/mobile/src/components/events/EventCard.tsx">
        <metrics statements="38" coveredstatements="29" conditionals="17" coveredconditionals="9" methods="5" coveredmethods="4"/>
        <line num="1" count="1" type="stmt"/>
        <line num="2" count="1" type="stmt"/>
        <line num="3" count="1" type="stmt"/>
        <line num="4" count="1" type="stmt"/>
        <line num="6" count="1" type="stmt"/>
        <line num="7" count="1" type="stmt"/>
        <line num="8" count="1" type="stmt"/>
        <line num="9" count="1" type="stmt"/>
        <line num="10" count="1" type="stmt"/>
        <line num="19" count="1" type="stmt"/>
        <line num="22" count="1" type="stmt"/>
        <line num="23" count="1" type="stmt"/>
        <line num="24" count="1" type="stmt"/>
        <line num="25" count="1" type="stmt"/>
        <line num="26" count="1" type="stmt"/>
        <line num="31" count="1" type="stmt"/>
        <line num="33" count="1" type="cond" truecount="3" falsecount="1"/>
        <line num="38" count="1" type="cond" truecount="1" falsecount="1"/>
        <line num="43" count="1" type="cond" truecount="1" falsecount="1"/>
        <line num="46" count="1" type="stmt"/>
        <line num="48" count="1" type="stmt"/>
        <line num="49" count="1" type="stmt"/>
        <line num="50" count="1" type="stmt"/>
        <line num="51" count="1" type="stmt"/>
        <line num="52" count="1" type="stmt"/>
        <line num="54" count="1" type="cond" truecount="1" falsecount="1"/>
        <line num="55" count="0" type="stmt"/>
        <line num="56" count="0" type="stmt"/>
        <line num="57" count="0" type="stmt"/>
        <line num="58" count="0" type="stmt"/>
        <line num="59" count="1" type="cond" truecount="0" falsecount="1"/>
        <line num="60" count="0" type="stmt"/>
        <line num="61" count="0" type="stmt"/>
        <line num="62" count="0" type="stmt"/>
        <line num="63" count="0" type="stmt"/>
        <line num="66" count="1" type="stmt"/>
        <line num="69" count="0" type="stmt"/>
        <line num="174" count="1" type="stmt"/>
      </file>
      <file name="EventCategoryChip.tsx" path="/Users/sevdepekkose/Desktop/bounswe2026group11/mobile/src/components/events/EventCategoryChip.tsx">
        <metrics statements="10" coveredstatements="10" conditionals="0" coveredconditionals="0" methods="3" coveredmethods="3"/>
        <line num="1" count="2" type="stmt"/>
        <line num="2" count="2" type="stmt"/>
        <line num="3" count="2" type="stmt"/>
        <line num="4" count="2" type="stmt"/>
        <line num="11" count="2" type="stmt"/>
        <line num="15" count="19" type="stmt"/>
        <line num="16" count="19" type="stmt"/>
        <line num="17" count="19" type="stmt"/>
        <line num="19" count="19" type="stmt"/>
        <line num="35" count="19" type="stmt"/>
      </file>
      <file name="EventDiscussionSection.tsx" path="/Users/sevdepekkose/Desktop/bounswe2026group11/mobile/src/components/events/EventDiscussionSection.tsx">
        <metrics statements="53" coveredstatements="29" conditionals="118" coveredconditionals="38" methods="24" coveredmethods="8"/>
        <line num="1" count="1" type="stmt"/>
        <line num="2" count="1" type="stmt"/>
        <line num="11" count="1" type="stmt"/>
        <line num="12" count="1" type="stmt"/>
        <line num="16" count="1" type="stmt"/>
        <line num="17" count="1" type="stmt"/>
        <line num="30" count="0" type="stmt"/>
        <line num="31" count="0" type="stmt"/>
        <line num="45" count="0" type="stmt"/>
        <line num="48" count="0" type="stmt"/>
        <line num="50" count="0" type="stmt"/>
        <line num="71" count="7" type="cond" truecount="0" falsecount="1"/>
        <line num="72" count="0" type="stmt"/>
        <line num="79" count="7" type="stmt"/>
        <line num="99" count="3" type="stmt"/>
        <line num="100" count="3" type="stmt"/>
        <line num="101" count="3" type="stmt"/>
        <line num="102" count="3" type="stmt"/>
        <line num="103" count="3" type="cond" truecount="2" falsecount="0"/>
        <line num="104" count="3" type="cond" truecount="1" falsecount="1"/>
        <line num="106" count="3" type="stmt"/>
        <line num="107" count="1" type="cond" truecount="0" falsecount="1"/>
        <line num="108" count="0" type="stmt"/>
        <line num="109" count="0" type="stmt"/>
        <line num="111" count="1" type="stmt"/>
        <line num="112" count="1" type="cond" truecount="0" falsecount="1"/>
        <line num="113" count="0" type="stmt"/>
        <line num="117" count="3" type="stmt"/>
        <line num="155" count="0" type="stmt"/>
        <line num="156" count="0" type="stmt"/>
        <line num="181" count="0" type="stmt"/>
        <line num="182" count="0" type="stmt"/>
        <line num="190" count="0" type="stmt"/>
        <line num="213" count="4" type="stmt"/>
        <line num="231" count="0" type="stmt"/>
        <line num="255" count="0" type="stmt"/>
        <line num="257" count="0" type="stmt"/>
        <line num="281" count="1" type="stmt"/>
        <line num="290" count="2" type="stmt"/>
        <line num="291" count="2" type="stmt"/>
        <line num="292" count="2" type="stmt"/>
        <line num="293" count="2" type="stmt"/>
        <line num="295" count="2" type="stmt"/>
        <line num="297" count="2" type="stmt"/>
        <line num="302" count="0" type="stmt"/>
        <line num="311" count="0" type="stmt"/>
        <line num="343" count="0" type="stmt"/>
        <line num="390" count="2" type="stmt"/>
        <line num="404" count="0" type="stmt"/>
        <line num="450" count="0" type="stmt"/>
        <line num="500" count="0" type="stmt"/>
        <line num="507" count="0" type="stmt"/>
        <line num="524" count="1" type="stmt"/>
      </file>
      <file name="InvitationsModal.tsx" path="/Users/sevdepekkose/Desktop/bounswe2026group11/mobile/src/components/events/InvitationsModal.tsx">
        <metrics statements="69" coveredstatements="35" conditionals="54" coveredconditionals="22" methods="26" coveredmethods="7"/>
        <line num="1" count="1" type="stmt"/>
        <line num="2" count="1" type="stmt"/>
        <line num="18" count="1" type="stmt"/>
        <line num="19" count="1" type="stmt"/>
        <line num="21" count="1" type="stmt"/>
        <line num="22" count="1" type="stmt"/>
        <line num="40" count="1" type="stmt"/>
        <line num="55" count="2" type="stmt"/>
        <line num="56" count="2" type="stmt"/>
        <line num="57" count="2" type="stmt"/>
        <line num="58" count="2" type="stmt"/>
        <line num="59" count="2" type="stmt"/>
        <line num="60" count="2" type="stmt"/>
        <line num="62" count="2" type="stmt"/>
        <line num="64" count="2" type="stmt"/>
        <line num="69" count="2" type="stmt"/>
        <line num="75" count="2" type="stmt"/>
        <line num="77" count="0" type="stmt"/>
        <line num="78" count="0" type="stmt"/>
        <line num="83" count="0" type="cond" truecount="0" falsecount="4"/>
        <line num="84" count="0" type="stmt"/>
        <line num="86" count="0" type="stmt"/>
        <line num="92" count="2" type="stmt"/>
        <line num="94" count="2" type="stmt"/>
        <line num="95" count="1" type="cond" truecount="1" falsecount="0"/>
        <line num="96" count="1" type="stmt"/>
        <line num="97" count="1" type="stmt"/>
        <line num="98" count="1" type="stmt"/>
        <line num="99" count="1" type="stmt"/>
        <line num="103" count="2" type="stmt"/>
        <line num="104" count="0" type="stmt"/>
        <line num="106" count="0" type="stmt"/>
        <line num="107" count="0" type="cond" truecount="0" falsecount="2"/>
        <line num="109" count="0" type="stmt"/>
        <line num="111" count="0" type="cond" truecount="0" falsecount="1"/>
        <line num="113" count="0" type="stmt"/>
        <line num="114" count="0" type="stmt"/>
        <line num="115" count="0" type="cond" truecount="0" falsecount="2"/>
        <line num="116" count="0" type="stmt"/>
        <line num="117" count="0" type="stmt"/>
        <line num="118" count="0" type="stmt"/>
        <line num="120" count="0" type="cond" truecount="0" falsecount="2"/>
        <line num="124" count="2" type="stmt"/>
        <line num="125" count="0" type="stmt"/>
        <line num="126" count="0" type="cond" truecount="0" falsecount="1"/>
        <line num="127" count="0" type="stmt"/>
        <line num="129" count="0" type="stmt"/>
        <line num="132" count="2" type="stmt"/>
        <line num="133" count="0" type="stmt"/>
        <line num="136" count="2" type="stmt"/>
        <line num="137" count="2" type="cond" truecount="1" falsecount="4"/>
        <line num="139" count="0" type="stmt"/>
        <line num="145" count="0" type="stmt"/>
        <line num="151" count="0" type="stmt"/>
        <line num="157" count="0" type="stmt"/>
        <line num="163" count="2" type="stmt"/>
        <line num="171" count="2" type="stmt"/>
        <line num="217" count="0" type="stmt"/>
        <line num="218" count="0" type="cond" truecount="0" falsecount="1"/>
        <line num="227" count="0" type="stmt"/>
        <line num="230" count="0" type="stmt"/>
        <line num="265" count="0" type="stmt"/>
        <line num="269" count="0" type="stmt"/>
        <line num="302" count="2" type="stmt"/>
        <line num="307" count="2" type="stmt"/>
        <line num="308" count="2" type="stmt"/>
        <line num="338" count="0" type="stmt"/>
        <line num="346" count="0" type="stmt"/>
        <line num="388" count="1" type="stmt"/>
      </file>
      <file name="JoinRequestsModal.tsx" path="/Users/sevdepekkose/Desktop/bounswe2026group11/mobile/src/components/events/JoinRequestsModal.tsx">
        <metrics statements="35" coveredstatements="22" conditionals="21" coveredconditionals="8" methods="17" coveredmethods="6"/>
        <line num="1" count="1" type="stmt"/>
        <line num="2" count="1" type="stmt"/>
        <line num="15" count="1" type="stmt"/>
        <line num="16" count="1" type="stmt"/>
        <line num="17" count="1" type="stmt"/>
        <line num="19" count="1" type="stmt"/>
        <line num="32" count="1" type="stmt"/>
        <line num="34" count="1" type="stmt"/>
        <line num="44" count="1" type="stmt"/>
        <line num="45" count="1" type="stmt"/>
        <line num="46" count="1" type="stmt"/>
        <line num="47" count="1" type="stmt"/>
        <line num="48" count="1" type="stmt"/>
        <line num="50" count="1" type="stmt"/>
        <line num="55" count="1" type="stmt"/>
        <line num="61" count="1" type="stmt"/>
        <line num="63" count="0" type="stmt"/>
        <line num="64" count="0" type="stmt"/>
        <line num="69" count="0" type="cond" truecount="0" falsecount="4"/>
        <line num="70" count="0" type="stmt"/>
        <line num="72" count="0" type="stmt"/>
        <line num="78" count="1" type="stmt"/>
        <line num="79" count="1" type="cond" truecount="1" falsecount="0"/>
        <line num="82" count="1" type="stmt"/>
        <line num="114" count="1" type="stmt"/>
        <line num="117" count="1" type="stmt"/>
        <line num="121" count="0" type="stmt"/>
        <line num="122" count="0" type="stmt"/>
        <line num="150" count="0" type="cond" truecount="0" falsecount="2"/>
        <line num="164" count="0" type="stmt"/>
        <line num="172" count="0" type="stmt"/>
        <line num="202" count="0" type="stmt"/>
        <line num="207" count="0" type="stmt"/>
        <line num="219" count="0" type="stmt"/>
        <line num="231" count="1" type="stmt"/>
      </file>
      <file name="MyEventCard.tsx" path="/Users/sevdepekkose/Desktop/bounswe2026group11/mobile/src/components/events/MyEventCard.tsx">
        <metrics statements="37" coveredstatements="31" conditionals="17" coveredconditionals="8" methods="10" coveredmethods="10"/>
        <line num="1" count="1" type="stmt"/>
        <line num="2" count="1" type="stmt"/>
        <line num="3" count="1" type="stmt"/>
        <line num="5" count="1" type="stmt"/>
        <line num="6" count="1" type="stmt"/>
        <line num="11" count="1" type="stmt"/>
        <line num="12" count="1" type="stmt"/>
        <line num="14" count="1" type="stmt"/>
        <line num="22" count="4" type="cond" truecount="1" falsecount="0"/>
        <line num="23" count="1" type="stmt"/>
        <line num="25" count="3" type="stmt"/>
        <line num="29" count="4" type="cond" truecount="1" falsecount="0"/>
        <line num="30" count="1" type="stmt"/>
        <line num="32" count="3" type="stmt"/>
        <line num="35" count="1" type="stmt"/>
        <line num="36" count="4" type="stmt"/>
        <line num="37" count="4" type="stmt"/>
        <line num="38" count="4" type="stmt"/>
        <line num="41" count="4" type="stmt"/>
        <line num="44" count="4" type="stmt"/>
        <line num="45" count="4" type="cond" truecount="1" falsecount="2"/>
        <line num="47" count="0" type="stmt"/>
        <line num="53" count="0" type="stmt"/>
        <line num="59" count="4" type="stmt"/>
        <line num="67" count="4" type="stmt"/>
        <line num="68" count="4" type="stmt"/>
        <line num="74" count="4" type="cond" truecount="1" falsecount="0"/>
        <line num="75" count="4" type="stmt"/>
        <line num="82" count="0" type="cond" truecount="0" falsecount="1"/>
        <line num="83" count="0" type="cond" truecount="0" falsecount="2"/>
        <line num="87" count="0" type="stmt"/>
        <line num="94" count="0" type="stmt"/>
        <line num="101" count="4" type="stmt"/>
        <line num="105" count="1" type="stmt"/>
        <line num="161" count="4" type="stmt"/>
        <line num="163" count="4" type="stmt"/>
        <line num="205" count="4" type="stmt"/>
      </file>
      <file name="ReportEventModal.tsx" path="/Users/sevdepekkose/Desktop/bounswe2026group11/mobile/src/components/events/ReportEventModal.tsx">
        <metrics statements="19" coveredstatements="17" conditionals="27" coveredconditionals="13" methods="6" coveredmethods="4"/>
        <line num="1" count="1" type="stmt"/>
        <line num="2" count="1" type="stmt"/>
        <line num="15" count="1" type="stmt"/>
        <line num="16" count="1" type="stmt"/>
        <line num="17" count="1" type="stmt"/>
        <line num="18" count="1" type="stmt"/>
        <line num="36" count="1" type="stmt"/>
        <line num="46" count="1" type="stmt"/>
        <line num="60" count="18" type="stmt"/>
        <line num="61" count="18" type="stmt"/>
        <line num="62" count="18" type="stmt"/>
        <line num="63" count="18" type="cond" truecount="1" falsecount="2"/>
        <line num="65" count="18" type="stmt"/>
        <line num="66" count="0" type="stmt"/>
        <line num="69" count="18" type="stmt"/>
        <line num="102" count="126" type="stmt"/>
        <line num="108" count="0" type="stmt"/>
        <line num="182" count="18" type="stmt"/>
        <line num="320" count="1" type="stmt"/>
      </file>
    </package>
    <package name="src.components.home">
      <metrics statements="378" coveredstatements="271" conditionals="272" coveredconditionals="171" methods="120" coveredmethods="82"/>
      <file name="CategoryChips.tsx" path="/Users/sevdepekkose/Desktop/bounswe2026group11/mobile/src/components/home/CategoryChips.tsx">
        <metrics statements="16" coveredstatements="16" conditionals="12" coveredconditionals="10" methods="5" coveredmethods="5"/>
        <line num="1" count="1" type="stmt"/>
        <line num="2" count="1" type="stmt"/>
        <line num="3" count="1" type="stmt"/>
        <line num="4" count="1" type="stmt"/>
        <line num="6" count="1" type="stmt"/>
        <line num="16" count="1" type="stmt"/>
        <line num="22" count="3" type="stmt"/>
        <line num="23" count="3" type="stmt"/>
        <line num="24" count="3" type="stmt"/>
        <line num="25" count="3" type="stmt"/>
        <line num="27" count="3" type="stmt"/>
        <line num="53" count="6" type="stmt"/>
        <line num="54" count="6" type="stmt"/>
        <line num="58" count="6" type="stmt"/>
        <line num="62" count="2" type="stmt"/>
        <line num="93" count="3" type="stmt"/>
      </file>
      <file name="EventMapView.tsx" path="/Users/sevdepekkose/Desktop/bounswe2026group11/mobile/src/components/home/EventMapView.tsx">
        <metrics statements="201" coveredstatements="180" conditionals="116" coveredconditionals="96" methods="70" coveredmethods="59"/>
        <line num="1" count="1" type="stmt"/>
        <line num="2" count="1" type="stmt"/>
        <line num="11" count="1" type="stmt"/>
        <line num="12" count="1" type="stmt"/>
        <line num="19" count="1" type="stmt"/>
        <line num="20" count="1" type="stmt"/>
        <line num="21" count="1" type="stmt"/>
        <line num="22" count="1" type="stmt"/>
        <line num="24" count="1" type="stmt"/>
        <line num="26" count="1" type="stmt"/>
        <line num="27" count="1" type="stmt"/>
        <line num="85" count="1" type="stmt"/>
        <line num="92" count="1" type="stmt"/>
        <line num="93" count="1" type="stmt"/>
        <line num="94" count="1" type="stmt"/>
        <line num="95" count="1" type="stmt"/>
        <line num="96" count="1" type="stmt"/>
        <line num="97" count="1" type="stmt"/>
        <line num="98" count="1" type="stmt"/>
        <line num="99" count="1" type="stmt"/>
        <line num="104" count="62" type="stmt"/>
        <line num="117" count="6" type="stmt"/>
        <line num="118" count="6" type="stmt"/>
        <line num="119" count="6" type="stmt"/>
        <line num="120" count="6" type="stmt"/>
        <line num="122" count="6" type="stmt"/>
        <line num="126" count="4" type="stmt"/>
        <line num="128" count="4" type="stmt"/>
        <line num="136" count="4" type="stmt"/>
        <line num="144" count="32" type="stmt"/>
        <line num="145" count="32" type="stmt"/>
        <line num="147" count="32" type="stmt"/>
        <line num="148" count="34" type="stmt"/>
        <line num="150" count="6" type="stmt"/>
        <line num="154" count="34" type="cond" truecount="1" falsecount="0"/>
        <line num="155" count="4" type="stmt"/>
        <line num="156" count="4" type="stmt"/>
        <line num="159" count="30" type="stmt"/>
        <line num="169" count="32" type="stmt"/>
        <line num="170" count="30" type="cond" truecount="1" falsecount="0"/>
        <line num="171" count="8" type="stmt"/>
        <line num="173" count="4" type="stmt"/>
        <line num="182" count="26" type="stmt"/>
        <line num="184" count="26" type="stmt"/>
        <line num="199" count="343" type="stmt"/>
        <line num="200" count="343" type="cond" truecount="4" falsecount="0"/>
        <line num="204" count="3" type="stmt"/>
        <line num="206" count="3" type="stmt"/>
        <line num="210" count="3" type="stmt"/>
        <line num="217" count="2" type="stmt"/>
        <line num="218" count="2" type="stmt"/>
        <line num="219" count="2" type="stmt"/>
        <line num="220" count="2" type="stmt"/>
        <line num="221" count="2" type="stmt"/>
        <line num="222" count="2" type="stmt"/>
        <line num="223" count="2" type="stmt"/>
        <line num="225" count="2" type="stmt"/>
        <line num="226" count="290" type="stmt"/>
        <line num="227" count="290" type="stmt"/>
        <line num="232" count="290" type="stmt"/>
        <line num="238" count="290" type="stmt"/>
        <line num="248" count="100" type="stmt"/>
        <line num="252" count="100" type="stmt"/>
        <line num="253" count="42" type="cond" truecount="1" falsecount="0"/>
        <line num="254" count="39" type="stmt"/>
        <line num="255" count="39" type="stmt"/>
        <line num="258" count="3" type="stmt"/>
        <line num="259" count="3" type="stmt"/>
        <line num="260" count="1" type="stmt"/>
        <line num="263" count="3" type="stmt"/>
        <line num="266" count="100" type="cond" truecount="2" falsecount="0"/>
        <line num="282" count="88" type="stmt"/>
        <line num="283" count="88" type="stmt"/>
        <line num="284" count="88" type="stmt"/>
        <line num="285" count="88" type="stmt"/>
        <line num="287" count="88" type="cond" truecount="5" falsecount="0"/>
        <line num="289" count="88" type="stmt"/>
        <line num="290" count="37" type="stmt"/>
        <line num="293" count="88" type="stmt"/>
        <line num="303" count="1" type="stmt"/>
        <line num="397" count="2" type="stmt"/>
        <line num="408" count="1" type="stmt"/>
        <line num="440" count="91" type="stmt"/>
        <line num="442" count="91" type="stmt"/>
        <line num="443" count="91" type="stmt"/>
        <line num="444" count="91" type="stmt"/>
        <line num="445" count="91" type="stmt"/>
        <line num="446" count="91" type="cond" truecount="2" falsecount="0"/>
        <line num="447" count="91" type="stmt"/>
        <line num="454" count="91" type="stmt"/>
        <line num="455" count="39" type="stmt"/>
        <line num="458" count="91" type="stmt"/>
        <line num="459" count="2" type="stmt"/>
        <line num="464" count="91" type="stmt"/>
        <line num="465" count="43" type="cond" truecount="1" falsecount="0"/>
        <line num="466" count="40" type="cond" truecount="1" falsecount="0"/>
        <line num="467" count="17" type="stmt"/>
        <line num="468" count="0" type="stmt"/>
        <line num="469" count="0" type="cond" truecount="0" falsecount="3"/>
        <line num="470" count="0" type="stmt"/>
        <line num="473" count="17" type="stmt"/>
        <line num="485" count="91" type="stmt"/>
        <line num="486" count="41" type="cond" truecount="1" falsecount="0"/>
        <line num="487" count="38" type="cond" truecount="4" falsecount="0"/>
        <line num="488" count="1" type="stmt"/>
        <line num="493" count="91" type="stmt"/>
        <line num="495" count="0" type="stmt"/>
        <line num="496" count="0" type="cond" truecount="0" falsecount="1"/>
        <line num="497" count="0" type="cond" truecount="0" falsecount="1"/>
        <line num="498" count="0" type="stmt"/>
        <line num="499" count="0" type="stmt"/>
        <line num="500" count="0" type="cond" truecount="0" falsecount="3"/>
        <line num="501" count="0" type="stmt"/>
        <line num="504" count="0" type="stmt"/>
        <line num="515" count="91" type="stmt"/>
        <line num="524" count="14" type="stmt"/>
        <line num="526" count="0" type="cond" truecount="0" falsecount="1"/>
        <line num="529" count="0" type="cond" truecount="0" falsecount="1"/>
        <line num="530" count="0" type="stmt"/>
        <line num="564" count="1" type="stmt"/>
        <line num="565" count="1" type="stmt"/>
        <line num="574" count="1" type="stmt"/>
        <line num="575" count="1" type="stmt"/>
        <line num="595" count="9" type="stmt"/>
        <line num="600" count="9" type="stmt"/>
        <line num="608" count="1" type="stmt"/>
        <line num="630" count="5" type="stmt"/>
        <line num="649" count="1" type="stmt"/>
        <line num="661" count="106" type="stmt"/>
        <line num="663" count="106" type="stmt"/>
        <line num="664" count="106" type="stmt"/>
        <line num="665" count="106" type="stmt"/>
        <line num="666" count="106" type="stmt"/>
        <line num="667" count="106" type="stmt"/>
        <line num="668" count="106" type="stmt"/>
        <line num="669" count="29" type="stmt"/>
        <line num="672" count="106" type="stmt"/>
        <line num="673" count="106" type="stmt"/>
        <line num="677" count="106" type="stmt"/>
        <line num="678" count="30" type="stmt"/>
        <line num="679" count="30" type="stmt"/>
        <line num="682" count="106" type="stmt"/>
        <line num="684" count="0" type="cond" truecount="0" falsecount="1"/>
        <line num="685" count="0" type="stmt"/>
        <line num="686" count="0" type="stmt"/>
        <line num="690" count="106" type="stmt"/>
        <line num="691" count="32" type="stmt"/>
        <line num="694" count="106" type="stmt"/>
        <line num="696" count="32" type="stmt"/>
        <line num="697" count="30" type="cond" truecount="2" falsecount="0"/>
        <line num="701" count="106" type="stmt"/>
        <line num="702" count="29" type="stmt"/>
        <line num="706" count="106" type="stmt"/>
        <line num="708" count="46" type="cond" truecount="2" falsecount="0"/>
        <line num="711" count="106" type="cond" truecount="2" falsecount="0"/>
        <line num="717" count="106" type="stmt"/>
        <line num="718" count="36" type="stmt"/>
        <line num="721" count="30" type="stmt"/>
        <line num="722" count="30" type="stmt"/>
        <line num="725" count="36" type="stmt"/>
        <line num="726" count="8" type="cond" truecount="1" falsecount="0"/>
        <line num="727" count="4" type="stmt"/>
        <line num="729" count="4" type="cond" truecount="2" falsecount="0"/>
        <line num="732" count="0" type="stmt"/>
        <line num="737" count="106" type="stmt"/>
        <line num="738" count="43" type="cond" truecount="2" falsecount="1"/>
        <line num="739" count="0" type="stmt"/>
        <line num="743" count="106" type="stmt"/>
        <line num="745" count="1" type="stmt"/>
        <line num="747" count="1" type="stmt"/>
        <line num="760" count="1" type="stmt"/>
        <line num="761" count="1" type="stmt"/>
        <line num="766" count="106" type="stmt"/>
        <line num="767" count="1" type="cond" truecount="0" falsecount="1"/>
        <line num="769" count="1" type="stmt"/>
        <line num="776" count="1" type="stmt"/>
        <line num="777" count="1" type="stmt"/>
        <line num="780" count="106" type="stmt"/>
        <line num="781" count="29" type="stmt"/>
        <line num="787" count="106" type="stmt"/>
        <line num="788" count="31" type="stmt"/>
        <line num="795" count="106" type="cond" truecount="2" falsecount="0"/>
        <line num="798" count="106" type="stmt"/>
        <line num="799" count="1" type="stmt"/>
        <line num="801" count="106" type="stmt"/>
        <line num="803" count="29" type="cond" truecount="2" falsecount="0"/>
        <line num="808" count="106" type="cond" truecount="1" falsecount="1"/>
        <line num="812" count="106" type="cond" truecount="1" falsecount="0"/>
        <line num="813" count="3" type="stmt"/>
        <line num="820" count="103" type="cond" truecount="1" falsecount="0"/>
        <line num="821" count="3" type="stmt"/>
        <line num="828" count="100" type="stmt"/>
        <line num="840" count="0" type="stmt"/>
        <line num="847" count="0" type="stmt"/>
        <line num="863" count="99" type="cond" truecount="1" falsecount="0"/>
        <line num="864" count="9" type="stmt"/>
        <line num="874" count="90" type="stmt"/>
        <line num="875" count="90" type="stmt"/>
        <line num="876" count="90" type="stmt"/>
        <line num="887" count="14" type="cond" truecount="1" falsecount="1"/>
        <line num="966" count="106" type="stmt"/>
      </file>
      <file name="FiltersBottomSheet.tsx" path="/Users/sevdepekkose/Desktop/bounswe2026group11/mobile/src/components/home/FiltersBottomSheet.tsx">
        <metrics statements="123" coveredstatements="42" conditionals="94" coveredconditionals="29" methods="32" coveredmethods="8"/>
        <line num="1" count="1" type="stmt"/>
        <line num="2" count="1" type="stmt"/>
        <line num="5" count="1" type="stmt"/>
        <line num="6" count="1" type="stmt"/>
        <line num="21" count="1" type="stmt"/>
        <line num="22" count="1" type="stmt"/>
        <line num="29" count="1" type="stmt"/>
        <line num="52" count="1" type="stmt"/>
        <line num="53" count="1" type="stmt"/>
        <line num="54" count="1" type="stmt"/>
        <line num="58" count="1" type="stmt"/>
        <line num="64" count="0" type="cond" truecount="0" falsecount="1"/>
        <line num="65" count="0" type="stmt"/>
        <line num="66" count="0" type="cond" truecount="0" falsecount="1"/>
        <line num="67" count="0" type="stmt"/>
        <line num="68" count="0" type="cond" truecount="0" falsecount="1"/>
        <line num="69" count="0" type="stmt"/>
        <line num="70" count="0" type="stmt"/>
        <line num="74" count="0" type="stmt"/>
        <line num="75" count="0" type="stmt"/>
        <line num="77" count="0" type="cond" truecount="0" falsecount="1"/>
        <line num="78" count="0" type="stmt"/>
        <line num="81" count="0" type="stmt"/>
        <line num="84" count="1" type="stmt"/>
        <line num="101" count="4" type="stmt"/>
        <line num="102" count="4" type="stmt"/>
        <line num="103" count="4" type="stmt"/>
        <line num="105" count="4" type="stmt"/>
        <line num="106" count="4" type="stmt"/>
        <line num="108" count="4" type="stmt"/>
        <line num="110" count="4" type="stmt"/>
        <line num="111" count="0" type="stmt"/>
        <line num="116" count="0" type="stmt"/>
        <line num="120" count="4" type="stmt"/>
        <line num="122" count="0" type="stmt"/>
        <line num="124" count="0" type="stmt"/>
        <line num="126" count="0" type="cond" truecount="0" falsecount="1"/>
        <line num="127" count="0" type="stmt"/>
        <line num="131" count="0" type="cond" truecount="0" falsecount="2"/>
        <line num="132" count="0" type="stmt"/>
        <line num="137" count="0" type="stmt"/>
        <line num="140" count="0" type="stmt"/>
        <line num="150" count="4" type="stmt"/>
        <line num="151" count="3" type="cond" truecount="1" falsecount="0"/>
        <line num="152" count="3" type="stmt"/>
        <line num="153" count="3" type="stmt"/>
        <line num="154" count="3" type="stmt"/>
        <line num="162" count="4" type="stmt"/>
        <line num="163" count="0" type="stmt"/>
        <line num="165" count="0" type="cond" truecount="0" falsecount="2"/>
        <line num="167" count="0" type="cond" truecount="0" falsecount="3"/>
        <line num="168" count="0" type="stmt"/>
        <line num="169" count="0" type="cond" truecount="0" falsecount="1"/>
        <line num="170" count="0" type="stmt"/>
        <line num="171" count="0" type="stmt"/>
        <line num="172" count="0" type="stmt"/>
        <line num="173" count="0" type="stmt"/>
        <line num="174" count="0" type="cond" truecount="0" falsecount="1"/>
        <line num="175" count="0" type="stmt"/>
        <line num="179" count="0" type="stmt"/>
        <line num="182" count="4" type="stmt"/>
        <line num="184" count="0" type="cond" truecount="0" falsecount="1"/>
        <line num="185" count="0" type="stmt"/>
        <line num="187" count="0" type="cond" truecount="0" falsecount="1"/>
        <line num="189" count="0" type="stmt"/>
        <line num="191" count="0" type="stmt"/>
        <line num="192" count="0" type="stmt"/>
        <line num="193" count="0" type="stmt"/>
        <line num="195" count="0" type="stmt"/>
        <line num="196" count="0" type="stmt"/>
        <line num="197" count="0" type="stmt"/>
        <line num="199" count="0" type="stmt"/>
        <line num="200" count="0" type="stmt"/>
        <line num="201" count="0" type="stmt"/>
        <line num="203" count="0" type="cond" truecount="0" falsecount="3"/>
        <line num="205" count="0" type="stmt"/>
        <line num="206" count="0" type="stmt"/>
        <line num="207" count="0" type="stmt"/>
        <line num="208" count="0" type="stmt"/>
        <line num="210" count="0" type="cond" truecount="0" falsecount="2"/>
        <line num="211" count="0" type="stmt"/>
        <line num="212" count="0" type="cond" truecount="0" falsecount="1"/>
        <line num="213" count="0" type="stmt"/>
        <line num="216" count="0" type="cond" truecount="0" falsecount="3"/>
        <line num="217" count="0" type="stmt"/>
        <line num="223" count="4" type="stmt"/>
        <line num="224" count="0" type="stmt"/>
        <line num="227" count="4" type="stmt"/>
        <line num="228" count="0" type="stmt"/>
        <line num="229" count="0" type="stmt"/>
        <line num="231" count="0" type="cond" truecount="0" falsecount="3"/>
        <line num="232" count="0" type="stmt"/>
        <line num="233" count="0" type="cond" truecount="0" falsecount="1"/>
        <line num="234" count="0" type="stmt"/>
        <line num="235" count="0" type="stmt"/>
        <line num="236" count="0" type="stmt"/>
        <line num="237" count="0" type="stmt"/>
        <line num="238" count="0" type="cond" truecount="0" falsecount="3"/>
        <line num="239" count="0" type="stmt"/>
        <line num="243" count="0" type="stmt"/>
        <line num="246" count="4" type="stmt"/>
        <line num="247" count="16" type="stmt"/>
        <line num="249" count="4" type="cond" truecount="1" falsecount="1"/>
        <line num="253" count="4" type="cond" truecount="1" falsecount="1"/>
        <line num="254" count="4" type="cond" truecount="1" falsecount="1"/>
        <line num="256" count="4" type="cond" truecount="2" falsecount="3"/>
        <line num="258" count="4" type="stmt"/>
        <line num="310" count="8" type="stmt"/>
        <line num="312" count="8" type="stmt"/>
        <line num="319" count="1" type="stmt"/>
        <line num="338" count="8" type="stmt"/>
        <line num="340" count="8" type="stmt"/>
        <line num="347" count="0" type="stmt"/>
        <line num="367" count="0" type="stmt"/>
        <line num="386" count="0" type="stmt"/>
        <line num="406" count="0" type="stmt"/>
        <line num="466" count="0" type="stmt"/>
        <line num="476" count="0" type="stmt"/>
        <line num="477" count="0" type="cond" truecount="0" falsecount="2"/>
        <line num="510" count="0" type="stmt"/>
        <line num="520" count="0" type="stmt"/>
        <line num="521" count="0" type="cond" truecount="0" falsecount="2"/>
        <line num="596" count="3" type="stmt"/>
      </file>
      <file name="HomeHeader.tsx" path="/Users/sevdepekkose/Desktop/bounswe2026group11/mobile/src/components/home/HomeHeader.tsx">
        <metrics statements="11" coveredstatements="11" conditionals="9" coveredconditionals="9" methods="3" coveredmethods="3"/>
        <line num="1" count="1" type="stmt"/>
        <line num="2" count="1" type="stmt"/>
        <line num="3" count="1" type="stmt"/>
        <line num="4" count="1" type="stmt"/>
        <line num="5" count="1" type="stmt"/>
        <line num="16" count="1" type="stmt"/>
        <line num="25" count="9" type="stmt"/>
        <line num="26" count="9" type="stmt"/>
        <line num="28" count="9" type="stmt"/>
        <line num="70" count="8" type="stmt"/>
        <line num="114" count="1" type="stmt"/>
      </file>
      <file name="LocationPickerPanel.tsx" path="/Users/sevdepekkose/Desktop/bounswe2026group11/mobile/src/components/home/LocationPickerPanel.tsx">
        <metrics statements="27" coveredstatements="22" conditionals="41" coveredconditionals="27" methods="10" coveredmethods="7"/>
        <line num="1" count="1" type="stmt"/>
        <line num="2" count="1" type="stmt"/>
        <line num="13" count="1" type="stmt"/>
        <line num="14" count="1" type="stmt"/>
        <line num="16" count="1" type="stmt"/>
        <line num="17" count="1" type="stmt"/>
        <line num="56" count="7" type="cond" truecount="2" falsecount="1"/>
        <line num="57" count="7" type="stmt"/>
        <line num="60" count="0" type="stmt"/>
        <line num="87" count="6" type="stmt"/>
        <line num="114" count="1" type="stmt"/>
        <line num="133" count="5" type="stmt"/>
        <line num="134" count="5" type="stmt"/>
        <line num="135" count="5" type="stmt"/>
        <line num="137" count="5" type="stmt"/>
        <line num="138" count="5" type="stmt"/>
        <line num="140" count="5" type="cond" truecount="2" falsecount="0"/>
        <line num="144" count="5" type="stmt"/>
        <line num="146" count="5" type="stmt"/>
        <line num="211" count="1" type="stmt"/>
        <line num="213" count="1" type="stmt"/>
        <line num="217" count="0" type="stmt"/>
        <line num="249" count="0" type="cond" truecount="0" falsecount="1"/>
        <line num="250" count="0" type="stmt"/>
        <line num="292" count="2" type="stmt"/>
        <line num="301" count="0" type="stmt"/>
        <line num="332" count="5" type="stmt"/>
      </file>
    </package>
    <package name="src.components.profile">
      <metrics statements="32" coveredstatements="24" conditionals="9" coveredconditionals="4" methods="4" coveredmethods="4"/>
      <file name="ProfileEventCard.tsx" path="/Users/sevdepekkose/Desktop/bounswe2026group11/mobile/src/components/profile/ProfileEventCard.tsx">
        <metrics statements="32" coveredstatements="24" conditionals="9" coveredconditionals="4" methods="4" coveredmethods="4"/>
        <line num="1" count="1" type="stmt"/>
        <line num="2" count="1" type="stmt"/>
        <line num="3" count="1" type="stmt"/>
        <line num="10" count="1" type="stmt"/>
        <line num="11" count="1" type="stmt"/>
        <line num="12" count="1" type="stmt"/>
        <line num="16" count="1" type="stmt"/>
        <line num="17" count="1" type="stmt"/>
        <line num="18" count="1" type="stmt"/>
        <line num="33" count="1" type="stmt"/>
        <line num="36" count="1" type="stmt"/>
        <line num="46" count="1" type="stmt"/>
        <line num="47" count="1" type="stmt"/>
        <line num="48" count="1" type="stmt"/>
        <line num="50" count="1" type="stmt"/>
        <line num="51" count="1" type="stmt"/>
        <line num="56" count="1" type="stmt"/>
        <line num="57" count="1" type="stmt"/>
        <line num="58" count="1" type="stmt"/>
        <line num="59" count="1" type="stmt"/>
        <line num="61" count="1" type="cond" truecount="1" falsecount="1"/>
        <line num="62" count="0" type="stmt"/>
        <line num="63" count="0" type="stmt"/>
        <line num="64" count="0" type="stmt"/>
        <line num="65" count="0" type="stmt"/>
        <line num="66" count="1" type="cond" truecount="0" falsecount="1"/>
        <line num="67" count="0" type="stmt"/>
        <line num="68" count="0" type="stmt"/>
        <line num="69" count="0" type="stmt"/>
        <line num="70" count="0" type="stmt"/>
        <line num="73" count="1" type="stmt"/>
        <line num="173" count="1" type="stmt"/>
      </file>
    </package>
    <package name="src.config">
      <metrics statements="11" coveredstatements="9" conditionals="4" coveredconditionals="1" methods="1" coveredmethods="1"/>
      <file name="apiBaseUrl.ts" path="/Users/sevdepekkose/Desktop/bounswe2026group11/mobile/src/config/apiBaseUrl.ts">
        <metrics statements="11" coveredstatements="9" conditionals="4" coveredconditionals="1" methods="1" coveredmethods="1"/>
        <line num="1" count="75" type="stmt"/>
        <line num="3" count="75" type="stmt"/>
        <line num="19" count="75" type="stmt"/>
        <line num="20" count="75" type="stmt"/>
        <line num="21" count="75" type="cond" truecount="0" falsecount="1"/>
        <line num="22" count="0" type="stmt"/>
        <line num="25" count="75" type="cond" truecount="0" falsecount="1"/>
        <line num="26" count="0" type="stmt"/>
        <line num="30" count="75" type="cond" truecount="1" falsecount="1"/>
        <line num="34" count="75" type="stmt"/>
        <line num="38" count="75" type="stmt"/>
      </file>
    </package>
    <package name="src.contexts">
      <metrics statements="80" coveredstatements="17" conditionals="18" coveredconditionals="0" methods="17" coveredmethods="1"/>
      <file name="AuthContext.tsx" path="/Users/sevdepekkose/Desktop/bounswe2026group11/mobile/src/contexts/AuthContext.tsx">
        <metrics statements="41" coveredstatements="6" conditionals="13" coveredconditionals="0" methods="9" coveredmethods="0"/>
        <line num="1" count="4" type="stmt"/>
        <line num="9" count="4" type="stmt"/>
        <line num="11" count="4" type="stmt"/>
        <line num="31" count="4" type="stmt"/>
        <line num="33" count="4" type="stmt"/>
        <line num="34" count="0" type="stmt"/>
        <line num="35" count="0" type="stmt"/>
        <line num="36" count="0" type="stmt"/>
        <line num="37" count="0" type="stmt"/>
        <line num="38" count="0" type="stmt"/>
        <line num="40" count="0" type="stmt"/>
        <line num="41" count="0" type="cond" truecount="0" falsecount="2"/>
        <line num="42" count="0" type="cond" truecount="0" falsecount="2"/>
        <line num="43" count="0" type="cond" truecount="0" falsecount="2"/>
        <line num="46" count="0" type="stmt"/>
        <line num="47" count="0" type="stmt"/>
        <line num="49" count="0" type="stmt"/>
        <line num="50" count="0" type="cond" truecount="0" falsecount="1"/>
        <line num="52" count="0" type="stmt"/>
        <line num="53" count="0" type="stmt"/>
        <line num="54" count="0" type="stmt"/>
        <line num="56" count="0" type="cond" truecount="0" falsecount="4"/>
        <line num="57" count="0" type="stmt"/>
        <line num="61" count="0" type="stmt"/>
        <line num="62" count="0" type="stmt"/>
        <line num="63" count="0" type="cond" truecount="0" falsecount="1"/>
        <line num="64" count="0" type="stmt"/>
        <line num="65" count="0" type="stmt"/>
        <line num="66" count="0" type="stmt"/>
        <line num="69" count="0" type="stmt"/>
        <line num="70" count="0" type="stmt"/>
        <line num="71" count="0" type="stmt"/>
        <line num="75" count="0" type="stmt"/>
        <line num="77" count="0" type="stmt"/>
        <line num="86" count="0" type="stmt"/>
        <line num="87" count="0" type="stmt"/>
        <line num="90" count="0" type="stmt"/>
        <line num="99" count="4" type="stmt"/>
        <line num="100" count="0" type="stmt"/>
        <line num="101" count="0" type="cond" truecount="0" falsecount="1"/>
        <line num="102" count="0" type="stmt"/>
      </file>
      <file name="LocaleContext.tsx" path="/Users/sevdepekkose/Desktop/bounswe2026group11/mobile/src/contexts/LocaleContext.tsx">
        <metrics statements="39" coveredstatements="11" conditionals="5" coveredconditionals="0" methods="8" coveredmethods="1"/>
        <line num="1" count="76" type="stmt"/>
        <line num="2" count="76" type="stmt"/>
        <line num="3" count="76" type="stmt"/>
        <line num="4" count="76" type="stmt"/>
        <line num="6" count="76" type="stmt"/>
        <line num="14" count="76" type="stmt"/>
        <line num="20" count="76" type="stmt"/>
        <line num="22" count="76" type="stmt"/>
        <line num="23" count="32" type="stmt"/>
        <line num="26" count="76" type="stmt"/>
        <line num="27" count="0" type="stmt"/>
        <line num="28" count="0" type="stmt"/>
        <line num="31" count="0" type="stmt"/>
        <line num="32" count="0" type="stmt"/>
        <line num="33" count="0" type="stmt"/>
        <line num="34" count="0" type="stmt"/>
        <line num="35" count="0" type="stmt"/>
        <line num="36" count="0" type="cond" truecount="0" falsecount="2"/>
        <line num="39" count="0" type="cond" truecount="0" falsecount="1"/>
        <line num="40" count="0" type="stmt"/>
        <line num="41" count="0" type="stmt"/>
        <line num="42" count="0" type="stmt"/>
        <line num="44" count="0" type="cond" truecount="0" falsecount="1"/>
        <line num="47" count="0" type="stmt"/>
        <line num="48" count="0" type="stmt"/>
        <line num="52" count="0" type="stmt"/>
        <line num="53" count="0" type="stmt"/>
        <line num="54" count="0" type="stmt"/>
        <line num="55" count="0" type="stmt"/>
        <line num="56" count="0" type="stmt"/>
        <line num="57" count="0" type="stmt"/>
        <line num="63" count="0" type="stmt"/>
        <line num="64" count="0" type="stmt"/>
        <line num="68" count="0" type="stmt"/>
        <line num="71" count="76" type="stmt"/>
        <line num="72" count="0" type="stmt"/>
        <line num="73" count="0" type="cond" truecount="0" falsecount="1"/>
        <line num="74" count="0" type="stmt"/>
        <line num="76" count="0" type="stmt"/>
      </file>
    </package>
    <package name="src.firebase">
      <metrics statements="98" coveredstatements="86" conditionals="52" coveredconditionals="39" methods="27" coveredmethods="19"/>
      <file name="pushNotificationPayload.ts" path="/Users/sevdepekkose/Desktop/bounswe2026group11/mobile/src/firebase/pushNotificationPayload.ts">
        <metrics statements="10" coveredstatements="10" conditionals="6" coveredconditionals="3" methods="5" coveredmethods="5"/>
        <line num="20" count="3" type="cond" truecount="0" falsecount="1"/>
        <line num="22" count="3" type="stmt"/>
        <line num="23" count="7" type="cond" truecount="0" falsecount="1"/>
        <line num="24" count="7" type="stmt"/>
        <line num="25" count="7" type="stmt"/>
        <line num="30" count="23" type="stmt"/>
        <line num="31" count="15" type="cond" truecount="2" falsecount="0"/>
        <line num="34" count="2" type="stmt"/>
        <line num="37" count="3" type="stmt"/>
        <line num="39" count="3" type="stmt"/>
      </file>
      <file name="usePushMessaging.ts" path="/Users/sevdepekkose/Desktop/bounswe2026group11/mobile/src/firebase/usePushMessaging.ts">
        <metrics statements="88" coveredstatements="76" conditionals="46" coveredconditionals="36" methods="22" coveredmethods="14"/>
        <line num="1" count="1" type="stmt"/>
        <line num="2" count="1" type="stmt"/>
        <line num="3" count="1" type="stmt"/>
        <line num="14" count="1" type="stmt"/>
        <line num="15" count="1" type="stmt"/>
        <line num="19" count="1" type="stmt"/>
        <line num="25" count="5" type="cond" truecount="2" falsecount="1"/>
        <line num="26" count="5" type="stmt"/>
        <line num="28" count="0" type="stmt"/>
        <line num="31" count="0" type="stmt"/>
        <line num="44" count="1" type="stmt"/>
        <line num="45" count="9" type="cond" truecount="2" falsecount="0"/>
        <line num="46" count="9" type="stmt"/>
        <line num="47" count="9" type="stmt"/>
        <line num="48" count="9" type="stmt"/>
        <line num="49" count="9" type="cond" truecount="2" falsecount="0"/>
        <line num="50" count="9" type="stmt"/>
        <line num="53" count="9" type="stmt"/>
        <line num="54" count="9" type="stmt"/>
        <line num="56" count="9" type="stmt"/>
        <line num="57" count="6" type="stmt"/>
        <line num="60" count="9" type="stmt"/>
        <line num="61" count="6" type="stmt"/>
        <line num="64" count="9" type="stmt"/>
        <line num="65" count="6" type="stmt"/>
        <line num="68" count="9" type="stmt"/>
        <line num="69" count="8" type="cond" truecount="2" falsecount="0"/>
        <line num="72" count="9" type="stmt"/>
        <line num="73" count="4" type="stmt"/>
        <line num="74" count="4" type="cond" truecount="1" falsecount="1"/>
        <line num="75" count="4" type="stmt"/>
        <line num="76" count="4" type="cond" truecount="0" falsecount="1"/>
        <line num="77" count="0" type="stmt"/>
        <line num="79" count="4" type="stmt"/>
        <line num="88" count="4" type="stmt"/>
        <line num="91" count="9" type="stmt"/>
        <line num="92" count="7" type="cond" truecount="1" falsecount="0"/>
        <line num="96" count="2" type="stmt"/>
        <line num="99" count="5" type="stmt"/>
        <line num="100" count="5" type="stmt"/>
        <line num="102" count="5" type="stmt"/>
        <line num="103" count="5" type="stmt"/>
        <line num="105" count="5" type="stmt"/>
        <line num="106" count="5" type="cond" truecount="2" falsecount="1"/>
        <line num="107" count="0" type="stmt"/>
        <line num="110" count="5" type="stmt"/>
        <line num="112" count="5" type="cond" truecount="1" falsecount="2"/>
        <line num="116" count="5" type="cond" truecount="2" falsecount="1"/>
        <line num="117" count="0" type="stmt"/>
        <line num="120" count="5" type="cond" truecount="1" falsecount="0"/>
        <line num="121" count="5" type="stmt"/>
        <line num="124" count="5" type="stmt"/>
        <line num="125" count="5" type="stmt"/>
        <line num="126" count="5" type="cond" truecount="0" falsecount="1"/>
        <line num="127" count="5" type="stmt"/>
        <line num="128" count="5" type="stmt"/>
        <line num="129" count="5" type="stmt"/>
        <line num="130" count="5" type="cond" truecount="1" falsecount="0"/>
        <line num="131" count="3" type="stmt"/>
        <line num="135" count="5" type="stmt"/>
        <line num="137" count="5" type="stmt"/>
        <line num="139" count="0" type="stmt"/>
        <line num="143" count="5" type="stmt"/>
        <line num="145" count="0" type="stmt"/>
        <line num="146" count="0" type="stmt"/>
        <line num="148" count="0" type="cond" truecount="0" falsecount="1"/>
        <line num="149" count="0" type="stmt"/>
        <line num="153" count="0" type="stmt"/>
        <line num="160" count="5" type="stmt"/>
        <line num="162" count="0" type="stmt"/>
        <line num="168" count="5" type="stmt"/>
        <line num="169" count="5" type="cond" truecount="3" falsecount="0"/>
        <line num="170" count="1" type="stmt"/>
        <line num="176" count="5" type="stmt"/>
        <line num="177" count="5" type="stmt"/>
        <line num="178" count="15" type="stmt"/>
        <line num="182" count="9" type="stmt"/>
        <line num="183" count="9" type="cond" truecount="2" falsecount="0"/>
        <line num="186" count="9" type="stmt"/>
        <line num="187" count="9" type="stmt"/>
        <line num="189" count="9" type="cond" truecount="3" falsecount="0"/>
        <line num="190" count="1" type="stmt"/>
        <line num="194" count="1" type="stmt"/>
        <line num="197" count="8" type="cond" truecount="3" falsecount="0"/>
        <line num="198" count="2" type="stmt"/>
        <line num="199" count="2" type="stmt"/>
        <line num="200" count="2" type="stmt"/>
        <line num="201" count="2" type="stmt"/>
      </file>
    </package>
    <package name="src.i18n">
      <metrics statements="14" coveredstatements="9" conditionals="4" coveredconditionals="0" methods="2" coveredmethods="0"/>
      <file name="index.ts" path="/Users/sevdepekkose/Desktop/bounswe2026group11/mobile/src/i18n/index.ts">
        <metrics statements="14" coveredstatements="9" conditionals="4" coveredconditionals="0" methods="2" coveredmethods="0"/>
        <line num="1" count="119" type="stmt"/>
        <line num="2" count="119" type="stmt"/>
        <line num="3" count="119" type="stmt"/>
        <line num="4" count="119" type="stmt"/>
        <line num="6" count="119" type="stmt"/>
        <line num="9" count="119" type="stmt"/>
        <line num="10" count="0" type="cond" truecount="0" falsecount="2"/>
        <line num="17" count="119" type="stmt"/>
        <line num="18" count="0" type="cond" truecount="0" falsecount="1"/>
        <line num="19" count="0" type="stmt"/>
        <line num="20" count="0" type="cond" truecount="0" falsecount="1"/>
        <line num="21" count="0" type="stmt"/>
        <line num="24" count="119" type="stmt"/>
        <line num="37" count="119" type="stmt"/>
      </file>
    </package>
    <package name="src.models">
      <metrics statements="8" coveredstatements="8" conditionals="2" coveredconditionals="2" methods="1" coveredmethods="1"/>
      <file name="event.ts" path="/Users/sevdepekkose/Desktop/bounswe2026group11/mobile/src/models/event.ts">
        <metrics statements="8" coveredstatements="8" conditionals="2" coveredconditionals="2" methods="1" coveredmethods="1"/>
        <line num="445" count="2" type="cond" truecount="2" falsecount="0"/>
        <line num="446" count="2" type="stmt"/>
        <line num="447" count="2" type="stmt"/>
        <line num="448" count="2" type="stmt"/>
        <line num="449" count="2" type="stmt"/>
        <line num="450" count="2" type="stmt"/>
        <line num="451" count="2" type="stmt"/>
        <line num="452" count="2" type="stmt"/>
      </file>
    </package>
    <package name="src.services">
      <metrics statements="622" coveredstatements="377" conditionals="216" coveredconditionals="128" methods="182" coveredmethods="70"/>
      <file name="api.ts" path="/Users/sevdepekkose/Desktop/bounswe2026group11/mobile/src/services/api.ts">
        <metrics statements="46" coveredstatements="41" conditionals="13" coveredconditionals="12" methods="10" coveredmethods="7"/>
        <line num="1" count="72" type="stmt"/>
        <line num="3" count="72" type="stmt"/>
        <line num="7" count="72" type="stmt"/>
        <line num="8" count="72" type="stmt"/>
        <line num="13" count="72" type="stmt"/>
        <line num="15" count="72" type="stmt"/>
        <line num="22" count="42" type="stmt"/>
        <line num="23" count="42" type="stmt"/>
        <line num="24" count="42" type="stmt"/>
        <line num="25" count="42" type="stmt"/>
        <line num="26" count="42" type="stmt"/>
        <line num="27" count="42" type="stmt"/>
        <line num="32" count="5" type="stmt"/>
        <line num="33" count="5" type="stmt"/>
        <line num="35" count="0" type="stmt"/>
        <line num="50" count="27" type="cond" truecount="2" falsecount="0"/>
        <line num="54" count="27" type="stmt"/>
        <line num="60" count="27" type="cond" truecount="1" falsecount="0"/>
        <line num="61" count="20" type="stmt"/>
        <line num="62" count="20" type="stmt"/>
        <line num="65" count="27" type="cond" truecount="1" falsecount="0"/>
        <line num="66" count="24" type="stmt"/>
        <line num="69" count="27" type="stmt"/>
        <line num="74" count="27" type="cond" truecount="1" falsecount="0"/>
        <line num="80" count="3" type="stmt"/>
        <line num="81" count="2" type="stmt"/>
        <line num="88" count="24" type="cond" truecount="1" falsecount="0"/>
        <line num="89" count="5" type="stmt"/>
        <line num="90" count="5" type="stmt"/>
        <line num="93" count="19" type="cond" truecount="0" falsecount="1"/>
        <line num="94" count="0" type="stmt"/>
        <line num="97" count="19" type="stmt"/>
        <line num="100" count="72" type="stmt"/>
        <line num="101" count="0" type="stmt"/>
        <line num="107" count="72" type="stmt"/>
        <line num="108" count="3" type="stmt"/>
        <line num="113" count="72" type="stmt"/>
        <line num="114" count="15" type="stmt"/>
        <line num="123" count="72" type="stmt"/>
        <line num="124" count="6" type="stmt"/>
        <line num="134" count="72" type="stmt"/>
        <line num="135" count="0" type="stmt"/>
        <line num="144" count="72" type="stmt"/>
        <line num="145" count="1" type="stmt"/>
        <line num="155" count="72" type="stmt"/>
        <line num="156" count="0" type="stmt"/>
      </file>
      <file name="authService.ts" path="/Users/sevdepekkose/Desktop/bounswe2026group11/mobile/src/services/authService.ts">
        <metrics statements="19" coveredstatements="10" conditionals="0" coveredconditionals="0" methods="9" coveredmethods="0"/>
        <line num="1" count="4" type="stmt"/>
        <line num="19" count="4" type="stmt"/>
        <line num="22" count="0" type="stmt"/>
        <line num="28" count="4" type="stmt"/>
        <line num="31" count="0" type="stmt"/>
        <line num="37" count="4" type="stmt"/>
        <line num="40" count="0" type="stmt"/>
        <line num="43" count="4" type="stmt"/>
        <line num="44" count="0" type="stmt"/>
        <line num="47" count="4" type="stmt"/>
        <line num="48" count="0" type="stmt"/>
        <line num="51" count="4" type="stmt"/>
        <line num="54" count="0" type="stmt"/>
        <line num="57" count="4" type="stmt"/>
        <line num="60" count="0" type="stmt"/>
        <line num="66" count="4" type="stmt"/>
        <line num="69" count="0" type="stmt"/>
        <line num="75" count="4" type="stmt"/>
        <line num="78" count="0" type="stmt"/>
      </file>
      <file name="commentService.ts" path="/Users/sevdepekkose/Desktop/bounswe2026group11/mobile/src/services/commentService.ts">
        <metrics statements="28" coveredstatements="28" conditionals="14" coveredconditionals="13" methods="6" coveredmethods="6"/>
        <line num="1" count="2" type="stmt"/>
        <line num="13" count="4" type="stmt"/>
        <line num="14" count="4" type="cond" truecount="1" falsecount="0"/>
        <line num="15" count="4" type="cond" truecount="1" falsecount="0"/>
        <line num="16" count="4" type="cond" truecount="1" falsecount="0"/>
        <line num="17" count="4" type="cond" truecount="0" falsecount="1"/>
        <line num="18" count="4" type="stmt"/>
        <line num="19" count="4" type="cond" truecount="2" falsecount="0"/>
        <line num="23" count="2" type="stmt"/>
        <line num="24" count="2" type="cond" truecount="1" falsecount="0"/>
        <line num="25" count="2" type="cond" truecount="1" falsecount="0"/>
        <line num="26" count="2" type="stmt"/>
        <line num="27" count="2" type="stmt"/>
        <line num="28" count="2" type="cond" truecount="2" falsecount="0"/>
        <line num="31" count="2" type="stmt"/>
        <line num="36" count="4" type="stmt"/>
        <line num="37" count="4" type="cond" truecount="1" falsecount="0"/>
        <line num="38" count="2" type="stmt"/>
        <line num="40" count="2" type="stmt"/>
        <line num="43" count="2" type="stmt"/>
        <line num="49" count="2" type="stmt"/>
        <line num="50" count="2" type="cond" truecount="1" falsecount="0"/>
        <line num="51" count="1" type="stmt"/>
        <line num="53" count="1" type="stmt"/>
        <line num="56" count="2" type="stmt"/>
        <line num="61" count="3" type="stmt"/>
        <line num="64" count="2" type="stmt"/>
        <line num="69" count="2" type="stmt"/>
      </file>
      <file name="deviceInstallation.ts" path="/Users/sevdepekkose/Desktop/bounswe2026group11/mobile/src/services/deviceInstallation.ts">
        <metrics statements="16" coveredstatements="12" conditionals="4" coveredconditionals="2" methods="3" coveredmethods="2"/>
        <line num="1" count="3" type="stmt"/>
        <line num="3" count="3" type="stmt"/>
        <line num="6" count="1" type="stmt"/>
        <line num="7" count="1" type="cond" truecount="1" falsecount="0"/>
        <line num="8" count="1" type="stmt"/>
        <line num="11" count="0" type="stmt"/>
        <line num="12" count="0" type="stmt"/>
        <line num="13" count="0" type="cond" truecount="0" falsecount="2"/>
        <line num="14" count="0" type="stmt"/>
        <line num="18" count="3" type="stmt"/>
        <line num="19" count="2" type="stmt"/>
        <line num="20" count="2" type="cond" truecount="1" falsecount="0"/>
        <line num="21" count="1" type="stmt"/>
        <line num="24" count="1" type="stmt"/>
        <line num="25" count="1" type="stmt"/>
        <line num="26" count="1" type="stmt"/>
      </file>
      <file name="deviceLocationService.ts" path="/Users/sevdepekkose/Desktop/bounswe2026group11/mobile/src/services/deviceLocationService.ts">
        <metrics statements="20" coveredstatements="3" conditionals="9" coveredconditionals="0" methods="5" coveredmethods="0"/>
        <line num="1" count="2" type="stmt"/>
        <line num="4" count="2" type="stmt"/>
        <line num="9" count="0" type="cond" truecount="0" falsecount="1"/>
        <line num="10" count="0" type="stmt"/>
        <line num="13" count="0" type="cond" truecount="0" falsecount="1"/>
        <line num="14" count="0" type="stmt"/>
        <line num="17" count="0" type="stmt"/>
        <line num="26" count="0" type="stmt"/>
        <line num="28" count="0" type="stmt"/>
        <line num="30" count="0" type="stmt"/>
        <line num="33" count="0" type="cond" truecount="0" falsecount="2"/>
        <line num="36" count="2" type="stmt"/>
        <line num="37" count="0" type="stmt"/>
        <line num="38" count="0" type="stmt"/>
        <line num="40" count="0" type="cond" truecount="0" falsecount="1"/>
        <line num="41" count="0" type="stmt"/>
        <line num="44" count="0" type="stmt"/>
        <line num="48" count="0" type="stmt"/>
        <line num="53" count="0" type="stmt"/>
        <line num="59" count="0" type="stmt"/>
      </file>
      <file name="eventService.ts" path="/Users/sevdepekkose/Desktop/bounswe2026group11/mobile/src/services/eventService.ts">
        <metrics statements="191" coveredstatements="130" conditionals="113" coveredconditionals="79" methods="56" coveredmethods="26"/>
        <line num="1" count="16" type="stmt"/>
        <line num="2" count="16" type="stmt"/>
        <line num="37" count="16" type="stmt"/>
        <line num="56" count="8" type="stmt"/>
        <line num="64" count="8" type="stmt"/>
        <line num="65" count="8" type="stmt"/>
        <line num="66" count="8" type="stmt"/>
        <line num="67" count="40" type="cond" truecount="2" falsecount="0"/>
        <line num="68" count="40" type="cond" truecount="1" falsecount="0"/>
        <line num="69" count="18" type="stmt"/>
        <line num="70" count="18" type="cond" truecount="1" falsecount="0"/>
        <line num="71" count="16" type="stmt"/>
        <line num="72" count="16" type="stmt"/>
        <line num="74" count="8" type="stmt"/>
        <line num="95" count="16" type="stmt"/>
        <line num="99" count="0" type="stmt"/>
        <line num="102" count="16" type="stmt"/>
        <line num="107" count="1" type="stmt"/>
        <line num="110" count="16" type="stmt"/>
        <line num="114" count="0" type="stmt"/>
        <line num="118" count="0" type="stmt"/>
        <line num="119" count="0" type="cond" truecount="0" falsecount="1"/>
        <line num="120" count="0" type="cond" truecount="0" falsecount="1"/>
        <line num="121" count="0" type="stmt"/>
        <line num="122" count="0" type="cond" truecount="0" falsecount="2"/>
        <line num="125" count="16" type="stmt"/>
        <line num="129" count="0" type="stmt"/>
        <line num="132" count="16" type="stmt"/>
        <line num="137" count="0" type="stmt"/>
        <line num="143" count="16" type="stmt"/>
        <line num="148" count="0" type="stmt"/>
        <line num="154" count="16" type="stmt"/>
        <line num="159" count="0" type="stmt"/>
        <line num="165" count="16" type="stmt"/>
        <line num="171" count="0" type="stmt"/>
        <line num="174" count="16" type="stmt"/>
        <line num="178" count="0" type="stmt"/>
        <line num="181" count="16" type="stmt"/>
        <line num="186" count="0" type="stmt"/>
        <line num="189" count="16" type="stmt"/>
        <line num="193" count="0" type="stmt"/>
        <line num="196" count="16" type="stmt"/>
        <line num="201" count="0" type="stmt"/>
        <line num="208" count="16" type="stmt"/>
        <line num="213" count="0" type="stmt"/>
        <line num="220" count="16" type="stmt"/>
        <line num="224" count="0" type="stmt"/>
        <line num="227" count="16" type="stmt"/>
        <line num="231" count="1" type="stmt"/>
        <line num="238" count="16" type="stmt"/>
        <line num="242" count="0" type="stmt"/>
        <line num="245" count="16" type="stmt"/>
        <line num="250" count="0" type="stmt"/>
        <line num="253" count="16" type="stmt"/>
        <line num="259" count="0" type="stmt"/>
        <line num="266" count="16" type="stmt"/>
        <line num="269" count="13" type="cond" truecount="1" falsecount="0"/>
        <line num="271" count="11" type="stmt"/>
        <line num="278" count="11" type="stmt"/>
        <line num="279" count="11" type="stmt"/>
        <line num="281" count="1" type="stmt"/>
        <line num="284" count="10" type="cond" truecount="1" falsecount="0"/>
        <line num="286" count="9" type="stmt"/>
        <line num="287" count="9" type="cond" truecount="3" falsecount="0"/>
        <line num="289" count="7" type="stmt"/>
        <line num="291" count="9" type="stmt"/>
        <line num="292" count="9" type="cond" truecount="3" falsecount="0"/>
        <line num="293" count="7" type="stmt"/>
        <line num="294" count="7" type="cond" truecount="3" falsecount="0"/>
        <line num="296" count="6" type="cond" truecount="1" falsecount="1"/>
        <line num="297" count="6" type="cond" truecount="1" falsecount="0"/>
        <line num="299" count="5" type="stmt"/>
        <line num="305" count="9" type="stmt"/>
        <line num="308" count="16" type="stmt"/>
        <line num="312" count="9" type="cond" truecount="3" falsecount="0"/>
        <line num="314" count="7" type="stmt"/>
        <line num="321" count="7" type="stmt"/>
        <line num="322" count="7" type="stmt"/>
        <line num="324" count="1" type="stmt"/>
        <line num="327" count="6" type="cond" truecount="1" falsecount="0"/>
        <line num="329" count="5" type="stmt"/>
        <line num="330" count="5" type="cond" truecount="4" falsecount="0"/>
        <line num="332" count="2" type="stmt"/>
        <line num="333" count="2" type="stmt"/>
        <line num="336" count="2" type="cond" truecount="3" falsecount="1"/>
        <line num="337" count="2" type="cond" truecount="3" falsecount="1"/>
        <line num="338" count="2" type="cond" truecount="1" falsecount="1"/>
        <line num="339" count="2" type="cond" truecount="1" falsecount="0"/>
        <line num="341" count="1" type="stmt"/>
        <line num="348" count="16" type="stmt"/>
        <line num="365" count="16" type="stmt"/>
        <line num="368" count="13" type="cond" truecount="1" falsecount="0"/>
        <line num="369" count="23" type="cond" truecount="3" falsecount="0"/>
        <line num="370" count="1" type="stmt"/>
        <line num="373" count="21" type="stmt"/>
        <line num="375" count="10" type="stmt"/>
        <line num="379" count="10" type="stmt"/>
        <line num="380" count="10" type="stmt"/>
        <line num="382" count="2" type="stmt"/>
        <line num="384" count="8" type="cond" truecount="1" falsecount="0"/>
        <line num="386" count="7" type="stmt"/>
        <line num="387" count="7" type="cond" truecount="3" falsecount="0"/>
        <line num="388" count="5" type="stmt"/>
        <line num="389" count="5" type="cond" truecount="3" falsecount="0"/>
        <line num="391" count="3" type="stmt"/>
        <line num="392" count="3" type="stmt"/>
        <line num="393" count="9" type="cond" truecount="2" falsecount="1"/>
        <line num="394" count="9" type="stmt"/>
        <line num="395" count="9" type="cond" truecount="3" falsecount="0"/>
        <line num="396" count="8" type="stmt"/>
        <line num="398" count="3" type="cond" truecount="1" falsecount="1"/>
        <line num="401" count="16" type="stmt"/>
        <line num="402" count="0" type="stmt"/>
        <line num="410" count="0" type="cond" truecount="0" falsecount="3"/>
        <line num="411" count="0" type="stmt"/>
        <line num="414" count="16" type="stmt"/>
        <line num="418" count="0" type="stmt"/>
        <line num="425" count="16" type="stmt"/>
        <line num="429" count="0" type="stmt"/>
        <line num="436" count="16" type="stmt"/>
        <line num="441" count="0" type="stmt"/>
        <line num="448" count="16" type="stmt"/>
        <line num="454" count="3" type="stmt"/>
        <line num="455" count="3" type="cond" truecount="1" falsecount="0"/>
        <line num="460" count="1" type="stmt"/>
        <line num="463" count="2" type="stmt"/>
        <line num="469" count="2" type="cond" truecount="3" falsecount="0"/>
        <line num="470" count="1" type="stmt"/>
        <line num="474" count="16" type="stmt"/>
        <line num="478" count="0" type="stmt"/>
        <line num="480" count="0" type="stmt"/>
        <line num="481" count="0" type="stmt"/>
        <line num="483" count="0" type="cond" truecount="0" falsecount="1"/>
        <line num="484" count="0" type="stmt"/>
        <line num="487" count="0" type="cond" truecount="0" falsecount="1"/>
        <line num="488" count="0" type="stmt"/>
        <line num="492" count="0" type="stmt"/>
        <line num="493" count="0" type="stmt"/>
        <line num="494" count="0" type="stmt"/>
        <line num="497" count="0" type="cond" truecount="0" falsecount="1"/>
        <line num="498" count="0" type="stmt"/>
        <line num="501" count="0" type="cond" truecount="0" falsecount="1"/>
        <line num="502" count="0" type="stmt"/>
        <line num="505" count="0" type="cond" truecount="0" falsecount="1"/>
        <line num="506" count="0" type="stmt"/>
        <line num="509" count="0" type="cond" truecount="0" falsecount="1"/>
[...]
        <metrics statements="51" coveredstatements="42" conditionals="38" coveredconditionals="30" methods="19" coveredmethods="13"/>
        <line num="1" count="1" type="stmt"/>
        <line num="2" count="1" type="stmt"/>
        <line num="10" count="1" type="stmt"/>
        <line num="11" count="1" type="stmt"/>
        <line num="12" count="1" type="stmt"/>
        <line num="14" count="1" type="stmt"/>
        <line num="18" count="1" type="stmt"/>
        <line num="19" count="1" type="stmt"/>
        <line num="20" count="1" type="stmt"/>
        <line num="21" count="1" type="stmt"/>
        <line num="22" count="1" type="stmt"/>
        <line num="33" count="8" type="stmt"/>
        <line num="34" count="8" type="stmt"/>
        <line num="35" count="8" type="stmt"/>
        <line num="36" count="8" type="stmt"/>
        <line num="38" count="8" type="stmt"/>
        <line num="42" count="0" type="stmt"/>
        <line num="67" count="0" type="stmt"/>
        <line num="74" count="1" type="stmt"/>
        <line num="75" count="10" type="stmt"/>
        <line num="76" count="10" type="stmt"/>
        <line num="77" count="10" type="stmt"/>
        <line num="78" count="10" type="stmt"/>
        <line num="79" count="10" type="stmt"/>
        <line num="81" count="10" type="stmt"/>
        <line num="82" count="0" type="cond" truecount="0" falsecount="2"/>
        <line num="83" count="0" type="stmt"/>
        <line num="86" count="10" type="stmt"/>
        <line num="87" count="10" type="cond" truecount="1" falsecount="0"/>
        <line num="88" count="6" type="stmt"/>
        <line num="89" count="6" type="stmt"/>
        <line num="90" count="6" type="stmt"/>
        <line num="91" count="6" type="stmt"/>
        <line num="92" count="6" type="stmt"/>
        <line num="93" count="6" type="stmt"/>
        <line num="94" count="8" type="stmt"/>
        <line num="95" count="8" type="stmt"/>
        <line num="96" count="8" type="cond" truecount="2" falsecount="0"/>
        <line num="97" count="2" type="stmt"/>
        <line num="99" count="12" type="stmt"/>
        <line num="102" count="10" type="stmt"/>
        <line num="106" count="1" type="stmt"/>
        <line num="119" count="0" type="stmt"/>
        <line num="141" count="8" type="stmt"/>
        <line num="142" count="8" type="stmt"/>
        <line num="143" count="0" type="stmt"/>
        <line num="144" count="0" type="stmt"/>
        <line num="145" count="0" type="cond" truecount="0" falsecount="1"/>
        <line num="146" count="0" type="stmt"/>
        <line num="148" count="6" type="stmt"/>
        <line num="174" count="9" type="stmt"/>
      </file>
    </package>
    <package name="src.views.profile">
      <metrics statements="173" coveredstatements="113" conditionals="177" coveredconditionals="88" methods="54" coveredmethods="23"/>
      <file name="ChangePasswordView.tsx" path="/Users/sevdepekkose/Desktop/bounswe2026group11/mobile/src/views/profile/ChangePasswordView.tsx">
        <metrics statements="30" coveredstatements="27" conditionals="21" coveredconditionals="19" methods="11" coveredmethods="8"/>
        <line num="1" count="1" type="stmt"/>
        <line num="2" count="1" type="stmt"/>
        <line num="13" count="1" type="stmt"/>
        <line num="14" count="1" type="stmt"/>
        <line num="15" count="1" type="stmt"/>
        <line num="16" count="1" type="stmt"/>
        <line num="17" count="1" type="stmt"/>
        <line num="18" count="1" type="stmt"/>
        <line num="20" count="1" type="stmt"/>
        <line num="21" count="5" type="stmt"/>
        <line num="22" count="5" type="stmt"/>
        <line num="23" count="5" type="stmt"/>
        <line num="24" count="5" type="stmt"/>
        <line num="25" count="5" type="stmt"/>
        <line num="26" count="5" type="stmt"/>
        <line num="27" count="5" type="stmt"/>
        <line num="29" count="5" type="stmt"/>
        <line num="30" count="1" type="stmt"/>
        <line num="31" count="1" type="cond" truecount="1" falsecount="0"/>
        <line num="32" count="1" type="stmt"/>
        <line num="33" count="1" type="stmt"/>
        <line num="38" count="5" type="stmt"/>
        <line num="45" count="15" type="stmt"/>
        <line num="54" count="2" type="stmt"/>
        <line num="82" count="5" type="stmt"/>
        <line num="96" count="0" type="stmt"/>
        <line num="125" count="2" type="stmt"/>
        <line num="133" count="0" type="stmt"/>
        <line num="142" count="0" type="stmt"/>
        <line num="174" count="3" type="stmt"/>
      </file>
      <file name="EditProfileView.tsx" path="/Users/sevdepekkose/Desktop/bounswe2026group11/mobile/src/views/profile/EditProfileView.tsx">
        <metrics statements="55" coveredstatements="25" conditionals="67" coveredconditionals="24" methods="17" coveredmethods="5"/>
        <line num="1" count="1" type="stmt"/>
        <line num="2" count="1" type="stmt"/>
        <line num="3" count="1" type="stmt"/>
        <line num="14" count="1" type="stmt"/>
        <line num="15" count="1" type="stmt"/>
        <line num="16" count="1" type="stmt"/>
        <line num="18" count="1" type="stmt"/>
        <line num="19" count="1" type="stmt"/>
        <line num="25" count="1" type="stmt"/>
        <line num="28" count="1" type="stmt"/>
        <line num="29" count="2" type="stmt"/>
        <line num="30" count="2" type="stmt"/>
        <line num="31" count="2" type="stmt"/>
        <line num="32" count="2" type="stmt"/>
        <line num="33" count="2" type="stmt"/>
        <line num="35" count="2" type="stmt"/>
        <line num="36" count="0" type="cond" truecount="0" falsecount="3"/>
        <line num="37" count="0" type="stmt"/>
        <line num="38" count="0" type="cond" truecount="0" falsecount="1"/>
        <line num="39" count="0" type="stmt"/>
        <line num="40" count="0" type="stmt"/>
        <line num="41" count="0" type="stmt"/>
        <line num="42" count="0" type="stmt"/>
        <line num="43" count="0" type="cond" truecount="0" falsecount="1"/>
        <line num="44" count="0" type="stmt"/>
        <line num="48" count="0" type="stmt"/>
        <line num="51" count="2" type="stmt"/>
        <line num="53" count="0" type="cond" truecount="0" falsecount="1"/>
        <line num="54" count="0" type="stmt"/>
        <line num="56" count="0" type="cond" truecount="0" falsecount="3"/>
        <line num="58" count="0" type="stmt"/>
        <line num="60" count="0" type="cond" truecount="0" falsecount="3"/>
        <line num="64" count="0" type="stmt"/>
        <line num="65" count="0" type="stmt"/>
        <line num="66" count="0" type="stmt"/>
        <line num="67" count="0" type="stmt"/>
        <line num="69" count="0" type="cond" truecount="0" falsecount="4"/>
        <line num="70" count="0" type="stmt"/>
        <line num="76" count="2" type="stmt"/>
        <line num="77" count="2" type="stmt"/>
        <line num="78" count="2" type="cond" truecount="1" falsecount="0"/>
        <line num="79" count="1" type="stmt"/>
        <line num="83" count="2" type="stmt"/>
        <line num="96" count="0" type="stmt"/>
        <line num="133" count="0" type="stmt"/>
        <line num="156" count="0" type="stmt"/>
        <line num="181" count="0" type="stmt"/>
        <line num="226" count="0" type="stmt"/>
        <line num="229" count="0" type="stmt"/>
        <line num="245" count="4" type="stmt"/>
        <line num="246" count="4" type="stmt"/>
        <line num="254" count="0" type="stmt"/>
        <line num="294" count="0" type="stmt"/>
        <line num="301" count="0" type="stmt"/>
        <line num="354" count="2" type="stmt"/>
      </file>
      <file name="ProfileView.tsx" path="/Users/sevdepekkose/Desktop/bounswe2026group11/mobile/src/views/profile/ProfileView.tsx">
        <metrics statements="88" coveredstatements="61" conditionals="89" coveredconditionals="45" methods="26" coveredmethods="10"/>
        <line num="1" count="1" type="stmt"/>
        <line num="2" count="1" type="stmt"/>
        <line num="18" count="1" type="stmt"/>
        <line num="19" count="1" type="stmt"/>
        <line num="20" count="1" type="stmt"/>
        <line num="21" count="1" type="stmt"/>
        <line num="22" count="1" type="stmt"/>
        <line num="23" count="1" type="stmt"/>
        <line num="24" count="1" type="stmt"/>
        <line num="25" count="1" type="stmt"/>
        <line num="27" count="1" type="stmt"/>
        <line num="28" count="1" type="stmt"/>
        <line num="29" count="1" type="stmt"/>
        <line num="30" count="1" type="stmt"/>
        <line num="31" count="1" type="stmt"/>
        <line num="33" count="1" type="stmt"/>
        <line num="34" count="1" type="stmt"/>
        <line num="35" count="1" type="stmt"/>
        <line num="39" count="1" type="stmt"/>
        <line num="41" count="1" type="stmt"/>
        <line num="42" count="4" type="stmt"/>
        <line num="43" count="4" type="stmt"/>
        <line num="44" count="4" type="stmt"/>
        <line num="45" count="4" type="stmt"/>
        <line num="46" count="4" type="stmt"/>
        <line num="47" count="4" type="stmt"/>
        <line num="48" count="4" type="stmt"/>
        <line num="49" count="4" type="stmt"/>
        <line num="51" count="4" type="stmt"/>
        <line num="52" count="4" type="stmt"/>
        <line num="53" count="4" type="stmt"/>
        <line num="54" count="4" type="stmt"/>
        <line num="56" count="4" type="stmt"/>
        <line num="57" count="0" type="cond" truecount="0" falsecount="2"/>
        <line num="58" count="0" type="stmt"/>
        <line num="61" count="4" type="stmt"/>
        <line num="64" count="0" type="stmt"/>
        <line num="65" count="0" type="stmt"/>
        <line num="69" count="4" type="stmt"/>
        <line num="71" count="0" type="stmt"/>
        <line num="75" count="4" type="stmt"/>
        <line num="76" count="3" type="cond" truecount="1" falsecount="1"/>
        <line num="80" count="4" type="stmt"/>
        <line num="81" count="4" type="cond" truecount="1" falsecount="1"/>
        <line num="87" count="4" type="stmt"/>
        <line num="88" count="4" type="cond" truecount="1" falsecount="1"/>
        <line num="92" count="4" type="cond" truecount="1" falsecount="1"/>
        <line num="93" count="4" type="cond" truecount="1" falsecount="1"/>
        <line num="97" count="4" type="stmt"/>
        <line num="98" count="1" type="stmt"/>
        <line num="99" count="1" type="stmt"/>
        <line num="100" count="1" type="stmt"/>
        <line num="101" count="1" type="stmt"/>
        <line num="104" count="4" type="stmt"/>
        <line num="105" count="0" type="stmt"/>
        <line num="106" count="0" type="stmt"/>
        <line num="107" count="0" type="cond" truecount="0" falsecount="2"/>
        <line num="108" count="0" type="stmt"/>
        <line num="111" count="4" type="stmt"/>
        <line num="112" count="0" type="stmt"/>
        <line num="113" count="0" type="stmt"/>
        <line num="116" count="4" type="stmt"/>
        <line num="117" count="0" type="cond" truecount="0" falsecount="1"/>
        <line num="118" count="0" type="stmt"/>
        <line num="119" count="0" type="cond" truecount="0" falsecount="2"/>
        <line num="120" count="0" type="stmt"/>
        <line num="122" count="0" type="stmt"/>
        <line num="124" count="0" type="stmt"/>
        <line num="127" count="4" type="stmt"/>
        <line num="128" count="4" type="stmt"/>
        <line num="129" count="4" type="stmt"/>
        <line num="131" count="4" type="stmt"/>
        <line num="288" count="0" type="stmt"/>
        <line num="327" count="4" type="stmt"/>
        <line num="332" count="0" type="stmt"/>
        <line num="341" count="1" type="stmt"/>
        <line num="402" count="0" type="stmt"/>
        <line num="417" count="0" type="stmt"/>
        <line num="443" count="0" type="stmt"/>
        <line num="485" count="0" type="cond" truecount="0" falsecount="2"/>
        <line num="518" count="0" type="stmt"/>
        <line num="553" count="0" type="stmt"/>
        <line num="575" count="0" type="stmt"/>
        <line num="601" count="4" type="stmt"/>
        <line num="612" count="4" type="stmt"/>
        <line num="614" count="4" type="stmt"/>
        <line num="621" count="0" type="stmt"/>
        <line num="719" count="3" type="stmt"/>
      </file>
    </package>
    <package name="src.views.ticket">
      <metrics statements="123" coveredstatements="116" conditionals="159" coveredconditionals="111" methods="28" coveredmethods="22"/>
      <file name="EventActionsView.tsx" path="/Users/sevdepekkose/Desktop/bounswe2026group11/mobile/src/views/ticket/EventActionsView.tsx">
        <metrics statements="41" coveredstatements="40" conditionals="37" coveredconditionals="27" methods="11" coveredmethods="10"/>
        <line num="1" count="1" type="stmt"/>
        <line num="2" count="1" type="stmt"/>
        <line num="11" count="1" type="stmt"/>
        <line num="12" count="1" type="stmt"/>
        <line num="13" count="1" type="stmt"/>
        <line num="14" count="1" type="stmt"/>
        <line num="15" count="1" type="stmt"/>
        <line num="16" count="1" type="stmt"/>
        <line num="17" count="1" type="stmt"/>
        <line num="18" count="1" type="stmt"/>
        <line num="19" count="1" type="stmt"/>
        <line num="25" count="1" type="stmt"/>
        <line num="26" count="4" type="stmt"/>
        <line num="27" count="4" type="stmt"/>
        <line num="28" count="4" type="stmt"/>
        <line num="29" count="4" type="stmt"/>
        <line num="31" count="4" type="stmt"/>
        <line num="32" count="4" type="cond" truecount="3" falsecount="0"/>
        <line num="33" count="2" type="stmt"/>
        <line num="34" count="2" type="stmt"/>
        <line num="35" count="2" type="cond" truecount="3" falsecount="0"/>
        <line num="40" count="4" type="stmt"/>
        <line num="41" count="2" type="cond" truecount="1" falsecount="0"/>
        <line num="42" count="1" type="stmt"/>
        <line num="43" count="1" type="stmt"/>
        <line num="46" count="1" type="cond" truecount="3" falsecount="0"/>
        <line num="47" count="1" type="stmt"/>
        <line num="51" count="4" type="cond" truecount="1" falsecount="0"/>
        <line num="52" count="1" type="stmt"/>
        <line num="62" count="3" type="cond" truecount="3" falsecount="0"/>
        <line num="63" count="1" type="stmt"/>
        <line num="69" count="1" type="stmt"/>
        <line num="83" count="1" type="stmt"/>
        <line num="94" count="2" type="stmt"/>
        <line num="95" count="2" type="cond" truecount="1" falsecount="1"/>
        <line num="97" count="2" type="stmt"/>
        <line num="105" count="0" type="stmt"/>
        <line num="176" count="1" type="stmt"/>
        <line num="209" count="1" type="stmt"/>
        <line num="220" count="1" type="stmt"/>
        <line num="234" count="4" type="stmt"/>
      </file>
      <file name="TicketScanView.tsx" path="/Users/sevdepekkose/Desktop/bounswe2026group11/mobile/src/views/ticket/TicketScanView.tsx">
        <metrics statements="47" coveredstatements="44" conditionals="75" coveredconditionals="55" methods="11" coveredmethods="8"/>
        <line num="1" count="1" type="stmt"/>
        <line num="2" count="1" type="stmt"/>
        <line num="12" count="1" type="stmt"/>
        <line num="13" count="1" type="stmt"/>
        <line num="14" count="1" type="stmt"/>
        <line num="15" count="1" type="stmt"/>
        <line num="16" count="1" type="stmt"/>
        <line num="17" count="1" type="stmt"/>
        <line num="18" count="1" type="stmt"/>
        <line num="19" count="1" type="stmt"/>
        <line num="20" count="1" type="stmt"/>
        <line num="25" count="1" type="stmt"/>
        <line num="31" count="1" type="stmt"/>
        <line num="32" count="7" type="stmt"/>
        <line num="33" count="7" type="stmt"/>
        <line num="34" count="7" type="stmt"/>
        <line num="35" count="7" type="stmt"/>
        <line num="36" count="7" type="stmt"/>
        <line num="37" count="7" type="stmt"/>
        <line num="38" count="7" type="stmt"/>
        <line num="41" count="7" type="stmt"/>
        <line num="42" count="2" type="cond" truecount="4" falsecount="0"/>
        <line num="43" count="1" type="stmt"/>
        <line num="44" count="1" type="stmt"/>
        <line num="45" count="1" type="stmt"/>
        <line num="49" count="7" type="stmt"/>
        <line num="50" count="1" type="stmt"/>
        <line num="51" count="1" type="stmt"/>
        <line num="52" count="1" type="stmt"/>
        <line num="55" count="7" type="cond" truecount="1" falsecount="0"/>
        <line num="56" count="1" type="stmt"/>
        <line num="66" count="6" type="cond" truecount="3" falsecount="0"/>
        <line num="67" count="1" type="stmt"/>
        <line num="74" count="1" type="stmt"/>
        <line num="88" count="1" type="stmt"/>
        <line num="100" count="5" type="cond" truecount="3" falsecount="0"/>
        <line num="101" count="1" type="stmt"/>
        <line num="108" count="0" type="stmt"/>
        <line num="125" count="0" type="stmt"/>
        <line num="136" count="4" type="stmt"/>
        <line num="137" count="4" type="cond" truecount="2" falsecount="0"/>
        <line num="140" count="4" type="stmt"/>
        <line num="141" count="4" type="cond" truecount="1" falsecount="1"/>
        <line num="143" count="4" type="stmt"/>
        <line num="151" count="0" type="stmt"/>
        <line num="275" count="1" type="stmt"/>
        <line num="309" count="6" type="stmt"/>
      </file>
      <file name="TicketView.tsx" path="/Users/sevdepekkose/Desktop/bounswe2026group11/mobile/src/views/ticket/TicketView.tsx">
        <metrics statements="35" coveredstatements="32" conditionals="47" coveredconditionals="29" methods="6" coveredmethods="4"/>
        <line num="1" count="1" type="stmt"/>
        <line num="2" count="1" type="stmt"/>
        <line num="11" count="1" type="stmt"/>
        <line num="12" count="1" type="stmt"/>
        <line num="13" count="1" type="stmt"/>
        <line num="14" count="1" type="stmt"/>
        <line num="15" count="1" type="stmt"/>
        <line num="16" count="1" type="stmt"/>
        <line num="17" count="1" type="stmt"/>
        <line num="18" count="1" type="stmt"/>
        <line num="19" count="1" type="stmt"/>
        <line num="23" count="1" type="stmt"/>
        <line num="29" count="1" type="stmt"/>
        <line num="30" count="3" type="stmt"/>
        <line num="31" count="3" type="stmt"/>
        <line num="32" count="3" type="stmt"/>
        <line num="34" count="3" type="cond" truecount="2" falsecount="0"/>
        <line num="35" count="3" type="stmt"/>
        <line num="37" count="3" type="stmt"/>
        <line num="38" count="3" type="cond" truecount="2" falsecount="1"/>
        <line num="39" count="3" type="stmt"/>
        <line num="40" count="3" type="stmt"/>
        <line num="41" count="3" type="cond" truecount="3" falsecount="0"/>
        <line num="46" count="3" type="cond" truecount="0" falsecount="1"/>
        <line num="47" count="0" type="stmt"/>
        <line num="57" count="3" type="cond" truecount="3" falsecount="0"/>
        <line num="58" count="1" type="stmt"/>
        <line num="62" count="0" type="stmt"/>
        <line num="81" count="2" type="stmt"/>
        <line num="82" count="2" type="stmt"/>
        <line num="83" count="2" type="cond" truecount="1" falsecount="1"/>
        <line num="84" count="2" type="cond" truecount="2" falsecount="0"/>
        <line num="86" count="2" type="stmt"/>
        <line num="89" count="0" type="stmt"/>
        <line num="224" count="3" type="stmt"/>
      </file>
    </package>
  </project>
</coverage>
