TN:
SF:jest/mocks/expo-document-picker.js
FNF:0
FNH:0
DA:1,4
LF:1
LH:1
BRF:0
BRH:0
end_of_record
TN:
SF:jest/mocks/expo-file-system-legacy.js
FNF:0
FNH:0
DA:1,18
LF:1
LH:1
BRF:0
BRH:0
end_of_record
TN:
SF:jest/mocks/expo-image-manipulator.js
FNF:0
FNH:0
DA:1,6
LF:1
LH:1
BRF:0
BRH:0
end_of_record
TN:
SF:jest/mocks/expo-image-picker.js
FNF:0
FNH:0
DA:1,6
LF:1
LH:1
BRF:0
BRH:0
end_of_record
TN:
SF:jest/mocks/expo-localization.js
FN:2,(anonymous_0)
FN:3,(anonymous_1)
FNF:2
FNH:0
FNDA:0,(anonymous_0)
FNDA:0,(anonymous_1)
DA:1,76
DA:2,0
DA:3,0
LF:3
LH:1
BRF:0
BRH:0
end_of_record
TN:
SF:jest/mocks/expo-location.js
FN:10,(anonymous_0)
FN:13,(anonymous_1)
FN:19,(anonymous_2)
FNF:3
FNH:0
FNDA:0,(anonymous_0)
FNDA:0,(anonymous_1)
FNDA:0,(anonymous_2)
DA:1,2
DA:10,0
DA:13,0
DA:19,0
LF:4
LH:1
BRF:0
BRH:0
end_of_record
TN:
SF:jest/mocks/expo-router.js
FN:6,(anonymous_0)
FNF:1
FNH:0
FNDA:0,(anonymous_0)
DA:1,9
DA:6,0
LF:2
LH:1
BRF:0
BRH:0
end_of_record
TN:
SF:jest/mocks/expo-secure-store.js
FN:4,(anonymous_0)
FN:5,(anonymous_1)
FN:8,(anonymous_2)
FN:11,(anonymous_3)
FNF:4
FNH:4
FNDA:4,(anonymous_0)
FNDA:16,(anonymous_1)
FNDA:3,(anonymous_2)
FNDA:23,(anonymous_3)
DA:1,81
DA:3,81
DA:4,4
DA:6,16
DA:9,3
DA:12,23
LF:6
LH:6
BRDA:4,0,0,4
BRDA:4,0,1,2
BRF:2
BRH:2
end_of_record
TN:
SF:jest/mocks/react-native-firebase-messaging.js
FN:6,(anonymous_0)
FN:7,(anonymous_1)
FN:8,(anonymous_2)
FN:9,(anonymous_3)
FN:10,(anonymous_4)
FN:11,(anonymous_5)
FN:12,(anonymous_6)
FN:24,(anonymous_7)
FN:25,(anonymous_8)
FN:26,(anonymous_9)
FN:28,(anonymous_10)
FN:29,(anonymous_11)
FN:30,(anonymous_12)
FN:31,(anonymous_13)
FN:33,(anonymous_14)
FN:34,(anonymous_15)
FNF:16
FNH:15
FNDA:5,(anonymous_0)
FNDA:5,(anonymous_1)
FNDA:5,(anonymous_2)
FNDA:5,(anonymous_3)
FNDA:5,(anonymous_4)
FNDA:5,(anonymous_5)
FNDA:4,(anonymous_6)
FNDA:7,(anonymous_7)
FNDA:5,(anonymous_8)
FNDA:5,(anonymous_9)
FNDA:5,(anonymous_10)
FNDA:5,(anonymous_11)
FNDA:5,(anonymous_12)
FNDA:5,(anonymous_13)
FNDA:5,(anonymous_14)
FNDA:0,(anonymous_15)
DA:3,1
DA:5,1
DA:6,5
DA:7,5
DA:8,5
DA:9,5
DA:10,5
DA:11,5
DA:12,4
DA:16,1
DA:24,7
DA:25,5
DA:27,5
DA:28,5
DA:29,5
DA:30,5
DA:32,5
DA:33,5
DA:35,0
LF:19
LH:18
BRF:0
BRH:0
end_of_record
TN:
SF:jest/mocks/react-native-maps.js
FN:35,stripMapOnlyProps
FN:52,createMockComponent
FN:53,MockComponent
FNF:3
FNH:3
FNDA:37,stripMapOnlyProps
FNDA:5,createMockComponent
FNDA:37,MockComponent
DA:1,1
DA:7,1
DA:36,37
DA:37,0
DA:39,37
DA:40,37
DA:41,0
DA:44,37
DA:45,177
DA:46,20
DA:49,37
DA:53,5
DA:57,37
DA:69,1
DA:70,1
DA:71,1
DA:72,1
DA:73,1
DA:75,1
LF:19
LH:17
BRDA:36,0,0,0
BRDA:36,0,1,37
BRDA:36,1,0,37
BRDA:36,1,1,37
BRDA:40,2,0,0
BRDA:40,2,1,37
BRDA:45,3,0,20
BRDA:45,3,1,157
BRF:8
BRH:6
end_of_record
TN:
SF:jest/mocks/react-native.js
FN:63,stripReactNativeOnlyProps
FN:76,mergeStyle
FN:78,(anonymous_2)
FN:83,createContainer
FN:84,MockContainer
FN:105,MockModal
FN:123,MockText
FN:140,MockTouchableOpacity
FN:165,(anonymous_8)
FN:176,MockPressable
FN:198,(anonymous_10)
FN:205,MockTextInput
FN:229,(anonymous_12)
FN:232,(anonymous_13)
FN:246,MockImage
FN:260,MockActivityIndicator
FN:274,MockSwitch
FN:288,(anonymous_17)
FN:293,renderListPart
FN:298,MockFlatList
FN:315,(anonymous_20)
FN:322,MockSectionList
FN:339,(anonymous_22)
FN:344,(anonymous_23)
FN:363,(anonymous_24)
FN:372,(anonymous_25)
FN:380,(anonymous_26)
FNF:27
FNH:23
FNDA:5249,stripReactNativeOnlyProps
FNDA:8157,mergeStyle
FNDA:2910,(anonymous_2)
FNDA:282,createContainer
FNDA:2180,MockContainer
FNDA:62,MockModal
FNDA:1997,MockText
FNDA:889,MockTouchableOpacity
FNDA:64,(anonymous_8)
FNDA:2,MockPressable
FNDA:1,(anonymous_10)
FNDA:163,MockTextInput
FNDA:11,(anonymous_12)
FNDA:0,(anonymous_13)
FNDA:1,MockImage
FNDA:7,MockActivityIndicator
FNDA:8,MockSwitch
FNDA:0,(anonymous_17)
FNDA:32,renderListPart
FNDA:4,MockFlatList
FNDA:4,(anonymous_20)
FNDA:10,MockSectionList
FNDA:6,(anonymous_22)
FNDA:8,(anonymous_23)
FNDA:0,(anonymous_24)
FNDA:0,(anonymous_25)
FNDA:132,(anonymous_26)
DA:2,94
DA:8,94
DA:64,5249
DA:65,0
DA:67,5249
DA:68,5249
DA:69,1144
DA:70,173
DA:73,5249
DA:77,8157
DA:78,2910
DA:80,6829
DA:84,282
DA:88,2180
DA:102,94
DA:103,94
DA:104,94
DA:105,94
DA:109,62
DA:110,60
DA:113,2
DA:123,94
DA:127,1997
DA:140,94
DA:153,889
DA:166,64
DA:167,57
DA:168,57
DA:176,94
DA:189,2
DA:198,1
DA:205,94
DA:220,163
DA:229,11
DA:233,0
DA:234,0
DA:241,163
DA:246,94
DA:250,1
DA:260,94
DA:264,7
DA:274,94
DA:278,8
DA:288,0
DA:294,32
DA:295,8
DA:298,94
DA:302,4
DA:303,0
DA:311,4
DA:316,4
DA:322,94
DA:326,10
DA:327,4
DA:335,6
DA:340,6
DA:345,8
DA:353,94
DA:363,0
DA:372,0
DA:380,132
LF:61
LH:54
BRDA:64,0,0,0
BRDA:64,0,1,5249
BRDA:64,1,0,5249
BRDA:64,1,1,5249
BRDA:69,2,0,173
BRDA:69,2,1,971
BRDA:77,3,0,1328
BRDA:77,3,1,6829
BRDA:80,4,0,6829
BRDA:80,4,1,319
BRDA:109,5,0,60
BRDA:109,5,1,2
BRDA:157,6,0,889
BRDA:157,6,1,679
BRDA:161,7,0,39
BRDA:161,7,1,850
BRDA:166,8,0,7
BRDA:166,8,1,57
BRDA:198,9,0,0
BRDA:198,9,1,2
BRDA:214,10,0,27
BRDA:228,11,0,163
BRDA:228,11,1,0
BRDA:231,12,0,14
BRDA:231,12,1,149
BRDA:233,13,0,0
BRDA:233,13,1,0
BRDA:241,14,0,23
BRDA:241,14,1,140
BRDA:253,15,0,1
BRDA:253,15,1,1
BRDA:286,16,0,0
BRDA:286,16,1,8
BRDA:294,17,0,24
BRDA:294,17,1,8
BRDA:295,18,0,4
BRDA:295,18,1,4
BRDA:302,19,0,0
BRDA:302,19,1,4
BRDA:302,20,0,4
BRDA:302,20,1,4
BRDA:316,21,0,4
BRDA:316,21,1,0
BRDA:326,22,0,4
BRDA:326,22,1,6
BRDA:326,23,0,10
BRDA:326,23,1,10
BRDA:343,24,0,6
BRDA:343,24,1,0
BRDA:345,25,0,8
BRDA:345,25,1,0
BRF:51
BRH:41
end_of_record
TN:
SF:jest/mocks/theme.js
FN:72,(anonymous_0)
FN:78,(anonymous_1)
FNF:2
FNH:1
FNDA:252,(anonymous_0)
FNDA:0,(anonymous_1)
DA:6,24
DA:8,24
DA:69,24
DA:72,252
DA:78,0
LF:5
LH:4
BRF:0
BRH:0
end_of_record
TN:
SF:src/components/events/EventCard.tsx
FN:18,formatPrivacyLabel
FN:22,EventCard
FN:25,(anonymous_2)
FN:69,(anonymous_3)
FN:173,makeStyles
FNF:5
FNH:4
FNDA:1,formatPrivacyLabel
FNDA:1,EventCard
FNDA:1,(anonymous_2)
FNDA:0,(anonymous_3)
FNDA:1,makeStyles
DA:1,1
DA:2,1
DA:3,1
DA:4,1
DA:6,1
DA:7,1
DA:8,1
DA:9,1
DA:10,1
DA:19,1
DA:22,1
DA:23,1
DA:24,1
DA:25,1
DA:26,1
DA:31,1
DA:33,1
DA:38,1
DA:43,1
DA:46,1
DA:48,1
DA:49,1
DA:50,1
DA:51,1
DA:52,1
DA:54,1
DA:55,0
DA:56,0
DA:57,0
DA:58,0
DA:59,1
DA:60,0
DA:61,0
DA:62,0
DA:63,0
DA:66,1
DA:69,0
DA:174,1
LF:38
LH:29
BRDA:33,0,0,1
BRDA:33,0,1,0
BRDA:33,1,0,1
BRDA:33,1,1,1
BRDA:38,2,0,0
BRDA:38,2,1,1
BRDA:43,3,0,1
BRDA:43,3,1,0
BRDA:54,4,0,0
BRDA:54,4,1,1
BRDA:59,5,0,0
BRDA:75,6,0,0
BRDA:75,6,1,1
BRDA:91,7,0,1
BRDA:91,7,1,0
BRDA:96,8,0,1
BRDA:96,8,1,0
BRF:17
BRH:9
end_of_record
TN:
SF:src/components/events/EventCategoryChip.tsx
FN:11,EventCategoryChip
FN:16,(anonymous_1)
FN:34,makeStyles
FNF:3
FNH:3
FNDA:19,EventCategoryChip
FNDA:19,(anonymous_1)
FNDA:19,makeStyles
DA:1,2
DA:2,2
DA:3,2
DA:4,2
DA:11,2
DA:15,19
DA:16,19
DA:17,19
DA:19,19
DA:35,19
LF:10
LH:10
BRF:0
BRH:0
end_of_record
TN:
SF:src/components/events/EventDiscussionSection.tsx
FN:29,renderStars
FN:34,StarRatingInput
FN:47,(anonymous_11)
FN:50,(anonymous_12)
FN:62,CommentAvatar
FN:86,DiscussionCommentItem
FN:106,(anonymous_15)
FN:154,(anonymous_16)
FN:180,(anonymous_17)
FN:190,(anonymous_18)
FN:212,(anonymous_19)
FN:231,(anonymous_20)
FN:248,ReviewCommentItem
FN:281,EventDiscussionSection
FN:292,(anonymous_23)
FN:302,(anonymous_24)
FN:311,(anonymous_25)
FN:343,(anonymous_26)
FN:389,(anonymous_27)
FN:404,(anonymous_28)
FN:450,(anonymous_29)
FN:499,(anonymous_30)
FN:507,(anonymous_31)
FN:523,makeStyles
FNF:24
FNH:8
FNDA:0,renderStars
FNDA:0,StarRatingInput
FNDA:0,(anonymous_11)
FNDA:0,(anonymous_12)
FNDA:7,CommentAvatar
FNDA:3,DiscussionCommentItem
FNDA:1,(anonymous_15)
FNDA:0,(anonymous_16)
FNDA:0,(anonymous_17)
FNDA:0,(anonymous_18)
FNDA:4,(anonymous_19)
FNDA:0,(anonymous_20)
FNDA:0,ReviewCommentItem
FNDA:2,EventDiscussionSection
FNDA:1,(anonymous_23)
FNDA:0,(anonymous_24)
FNDA:0,(anonymous_25)
FNDA:0,(anonymous_26)
FNDA:2,(anonymous_27)
FNDA:0,(anonymous_28)
FNDA:0,(anonymous_29)
FNDA:0,(anonymous_30)
FNDA:0,(anonymous_31)
FNDA:1,makeStyles
DA:1,1
DA:2,1
DA:11,1
DA:12,1
DA:16,1
DA:17,1
DA:30,0
DA:31,0
DA:45,0
DA:48,0
DA:50,0
DA:71,7
DA:72,0
DA:79,7
DA:99,3
DA:100,3
DA:101,3
DA:102,3
DA:103,3
DA:104,3
DA:106,3
DA:107,1
DA:108,0
DA:109,0
DA:111,1
DA:112,1
DA:113,0
DA:117,3
DA:155,0
DA:156,0
DA:181,0
DA:182,0
DA:190,0
DA:213,4
DA:231,0
DA:255,0
DA:257,0
DA:281,1
DA:290,2
DA:291,2
DA:292,2
DA:293,2
DA:295,2
DA:297,2
DA:302,0
DA:311,0
DA:343,0
DA:390,2
DA:404,0
DA:450,0
DA:500,0
DA:507,0
DA:524,1
LF:53
LH:29
BRDA:55,0,0,0
BRDA:55,0,1,0
BRDA:71,1,0,0
BRDA:103,2,0,3
BRDA:103,2,1,2
BRDA:104,3,0,3
BRDA:104,3,1,0
BRDA:107,4,0,0
BRDA:112,5,0,0
BRDA:123,6,0,3
BRDA:123,6,1,0
BRDA:134,7,0,3
BRDA:134,7,1,3
BRDA:141,8,0,2
BRDA:141,8,1,1
BRDA:146,9,0,2
BRDA:146,9,1,1
BRDA:152,10,0,3
BRDA:152,10,1,3
BRDA:152,10,2,0
BRDA:152,10,3,0
BRDA:166,11,0,3
BRDA:166,11,1,0
BRDA:193,12,0,0
BRDA:193,12,1,0
BRDA:193,12,2,0
BRDA:195,13,0,0
BRDA:195,13,1,0
BRDA:197,14,0,0
BRDA:197,14,1,0
BRDA:207,15,0,3
BRDA:207,15,1,2
BRDA:209,16,0,0
BRDA:209,16,1,2
BRDA:209,17,0,2
BRDA:209,17,1,0
BRDA:218,18,0,4
BRDA:218,18,1,0
BRDA:229,19,0,2
BRDA:229,19,1,2
BRDA:235,20,0,0
BRDA:235,20,1,2
BRDA:263,21,0,0
BRDA:263,21,1,0
BRDA:269,22,0,0
BRDA:269,22,1,0
BRDA:274,23,0,0
BRDA:274,23,1,0
BRDA:288,24,0,2
BRDA:301,25,0,2
BRDA:301,25,1,2
BRDA:305,26,0,2
BRDA:305,26,1,2
BRDA:310,27,0,2
BRDA:310,27,1,0
BRDA:314,28,0,2
BRDA:314,28,1,0
BRDA:320,29,0,2
BRDA:320,29,1,2
BRDA:322,30,0,2
BRDA:322,30,1,0
BRDA:340,31,0,0
BRDA:340,31,1,0
BRDA:340,31,2,0
BRDA:344,32,0,0
BRDA:344,32,1,0
BRDA:347,33,0,0
BRDA:347,33,1,0
BRDA:354,34,0,0
BRDA:354,34,1,0
BRDA:365,35,0,2
BRDA:365,35,1,0
BRDA:372,36,0,2
BRDA:372,36,1,0
BRDA:381,37,0,0
BRDA:381,37,1,2
BRDA:381,38,0,2
BRDA:381,38,1,0
BRDA:383,39,0,0
BRDA:383,39,1,2
BRDA:401,40,0,2
BRDA:401,40,1,0
BRDA:407,41,0,0
BRDA:407,41,1,0
BRDA:417,42,0,2
BRDA:417,42,1,0
BRDA:419,43,0,0
BRDA:419,43,1,0
BRDA:422,44,0,0
BRDA:422,44,1,0
BRDA:447,45,0,0
BRDA:447,45,1,0
BRDA:447,45,2,0
BRDA:447,45,3,0
BRDA:452,46,0,0
BRDA:452,46,1,0
BRDA:452,46,2,0
BRDA:455,47,0,0
BRDA:455,47,1,0
BRDA:459,48,0,0
BRDA:459,48,1,0
BRDA:464,49,0,0
BRDA:464,49,1,0
BRDA:475,50,0,0
BRDA:475,50,1,0
BRDA:482,51,0,0
BRDA:482,51,1,0
BRDA:482,51,2,0
BRDA:491,52,0,0
BRDA:491,52,1,0
BRDA:491,53,0,0
BRDA:491,53,1,0
BRDA:493,54,0,0
BRDA:493,54,1,0
BRDA:504,55,0,0
BRDA:504,55,1,0
BRDA:510,56,0,0
BRDA:510,56,1,0
BRF:118
BRH:38
end_of_record
TN:
SF:src/components/events/InvitationsModal.tsx
FN:40,InvitationsModal
FN:58,(anonymous_10)
FN:77,(anonymous_11)
FN:78,(anonymous_12)
FN:82,(anonymous_13)
FN:84,(anonymous_14)
FN:94,(anonymous_15)
FN:103,(anonymous_16)
FN:106,(anonymous_17)
FN:107,(anonymous_18)
FN:124,(anonymous_19)
FN:125,(anonymous_20)
FN:132,(anonymous_21)
FN:133,(anonymous_22)
FN:133,(anonymous_23)
FN:136,(anonymous_24)
FN:216,(anonymous_25)
FN:226,(anonymous_26)
FN:230,(anonymous_27)
FN:264,(anonymous_28)
FN:269,(anonymous_29)
FN:302,(anonymous_30)
FN:306,(anonymous_31)
FN:337,(anonymous_32)
FN:346,(anonymous_33)
FN:387,makeStyles
FNF:26
FNH:7
FNDA:2,InvitationsModal
FNDA:1,(anonymous_10)
FNDA:0,(anonymous_11)
FNDA:0,(anonymous_12)
FNDA:0,(anonymous_13)
FNDA:0,(anonymous_14)
FNDA:1,(anonymous_15)
FNDA:0,(anonymous_16)
FNDA:0,(anonymous_17)
FNDA:0,(anonymous_18)
FNDA:0,(anonymous_19)
FNDA:0,(anonymous_20)
FNDA:0,(anonymous_21)
FNDA:0,(anonymous_22)
FNDA:0,(anonymous_23)
FNDA:2,(anonymous_24)
FNDA:0,(anonymous_25)
FNDA:0,(anonymous_26)
FNDA:0,(anonymous_27)
FNDA:0,(anonymous_28)
FNDA:0,(anonymous_29)
FNDA:2,(anonymous_30)
FNDA:2,(anonymous_31)
FNDA:0,(anonymous_32)
FNDA:0,(anonymous_33)
FNDA:1,makeStyles
DA:1,1
DA:2,1
DA:18,1
DA:19,1
DA:21,1
DA:22,1
DA:40,1
DA:55,2
DA:56,2
DA:57,2
DA:58,2
DA:59,2
DA:60,2
DA:62,2
DA:64,2
DA:69,2
DA:75,2
DA:77,0
DA:78,0
DA:83,0
DA:84,0
DA:86,0
DA:92,2
DA:94,2
DA:95,1
DA:96,1
DA:97,1
DA:98,1
DA:99,1
DA:103,2
DA:104,0
DA:106,0
DA:107,0
DA:109,0
DA:111,0
DA:113,0
DA:114,0
DA:115,0
DA:116,0
DA:117,0
DA:118,0
DA:120,0
DA:124,2
DA:125,0
DA:126,0
DA:127,0
DA:129,0
DA:132,2
DA:133,0
DA:136,2
DA:137,2
DA:139,0
DA:145,0
DA:151,0
DA:157,0
DA:163,2
DA:171,2
DA:217,0
DA:218,0
DA:227,0
DA:230,0
DA:265,0
DA:269,0
DA:302,2
DA:307,2
DA:308,2
DA:338,0
DA:346,0
DA:388,1
LF:69
LH:35
BRDA:83,0,0,0
BRDA:83,0,1,0
BRDA:83,1,0,0
BRDA:83,1,1,0
BRDA:95,2,0,1
BRDA:107,3,0,0
BRDA:107,3,1,0
BRDA:111,4,0,0
BRDA:115,5,0,0
BRDA:115,5,1,0
BRDA:120,6,0,0
BRDA:120,6,1,0
BRDA:126,7,0,0
BRDA:137,8,0,0
BRDA:137,8,1,0
BRDA:137,8,2,0
BRDA:137,8,3,0
BRDA:137,8,4,2
BRDA:179,9,0,2
BRDA:179,9,1,0
BRDA:212,10,0,2
BRDA:212,10,1,0
BRDA:218,11,0,0
BRDA:224,12,0,2
BRDA:224,12,1,2
BRDA:224,12,2,0
BRDA:233,13,0,0
BRDA:233,13,1,0
BRDA:244,14,0,2
BRDA:244,14,1,2
BRDA:244,14,2,0
BRDA:244,14,3,2
BRDA:250,15,0,2
BRDA:250,15,1,2
BRDA:250,15,2,0
BRDA:254,16,0,0
BRDA:254,16,1,2
BRDA:262,17,0,2
BRDA:262,17,1,0
BRDA:277,18,0,0
BRDA:277,18,1,2
BRDA:310,19,0,0
BRDA:310,19,1,2
BRDA:323,20,0,2
BRDA:323,20,1,0
BRDA:334,21,0,2
BRDA:334,21,1,2
BRDA:334,21,2,2
BRDA:362,22,0,0
BRDA:362,22,1,2
BRDA:369,23,0,2
BRDA:369,23,1,0
BRDA:371,24,0,0
BRDA:371,24,1,2
BRF:54
BRH:22
end_of_record
TN:
SF:src/components/events/JoinRequestsModal.tsx
FN:34,JoinRequestsModal
FN:46,(anonymous_2)
FN:63,(anonymous_3)
FN:64,(anonymous_4)
FN:68,(anonymous_5)
FN:70,(anonymous_6)
FN:78,(anonymous_7)
FN:114,(anonymous_8)
FN:116,(anonymous_9)
FN:120,(anonymous_10)
FN:150,(anonymous_11)
FN:164,(anonymous_12)
FN:172,(anonymous_13)
FN:202,(anonymous_14)
FN:207,(anonymous_15)
FN:219,(anonymous_16)
FN:230,makeStyles
FNF:17
FNH:6
FNDA:1,JoinRequestsModal
FNDA:1,(anonymous_2)
FNDA:0,(anonymous_3)
FNDA:0,(anonymous_4)
FNDA:0,(anonymous_5)
FNDA:0,(anonymous_6)
FNDA:1,(anonymous_7)
FNDA:1,(anonymous_8)
FNDA:1,(anonymous_9)
FNDA:0,(anonymous_10)
FNDA:0,(anonymous_11)
FNDA:0,(anonymous_12)
FNDA:0,(anonymous_13)
FNDA:0,(anonymous_14)
FNDA:0,(anonymous_15)
FNDA:0,(anonymous_16)
FNDA:1,makeStyles
DA:1,1
DA:2,1
DA:15,1
DA:16,1
DA:17,1
DA:19,1
DA:32,1
DA:34,1
DA:44,1
DA:45,1
DA:46,1
DA:47,1
DA:48,1
DA:50,1
DA:55,1
DA:61,1
DA:63,0
DA:64,0
DA:69,0
DA:70,0
DA:72,0
DA:78,1
DA:79,1
DA:82,1
DA:114,1
DA:117,1
DA:121,0
DA:122,0
DA:150,0
DA:164,0
DA:172,0
DA:202,0
DA:207,0
DA:219,0
DA:231,1
LF:35
LH:22
BRDA:69,0,0,0
BRDA:69,0,1,0
BRDA:69,1,0,0
BRDA:69,1,1,0
BRDA:79,2,0,1
BRDA:125,3,0,0
BRDA:125,3,1,1
BRDA:138,4,0,1
BRDA:138,4,1,0
BRDA:141,5,0,1
BRDA:141,5,1,0
BRDA:147,6,0,1
BRDA:147,6,1,0
BRDA:150,7,0,0
BRDA:150,7,1,0
BRDA:182,8,0,0
BRDA:182,8,1,1
BRDA:188,9,0,1
BRDA:188,9,1,0
BRDA:210,10,0,1
BRDA:210,10,1,0
BRF:21
BRH:8
end_of_record
TN:
SF:src/components/events/MyEventCard.tsx
FN:21,getAttendeeLabel
FN:28,getLocationLabel
FN:35,MyEventCard
FN:38,(anonymous_3)
FN:40,formatPrivacyLabel
FN:44,(anonymous_5)
FN:70,getBadgeStyle
FN:105,(anonymous_7)
FN:160,(anonymous_8)
FN:204,makeStyles
FNF:10
FNH:10
FNDA:4,getAttendeeLabel
FNDA:4,getLocationLabel
FNDA:4,MyEventCard
FNDA:4,(anonymous_3)
FNDA:4,formatPrivacyLabel
FNDA:4,(anonymous_5)
FNDA:4,getBadgeStyle
FNDA:1,(anonymous_7)
FNDA:4,(anonymous_8)
FNDA:4,makeStyles
DA:1,1
DA:2,1
DA:3,1
DA:5,1
DA:6,1
DA:11,1
DA:12,1
DA:14,1
DA:22,4
DA:23,1
DA:25,3
DA:29,4
DA:30,1
DA:32,3
DA:35,1
DA:36,4
DA:37,4
DA:38,4
DA:41,4
DA:44,4
DA:45,4
DA:47,0
DA:53,0
DA:59,4
DA:67,4
DA:68,4
DA:74,4
DA:75,4
DA:82,0
DA:83,0
DA:87,0
DA:94,0
DA:101,4
DA:105,1
DA:161,4
DA:163,4
DA:205,4
LF:37
LH:31
BRDA:22,0,0,1
BRDA:29,1,0,1
BRDA:45,2,0,0
BRDA:45,2,1,0
BRDA:45,2,2,4
BRDA:74,3,0,4
BRDA:82,4,0,0
BRDA:83,5,0,0
BRDA:83,5,1,0
BRDA:109,6,0,0
BRDA:109,6,1,4
BRDA:158,7,0,4
BRDA:158,7,1,0
BRDA:168,8,0,0
BRDA:168,8,1,4
BRDA:176,9,0,4
BRDA:176,9,1,0
BRF:17
BRH:8
end_of_record
TN:
SF:src/components/events/ReportEventModal.tsx
FN:46,ReportEventModal
FN:62,(anonymous_1)
FN:65,(anonymous_2)
FN:101,(anonymous_3)
FN:108,(anonymous_4)
FN:181,makeStyles
FNF:6
FNH:4
FNDA:18,ReportEventModal
FNDA:18,(anonymous_1)
FNDA:0,(anonymous_2)
FNDA:126,(anonymous_3)
FNDA:0,(anonymous_4)
FNDA:18,makeStyles
DA:1,1
DA:2,1
DA:15,1
DA:16,1
DA:17,1
DA:18,1
DA:36,1
DA:46,1
DA:60,18
DA:61,18
DA:62,18
DA:63,18
DA:65,18
DA:66,0
DA:69,18
DA:102,126
DA:108,0
DA:182,18
DA:320,1
LF:19
LH:17
BRDA:63,0,0,18
BRDA:63,0,1,0
BRDA:63,0,2,0
BRDA:84,1,0,18
BRDA:84,1,1,0
BRDA:106,2,0,126
BRDA:106,2,1,0
BRDA:113,3,0,126
BRDA:113,3,1,0
BRDA:133,4,0,18
BRDA:133,4,1,0
BRDA:136,5,0,0
BRDA:136,5,1,0
BRDA:162,6,0,18
BRDA:162,6,1,18
BRDA:166,7,0,0
BRDA:166,7,1,18
BRDA:238,8,0,0
BRDA:238,8,1,18
BRDA:239,9,0,0
BRDA:239,9,1,18
BRDA:246,10,0,0
BRDA:246,10,1,18
BRDA:302,11,0,0
BRDA:302,11,1,18
BRDA:308,12,0,0
BRDA:308,12,1,18
BRF:27
BRH:13
end_of_record
TN:
SF:src/components/home/CategoryChips.tsx
FN:16,CategoryChips
FN:24,(anonymous_1)
FN:52,(anonymous_2)
FN:62,(anonymous_3)
FN:92,makeStyles
FNF:5
FNH:5
FNDA:3,CategoryChips
FNDA:3,(anonymous_1)
FNDA:6,(anonymous_2)
FNDA:2,(anonymous_3)
FNDA:3,makeStyles
DA:1,1
DA:2,1
DA:3,1
DA:4,1
DA:6,1
DA:16,1
DA:22,3
DA:23,3
DA:24,3
DA:25,3
DA:27,3
DA:53,6
DA:54,6
DA:58,6
DA:62,2
DA:93,3
LF:16
LH:16
BRDA:34,0,0,3
BRDA:34,0,1,0
BRDA:44,1,0,3
BRDA:44,1,1,0
BRDA:61,2,0,6
BRDA:61,2,1,4
BRDA:66,3,0,4
BRDA:66,3,1,2
BRDA:77,4,0,6
BRDA:77,4,1,4
BRDA:82,5,0,4
BRDA:82,5,1,2
BRF:12
BRH:10
end_of_record
TN:
SF:src/components/home/EventMapView.tsx
FN:101,hasMappableCoordinate
FN:112,getClusterDistanceRatio
FN:125,addEventToCluster
FN:139,buildMapItems
FN:147,(anonymous_14)
FN:149,(anonymous_15)
FN:169,(anonymous_16)
FN:171,(anonymous_17)
FN:198,getImageUrl
FN:203,getDistanceMeters
FN:213,buildRadiusBoundaryCoordinates
FN:225,(anonymous_21)
FN:247,useAndroidMarkerTracking
FN:252,(anonymous_23)
FN:259,(anonymous_24)
FN:263,(anonymous_25)
FN:276,EventCalloutContent
FN:289,(anonymous_27)
FN:303,(anonymous_28)
FN:390,AndroidEventCallout
FN:408,(anonymous_30)
FN:432,EventMapMarker
FN:454,(anonymous_32)
FN:458,(anonymous_33)
FN:464,(anonymous_34)
FN:467,(anonymous_35)
FN:473,(anonymous_36)
FN:485,(anonymous_37)
FN:494,(anonymous_38)
FN:498,(anonymous_39)
FN:504,(anonymous_40)
FN:524,(anonymous_41)
FN:525,(anonymous_42)
FN:561,(anonymous_43)
FN:573,(anonymous_44)
FN:590,ClusterMapMarker
FN:608,(anonymous_46)
FN:626,CurrentLocationMarker
FN:649,EventMapView
FN:664,(anonymous_49)
FN:669,(anonymous_50)
FN:677,(anonymous_51)
FN:683,(anonymous_52)
FN:685,(anonymous_53)
FN:691,(anonymous_54)
FN:695,(anonymous_55)
FN:696,(anonymous_56)
FN:702,(anonymous_57)
FN:707,(anonymous_58)
FN:708,(anonymous_59)
FN:717,(anonymous_60)
FN:721,(anonymous_61)
FN:722,(anonymous_62)
FN:725,(anonymous_63)
FN:728,(anonymous_64)
FN:729,(anonymous_65)
FN:731,(anonymous_66)
FN:732,(anonymous_67)
FN:737,(anonymous_68)
FN:744,(anonymous_69)
FN:766,(anonymous_70)
FN:781,(anonymous_71)
FN:788,(anonymous_72)
FN:798,(anonymous_73)
FN:802,(anonymous_74)
FN:839,(anonymous_75)
FN:847,(anonymous_76)
FN:862,(anonymous_77)
FN:887,(anonymous_78)
FN:965,makeStyles
FNF:70
FNH:59
FNDA:62,hasMappableCoordinate
FNDA:6,getClusterDistanceRatio
FNDA:4,addEventToCluster
FNDA:32,buildMapItems
FNDA:34,(anonymous_14)
FNDA:6,(anonymous_15)
FNDA:30,(anonymous_16)
FNDA:8,(anonymous_17)
FNDA:343,getImageUrl
FNDA:3,getDistanceMeters
FNDA:2,buildRadiusBoundaryCoordinates
FNDA:290,(anonymous_21)
FNDA:100,useAndroidMarkerTracking
FNDA:42,(anonymous_23)
FNDA:1,(anonymous_24)
FNDA:3,(anonymous_25)
FNDA:88,EventCalloutContent
FNDA:37,(anonymous_27)
FNDA:1,(anonymous_28)
FNDA:2,AndroidEventCallout
FNDA:1,(anonymous_30)
FNDA:91,EventMapMarker
FNDA:39,(anonymous_32)
FNDA:2,(anonymous_33)
FNDA:43,(anonymous_34)
FNDA:0,(anonymous_35)
FNDA:17,(anonymous_36)
FNDA:41,(anonymous_37)
FNDA:0,(anonymous_38)
FNDA:0,(anonymous_39)
FNDA:0,(anonymous_40)
FNDA:14,(anonymous_41)
FNDA:0,(anonymous_42)
FNDA:1,(anonymous_43)
FNDA:1,(anonymous_44)
FNDA:9,ClusterMapMarker
FNDA:1,(anonymous_46)
FNDA:5,CurrentLocationMarker
FNDA:106,EventMapView
FNDA:106,(anonymous_49)
FNDA:29,(anonymous_50)
FNDA:30,(anonymous_51)
FNDA:0,(anonymous_52)
FNDA:0,(anonymous_53)
FNDA:32,(anonymous_54)
FNDA:32,(anonymous_55)
FNDA:30,(anonymous_56)
FNDA:29,(anonymous_57)
FNDA:46,(anonymous_58)
FNDA:40,(anonymous_59)
FNDA:36,(anonymous_60)
FNDA:30,(anonymous_61)
FNDA:30,(anonymous_62)
FNDA:8,(anonymous_63)
FNDA:4,(anonymous_64)
FNDA:4,(anonymous_65)
FNDA:0,(anonymous_66)
FNDA:0,(anonymous_67)
FNDA:43,(anonymous_68)
FNDA:1,(anonymous_69)
FNDA:1,(anonymous_70)
FNDA:29,(anonymous_71)
FNDA:31,(anonymous_72)
FNDA:1,(anonymous_73)
FNDA:29,(anonymous_74)
FNDA:0,(anonymous_75)
FNDA:0,(anonymous_76)
FNDA:99,(anonymous_77)
FNDA:14,(anonymous_78)
FNDA:106,makeStyles
DA:1,1
DA:2,1
DA:11,1
DA:12,1
DA:19,1
DA:20,1
DA:21,1
DA:22,1
DA:24,1
DA:26,1
DA:27,1
DA:85,1
DA:92,1
DA:93,1
DA:94,1
DA:95,1
DA:96,1
DA:97,1
DA:98,1
DA:99,1
DA:104,62
DA:117,6
DA:118,6
DA:119,6
DA:120,6
DA:122,6
DA:126,4
DA:128,4
DA:136,4
DA:144,32
DA:145,32
DA:147,32
DA:148,34
DA:150,6
DA:154,34
DA:155,4
DA:156,4
DA:159,30
DA:169,32
DA:170,30
DA:171,8
DA:173,4
DA:182,26
DA:184,26
DA:199,343
DA:200,343
DA:204,3
DA:206,3
DA:210,3
DA:217,2
DA:218,2
DA:219,2
DA:220,2
DA:221,2
DA:222,2
DA:223,2
DA:225,2
DA:226,290
DA:227,290
DA:232,290
DA:238,290
DA:248,100
DA:252,100
DA:253,42
DA:254,39
DA:255,39
DA:258,3
DA:259,3
DA:260,1
DA:263,3
DA:266,100
DA:282,88
DA:283,88
DA:284,88
DA:285,88
DA:287,88
DA:289,88
DA:290,37
DA:293,88
DA:303,1
DA:397,2
DA:408,1
DA:440,91
DA:442,91
DA:443,91
DA:444,91
DA:445,91
DA:446,91
DA:447,91
DA:454,91
DA:455,39
DA:458,91
DA:459,2
DA:464,91
DA:465,43
DA:466,40
DA:467,17
DA:468,0
DA:469,0
DA:470,0
DA:473,17
DA:485,91
DA:486,41
DA:487,38
DA:488,1
DA:493,91
DA:495,0
DA:496,0
DA:497,0
DA:498,0
DA:499,0
DA:500,0
DA:501,0
DA:504,0
DA:515,91
DA:524,14
DA:526,0
DA:529,0
DA:530,0
DA:564,1
DA:565,1
DA:574,1
DA:575,1
DA:595,9
DA:600,9
DA:608,1
DA:630,5
DA:649,1
DA:661,106
DA:663,106
DA:664,106
DA:665,106
DA:666,106
DA:667,106
DA:668,106
DA:669,29
DA:672,106
DA:673,106
DA:677,106
DA:678,30
DA:679,30
DA:682,106
DA:684,0
DA:685,0
DA:686,0
DA:690,106
DA:691,32
DA:694,106
DA:696,32
DA:697,30
DA:701,106
DA:702,29
DA:706,106
DA:708,46
DA:711,106
DA:717,106
DA:718,36
DA:721,30
DA:722,30
DA:725,36
DA:726,8
DA:727,4
DA:729,4
DA:732,0
DA:737,106
DA:738,43
DA:739,0
DA:743,106
DA:745,1
DA:747,1
DA:760,1
DA:761,1
DA:766,106
DA:767,1
DA:769,1
DA:776,1
DA:777,1
DA:780,106
DA:781,29
DA:787,106
DA:788,31
DA:795,106
DA:798,106
DA:799,1
DA:801,106
DA:803,29
DA:808,106
DA:812,106
DA:813,3
DA:820,103
DA:821,3
DA:828,100
DA:840,0
DA:847,0
DA:863,99
DA:864,9
DA:874,90
DA:875,90
DA:876,90
DA:887,14
DA:966,106
LF:201
LH:180
BRDA:105,0,0,62
BRDA:105,0,1,59
BRDA:105,0,2,59
BRDA:105,0,3,59
BRDA:154,1,0,4
BRDA:170,2,0,4
BRDA:200,3,0,74
BRDA:200,3,1,269
BRDA:200,4,0,343
BRDA:200,4,1,74
BRDA:253,5,0,39
BRDA:266,6,0,7
BRDA:266,6,1,93
BRDA:287,7,0,13
BRDA:287,7,1,75
BRDA:287,8,0,88
BRDA:287,8,1,17
BRDA:287,8,2,15
BRDA:296,9,0,13
BRDA:296,9,1,75
BRDA:357,10,0,4
BRDA:357,10,1,84
BRDA:363,11,0,4
BRDA:363,11,1,84
BRDA:446,12,0,91
BRDA:446,12,1,17
BRDA:465,13,0,3
BRDA:466,14,0,23
BRDA:469,15,0,0
BRDA:469,16,0,0
BRDA:469,16,1,0
BRDA:486,17,0,3
BRDA:487,18,0,37
BRDA:487,19,0,38
BRDA:487,19,1,15
BRDA:487,19,2,4
BRDA:496,20,0,0
BRDA:497,21,0,0
BRDA:500,22,0,0
BRDA:500,23,0,0
BRDA:500,23,1,0
BRDA:523,24,0,43
BRDA:523,24,1,48
BRDA:526,25,0,0
BRDA:529,26,0,0
BRDA:542,27,0,91
BRDA:542,27,1,43
BRDA:556,28,0,7
BRDA:556,28,1,84
BRDA:655,29,0,100
BRDA:656,30,0,99
BRDA:659,31,0,106
BRDA:684,32,0,0
BRDA:697,33,0,26
BRDA:697,33,1,4
BRDA:708,34,0,46
BRDA:708,34,1,32
BRDA:711,35,0,44
BRDA:711,35,1,62
BRDA:726,36,0,4
BRDA:729,37,0,3
BRDA:729,37,1,1
BRDA:738,38,0,0
BRDA:738,39,0,43
BRDA:738,39,1,14
BRDA:767,40,0,0
BRDA:782,41,0,29
BRDA:782,41,1,27
BRDA:783,42,0,29
BRDA:783,42,1,27
BRDA:795,43,0,106
BRDA:795,43,1,3
BRDA:803,44,0,2
BRDA:803,44,1,27
BRDA:808,45,0,0
BRDA:808,45,1,106
BRDA:812,46,0,3
BRDA:820,47,0,3
BRDA:834,48,0,6
BRDA:834,48,1,94
BRDA:835,49,0,0
BRDA:835,49,1,100
BRDA:836,50,0,0
BRDA:836,50,1,100
BRDA:850,51,0,6
BRDA:850,51,1,94
BRDA:863,52,0,9
BRDA:886,53,0,18
BRDA:886,53,1,72
BRDA:887,54,0,14
BRDA:887,54,1,0
BRDA:880,55,0,44
BRDA:880,55,1,46
BRDA:881,56,0,6
BRDA:881,56,1,84
BRDA:893,57,0,7
BRDA:893,57,1,93
BRDA:831,58,0,0
BRDA:831,58,1,100
BRDA:901,59,0,2
BRDA:901,59,1,98
BRDA:901,60,0,100
BRDA:901,60,1,6
BRDA:906,61,0,2
BRDA:906,61,1,0
BRDA:915,62,0,7
BRDA:915,62,1,93
BRDA:928,63,0,3
BRDA:928,63,1,97
BRDA:947,64,0,100
BRDA:947,64,1,100
BRDA:947,64,2,6
BRDA:951,65,0,6
BRDA:951,65,1,0
BRDA:1089,66,0,6
BRDA:1089,66,1,100
BRF:116
BRH:96
end_of_record
TN:
SF:src/components/home/FiltersBottomSheet.tsx
FN:63,formatDigitsToDate
FN:73,formatDateInput
FN:84,FiltersBottomSheet
FN:103,(anonymous_4)
FN:110,(anonymous_5)
FN:115,(anonymous_6)
FN:122,(anonymous_7)
FN:123,(anonymous_8)
FN:125,(anonymous_9)
FN:130,(anonymous_10)
FN:136,(anonymous_11)
FN:150,(anonymous_12)
FN:162,(anonymous_13)
FN:183,(anonymous_14)
FN:223,(anonymous_15)
FN:227,(anonymous_16)
FN:246,(anonymous_17)
FN:309,(anonymous_18)
FN:319,(anonymous_19)
FN:337,(anonymous_20)
FN:347,(anonymous_21)
FN:367,(anonymous_22)
FN:367,(anonymous_23)
FN:386,(anonymous_24)
FN:406,(anonymous_25)
FN:465,(anonymous_26)
FN:475,(anonymous_27)
FN:476,(anonymous_28)
FN:509,(anonymous_29)
FN:519,(anonymous_30)
FN:520,(anonymous_31)
FN:595,makeStyles
FNF:32
FNH:8
FNDA:0,formatDigitsToDate
FNDA:0,formatDateInput
FNDA:4,FiltersBottomSheet
FNDA:3,(anonymous_4)
FNDA:0,(anonymous_5)
FNDA:0,(anonymous_6)
FNDA:0,(anonymous_7)
FNDA:0,(anonymous_8)
FNDA:0,(anonymous_9)
FNDA:0,(anonymous_10)
FNDA:0,(anonymous_11)
FNDA:3,(anonymous_12)
FNDA:0,(anonymous_13)
FNDA:0,(anonymous_14)
FNDA:0,(anonymous_15)
FNDA:0,(anonymous_16)
FNDA:16,(anonymous_17)
FNDA:8,(anonymous_18)
FNDA:1,(anonymous_19)
FNDA:8,(anonymous_20)
FNDA:0,(anonymous_21)
FNDA:0,(anonymous_22)
FNDA:0,(anonymous_23)
FNDA:0,(anonymous_24)
FNDA:0,(anonymous_25)
FNDA:0,(anonymous_26)
FNDA:0,(anonymous_27)
FNDA:0,(anonymous_28)
FNDA:0,(anonymous_29)
FNDA:0,(anonymous_30)
FNDA:0,(anonymous_31)
FNDA:3,makeStyles
DA:1,1
DA:2,1
DA:5,1
DA:6,1
DA:21,1
DA:22,1
DA:29,1
DA:52,1
DA:53,1
DA:54,1
DA:58,1
DA:64,0
DA:65,0
DA:66,0
DA:67,0
DA:68,0
DA:69,0
DA:70,0
DA:74,0
DA:75,0
DA:77,0
DA:78,0
DA:81,0
DA:84,1
DA:101,4
DA:102,4
DA:103,4
DA:105,4
DA:106,4
DA:108,4
DA:110,4
DA:111,0
DA:116,0
DA:120,4
DA:122,0
DA:124,0
DA:126,0
DA:127,0
DA:131,0
DA:132,0
DA:137,0
DA:140,0
DA:150,4
DA:151,3
DA:152,3
DA:153,3
DA:154,3
DA:162,4
DA:163,0
DA:165,0
DA:167,0
DA:168,0
DA:169,0
DA:170,0
DA:171,0
DA:172,0
DA:173,0
DA:174,0
DA:175,0
DA:179,0
DA:182,4
DA:184,0
DA:185,0
DA:187,0
DA:189,0
DA:191,0
DA:192,0
DA:193,0
DA:195,0
DA:196,0
DA:197,0
DA:199,0
DA:200,0
DA:201,0
DA:203,0
DA:205,0
DA:206,0
DA:207,0
DA:208,0
DA:210,0
DA:211,0
DA:212,0
DA:213,0
DA:216,0
DA:217,0
DA:223,4
DA:224,0
DA:227,4
DA:228,0
DA:229,0
DA:231,0
DA:232,0
DA:233,0
DA:234,0
DA:235,0
DA:236,0
DA:237,0
DA:238,0
DA:239,0
DA:243,0
DA:246,4
DA:247,16
DA:249,4
DA:253,4
DA:254,4
DA:256,4
DA:258,4
DA:310,8
DA:312,8
DA:319,1
DA:338,8
DA:340,8
DA:347,0
DA:367,0
DA:386,0
DA:406,0
DA:466,0
DA:476,0
DA:477,0
DA:510,0
DA:520,0
DA:521,0
DA:596,3
LF:123
LH:42
BRDA:64,0,0,0
BRDA:66,1,0,0
BRDA:68,2,0,0
BRDA:77,3,0,0
BRDA:126,4,0,0
BRDA:131,5,0,0
BRDA:131,5,1,0
BRDA:151,6,0,3
BRDA:165,7,0,0
BRDA:165,7,1,0
BRDA:167,8,0,0
BRDA:167,9,0,0
BRDA:167,9,1,0
BRDA:169,10,0,0
BRDA:174,11,0,0
BRDA:184,12,0,0
BRDA:187,13,0,0
BRDA:203,14,0,0
BRDA:203,14,1,0
BRDA:203,14,2,0
BRDA:210,15,0,0
BRDA:210,15,1,0
BRDA:212,16,0,0
BRDA:216,17,0,0
BRDA:216,18,0,0
BRDA:216,18,1,0
BRDA:231,19,0,0
BRDA:231,20,0,0
BRDA:231,20,1,0
BRDA:233,21,0,0
BRDA:238,22,0,0
BRDA:238,23,0,0
BRDA:238,23,1,0
BRDA:249,24,0,0
BRDA:249,24,1,4
BRDA:253,25,0,0
BRDA:253,25,1,4
BRDA:254,26,0,0
BRDA:254,26,1,4
BRDA:256,27,0,0
BRDA:256,27,1,4
BRDA:256,28,0,4
BRDA:256,28,1,0
BRDA:256,28,2,0
BRDA:267,29,0,4
BRDA:267,29,1,0
BRDA:317,30,0,8
BRDA:317,30,1,4
BRDA:325,31,0,8
BRDA:325,31,1,4
BRDA:345,32,0,8
BRDA:345,32,1,0
BRDA:353,33,0,8
BRDA:353,33,1,0
BRDA:365,34,0,0
BRDA:365,34,1,4
BRDA:372,35,0,0
BRDA:372,35,1,0
BRDA:384,36,0,4
BRDA:384,36,1,0
BRDA:392,37,0,4
BRDA:392,37,1,0
BRDA:403,38,0,4
BRDA:403,38,1,0
BRDA:412,39,0,4
BRDA:412,39,1,0
BRDA:428,40,0,0
BRDA:428,40,1,4
BRDA:439,41,0,0
BRDA:439,41,1,4
BRDA:451,42,0,4
BRDA:451,42,1,0
BRDA:460,43,0,4
BRDA:460,43,1,0
BRDA:477,44,0,0
BRDA:477,44,1,0
BRDA:486,45,0,0
BRDA:486,45,1,4
BRDA:495,46,0,4
BRDA:495,46,1,0
BRDA:504,47,0,4
BRDA:504,47,1,0
BRDA:521,48,0,0
BRDA:521,48,1,0
BRDA:530,49,0,0
BRDA:530,49,1,4
BRDA:536,50,0,0
BRDA:536,50,1,4
BRDA:541,51,0,0
BRDA:541,51,1,0
BRDA:576,52,0,0
BRDA:576,52,1,4
BRDA:753,53,0,3
BRDA:753,53,1,0
BRF:94
BRH:29
end_of_record
TN:
SF:src/components/home/HomeHeader.tsx
FN:16,HomeHeader
FN:26,(anonymous_2)
FN:69,makeStyles
FNF:3
FNH:3
FNDA:9,HomeHeader
FNDA:8,(anonymous_2)
FNDA:8,makeStyles
DA:1,1
DA:2,1
DA:3,1
DA:4,1
DA:5,1
DA:16,1
DA:25,9
DA:26,9
DA:28,9
DA:70,8
DA:114,1
LF:11
LH:11
BRDA:21,0,0,6
BRDA:44,1,0,2
BRDA:44,1,1,7
BRDA:47,2,0,1
BRDA:47,2,1,1
BRDA:59,3,0,1
BRDA:59,3,1,8
BRDA:62,4,0,1
BRDA:62,4,1,8
BRF:9
BRH:9
end_of_record
TN:
SF:src/components/home/LocationPickerPanel.tsx
FN:52,isSelectedLocation
FN:66,SavedLocationCard
FN:114,LocationPickerPanel
FN:135,(anonymous_3)
FN:210,(anonymous_4)
FN:217,(anonymous_5)
FN:248,(anonymous_6)
FN:291,(anonymous_7)
FN:301,(anonymous_8)
FN:331,makeStyles
FNF:10
FNH:7
FNDA:7,isSelectedLocation
FNDA:6,SavedLocationCard
FNDA:5,LocationPickerPanel
FNDA:5,(anonymous_3)
FNDA:1,(anonymous_4)
FNDA:0,(anonymous_5)
FNDA:0,(anonymous_6)
FNDA:2,(anonymous_7)
FNDA:0,(anonymous_8)
FNDA:5,makeStyles
DA:1,1
DA:2,1
DA:13,1
DA:14,1
DA:16,1
DA:17,1
DA:56,7
DA:57,7
DA:60,0
DA:87,6
DA:114,1
DA:133,5
DA:134,5
DA:135,5
DA:137,5
DA:138,5
DA:140,5
DA:144,5
DA:146,5
DA:211,1
DA:213,1
DA:217,0
DA:249,0
DA:250,0
DA:292,2
DA:301,0
DA:332,5
LF:27
LH:22
BRDA:56,0,0,7
BRDA:56,1,0,7
BRDA:56,1,1,0
BRDA:61,2,0,0
BRDA:61,2,1,0
BRDA:71,3,0,2
BRDA:91,4,0,6
BRDA:91,4,1,0
BRDA:92,5,0,6
BRDA:92,5,1,0
BRDA:100,6,0,0
BRDA:100,6,1,6
BRDA:102,7,0,0
BRDA:102,7,1,6
BRDA:140,8,0,4
BRDA:140,8,1,1
BRDA:200,9,0,1
BRDA:200,9,1,4
BRDA:204,10,0,0
BRDA:204,10,1,1
BRDA:209,11,0,1
BRDA:209,11,1,0
BRDA:216,12,0,1
BRDA:216,12,1,0
BRDA:221,13,0,0
BRDA:221,13,1,1
BRDA:223,14,0,0
BRDA:223,14,1,1
BRDA:242,15,0,0
BRDA:242,15,1,4
BRDA:247,16,0,4
BRDA:247,16,1,4
BRDA:249,17,0,0
BRDA:265,18,0,1
BRDA:265,18,1,3
BRDA:272,19,0,1
BRDA:272,19,1,2
BRDA:286,20,0,1
BRDA:286,20,1,1
BRDA:316,21,0,5
BRDA:316,21,1,5
BRF:41
BRH:27
end_of_record
TN:
SF:src/components/profile/ProfileEventCard.tsx
FN:32,formatPrivacyLabel
FN:36,ProfileEventCard
FN:48,(anonymous_2)
FN:172,makeStyles
FNF:4
FNH:4
FNDA:1,formatPrivacyLabel
FNDA:1,ProfileEventCard
FNDA:1,(anonymous_2)
FNDA:1,makeStyles
DA:1,1
DA:2,1
DA:3,1
DA:10,1
DA:11,1
DA:12,1
DA:16,1
DA:17,1
DA:18,1
DA:33,1
DA:36,1
DA:46,1
DA:47,1
DA:48,1
DA:50,1
DA:51,1
DA:56,1
DA:57,1
DA:58,1
DA:59,1
DA:61,1
DA:62,0
DA:63,0
DA:64,0
DA:65,0
DA:66,1
DA:67,0
DA:68,0
DA:69,0
DA:70,0
DA:73,1
DA:173,1
LF:32
LH:24
BRDA:61,0,0,0
BRDA:61,0,1,1
BRDA:66,1,0,0
BRDA:81,2,0,0
BRDA:81,2,1,1
BRDA:91,3,0,1
BRDA:91,3,1,0
BRDA:151,4,0,1
BRDA:151,4,1,0
BRF:9
BRH:4
end_of_record
TN:
SF:src/config/apiBaseUrl.ts
FN:19,getApiBaseUrl
FNF:1
FNH:1
FNDA:75,getApiBaseUrl
DA:1,75
DA:3,75
DA:19,75
DA:20,75
DA:21,75
DA:22,0
DA:25,75
DA:26,0
DA:30,75
DA:34,75
DA:38,75
LF:11
LH:9
BRDA:21,0,0,0
BRDA:25,1,0,0
BRDA:30,2,0,0
BRDA:30,2,1,75
BRF:4
BRH:1
end_of_record
TN:
SF:src/contexts/AuthContext.tsx
FN:33,AuthProvider
FN:40,(anonymous_1)
FN:46,(anonymous_2)
FN:49,(anonymous_3)
FN:61,(anonymous_4)
FN:69,(anonymous_5)
FN:76,(anonymous_6)
FN:86,(anonymous_7)
FN:99,useAuth
FNF:9
FNH:0
FNDA:0,AuthProvider
FNDA:0,(anonymous_1)
FNDA:0,(anonymous_2)
FNDA:0,(anonymous_3)
FNDA:0,(anonymous_4)
FNDA:0,(anonymous_5)
FNDA:0,(anonymous_6)
FNDA:0,(anonymous_7)
FNDA:0,useAuth
DA:1,4
DA:9,4
DA:11,4
DA:31,4
DA:33,4
DA:34,0
DA:35,0
DA:36,0
DA:37,0
DA:38,0
DA:40,0
DA:41,0
DA:42,0
DA:43,0
DA:46,0
DA:47,0
DA:49,0
DA:50,0
DA:52,0
DA:53,0
DA:54,0
DA:56,0
DA:57,0
DA:61,0
DA:62,0
DA:63,0
DA:64,0
DA:65,0
DA:66,0
DA:69,0
DA:70,0
DA:71,0
DA:75,0
DA:77,0
DA:86,0
DA:87,0
DA:90,0
DA:99,4
DA:100,0
DA:101,0
DA:102,0
LF:41
LH:6
BRDA:41,0,0,0
BRDA:41,0,1,0
BRDA:42,1,0,0
BRDA:42,1,1,0
BRDA:43,2,0,0
BRDA:43,2,1,0
BRDA:50,3,0,0
BRDA:56,4,0,0
BRDA:56,5,0,0
BRDA:56,5,1,0
BRDA:56,5,2,0
BRDA:63,6,0,0
BRDA:101,7,0,0
BRF:13
BRH:0
end_of_record
TN:
SF:src/contexts/LocaleContext.tsx
FN:22,getCurrentLocale
FN:26,LocaleProvider
FN:31,(anonymous_11)
FN:33,(anonymous_12)
FN:47,(anonymous_13)
FN:52,(anonymous_14)
FN:64,(anonymous_15)
FN:71,useLocale
FNF:8
FNH:1
FNDA:32,getCurrentLocale
FNDA:0,LocaleProvider
FNDA:0,(anonymous_11)
FNDA:0,(anonymous_12)
FNDA:0,(anonymous_13)
FNDA:0,(anonymous_14)
FNDA:0,(anonymous_15)
FNDA:0,useLocale
DA:1,76
DA:2,76
DA:3,76
DA:4,76
DA:6,76
DA:14,76
DA:20,76
DA:22,76
DA:23,32
DA:26,76
DA:27,0
DA:28,0
DA:31,0
DA:32,0
DA:33,0
DA:34,0
DA:35,0
DA:36,0
DA:39,0
DA:40,0
DA:41,0
DA:42,0
DA:44,0
DA:47,0
DA:48,0
DA:52,0
DA:53,0
DA:54,0
DA:55,0
DA:56,0
DA:57,0
DA:63,0
DA:64,0
DA:68,0
DA:71,76
DA:72,0
DA:73,0
DA:74,0
DA:76,0
LF:39
LH:11
BRDA:36,0,0,0
BRDA:36,0,1,0
BRDA:39,1,0,0
BRDA:44,2,0,0
BRDA:73,3,0,0
BRF:5
BRH:0
end_of_record
TN:
SF:src/firebase/pushNotificationPayload.ts
FN:19,toStringData
FN:22,(anonymous_1)
FN:29,firstString
FN:30,(anonymous_3)
FN:34,normalizePushNotificationPayload
FNF:5
FNH:5
FNDA:3,toStringData
FNDA:7,(anonymous_1)
FNDA:15,firstString
FNDA:23,(anonymous_3)
FNDA:3,normalizePushNotificationPayload
DA:20,3
DA:22,3
DA:23,7
DA:24,7
DA:25,7
DA:30,23
DA:31,15
DA:34,2
DA:37,3
DA:39,3
LF:10
LH:10
BRDA:20,0,0,0
BRDA:23,1,0,0
BRDA:31,2,0,13
BRDA:31,2,1,2
BRDA:40,3,0,3
BRDA:40,3,1,0
BRF:6
BRH:3
end_of_record
TN:
SF:src/firebase/usePushMessaging.ts
FN:24,ensureAndroidPostNotificationsPermission
FN:44,usePushMessaging
FN:56,(anonymous_2)
FN:60,(anonymous_3)
FN:64,(anonymous_4)
FN:68,(anonymous_5)
FN:72,(anonymous_6)
FN:91,(anonymous_7)
FN:102,(anonymous_8)
FN:124,(anonymous_9)
FN:131,(anonymous_10)
FN:138,(anonymous_11)
FN:144,(anonymous_12)
FN:153,(anonymous_13)
FN:161,(anonymous_14)
FN:174,(anonymous_15)
FN:176,(anonymous_16)
FN:178,(anonymous_17)
FN:182,(anonymous_18)
FN:193,(anonymous_19)
FN:199,(anonymous_20)
FN:202,(anonymous_21)
FNF:22
FNH:14
FNDA:5,ensureAndroidPostNotificationsPermission
FNDA:9,usePushMessaging
FNDA:6,(anonymous_2)
FNDA:6,(anonymous_3)
FNDA:6,(anonymous_4)
FNDA:8,(anonymous_5)
FNDA:4,(anonymous_6)
FNDA:7,(anonymous_7)
FNDA:5,(anonymous_8)
FNDA:5,(anonymous_9)
FNDA:0,(anonymous_10)
FNDA:0,(anonymous_11)
FNDA:0,(anonymous_12)
FNDA:0,(anonymous_13)
FNDA:0,(anonymous_14)
FNDA:0,(anonymous_15)
FNDA:5,(anonymous_16)
FNDA:15,(anonymous_17)
FNDA:9,(anonymous_18)
FNDA:0,(anonymous_19)
FNDA:2,(anonymous_20)
FNDA:0,(anonymous_21)
DA:1,1
DA:2,1
DA:3,1
DA:14,1
DA:15,1
DA:19,1
DA:25,5
DA:26,5
DA:28,0
DA:31,0
DA:44,1
DA:45,9
DA:46,9
DA:47,9
DA:48,9
DA:49,9
DA:50,9
DA:53,9
DA:54,9
DA:56,9
DA:57,6
DA:60,9
DA:61,6
DA:64,9
DA:65,6
DA:68,9
DA:69,8
DA:72,9
DA:73,4
DA:74,4
DA:75,4
DA:76,4
DA:77,0
DA:79,4
DA:88,4
DA:91,9
DA:92,7
DA:96,2
DA:99,5
DA:100,5
DA:102,5
DA:103,5
DA:105,5
DA:106,5
DA:107,0
DA:110,5
DA:112,5
DA:116,5
DA:117,0
DA:120,5
DA:121,5
DA:124,5
DA:125,5
DA:126,5
DA:127,5
DA:128,5
DA:129,5
DA:130,5
DA:131,3
DA:135,5
DA:137,5
DA:139,0
DA:143,5
DA:145,0
DA:146,0
DA:148,0
DA:149,0
DA:153,0
DA:160,5
DA:162,0
DA:168,5
DA:169,5
DA:170,1
DA:176,5
DA:177,5
DA:178,15
DA:182,9
DA:183,9
DA:186,9
DA:187,9
DA:189,9
DA:190,1
DA:194,1
DA:197,8
DA:198,2
DA:199,2
DA:200,2
DA:201,2
LF:88
LH:76
BRDA:25,0,0,5
BRDA:25,1,0,5
BRDA:25,1,1,0
BRDA:45,2,0,9
BRDA:45,2,1,6
BRDA:49,3,0,9
BRDA:49,3,1,3
BRDA:51,4,0,7
BRDA:51,4,1,2
BRDA:51,5,0,7
BRDA:51,5,1,3
BRDA:69,6,0,8
BRDA:69,6,1,3
BRDA:74,7,0,4
BRDA:74,7,1,0
BRDA:76,8,0,0
BRDA:92,9,0,2
BRDA:93,10,0,7
BRDA:93,10,1,5
BRDA:93,10,2,0
BRDA:106,11,0,0
BRDA:106,12,0,5
BRDA:106,12,1,5
BRDA:112,13,0,5
BRDA:112,13,1,0
BRDA:112,13,2,0
BRDA:116,14,0,0
BRDA:116,15,0,5
BRDA:116,15,1,5
BRDA:120,16,0,5
BRDA:126,17,0,0
BRDA:130,18,0,3
BRDA:148,19,0,0
BRDA:169,20,0,1
BRDA:169,21,0,5
BRDA:169,21,1,5
BRDA:183,22,0,7
BRDA:183,22,1,2
BRDA:184,23,0,7
BRDA:184,23,1,3
BRDA:189,24,0,1
BRDA:189,25,0,9
BRDA:189,25,1,4
BRDA:197,26,0,2
BRDA:197,27,0,8
BRDA:197,27,1,5
BRF:46
BRH:36
end_of_record
TN:
SF:src/i18n/index.ts
FN:9,isSupportedLocale
FN:17,resolveLocale
FNF:2
FNH:0
FNDA:0,isSupportedLocale
FNDA:0,resolveLocale
DA:1,119
DA:2,119
DA:3,119
DA:4,119
DA:6,119
DA:9,119
DA:10,0
DA:17,119
DA:18,0
DA:19,0
DA:20,0
DA:21,0
DA:24,119
DA:37,119
LF:14
LH:9
BRDA:10,0,0,0
BRDA:10,0,1,0
BRDA:18,1,0,0
BRDA:20,2,0,0
BRF:4
BRH:0
end_of_record
TN:
SF:src/models/event.ts
FN:445,(anonymous_0)
FNF:1
FNH:1
FNDA:2,(anonymous_0)
DA:445,2
DA:446,2
DA:447,2
DA:448,2
DA:449,2
DA:450,2
DA:451,2
DA:452,2
LF:8
LH:8
BRDA:445,0,0,2
BRDA:445,0,1,2
BRF:2
BRH:2
end_of_record
TN:
SF:src/services/api.ts
FN:21,(anonymous_0)
FN:31,parseErrorResponse
FN:44,requestJson
FN:100,apiPost
FN:107,apiGet
FN:113,apiGetAuth
FN:123,apiPostAuth
FN:134,apiDeleteAuth
FN:144,apiPatchAuth
FN:155,apiPutAuth
FNF:10
FNH:7
FNDA:42,(anonymous_0)
FNDA:5,parseErrorResponse
FNDA:27,requestJson
FNDA:0,apiPost
FNDA:3,apiGet
FNDA:15,apiGetAuth
FNDA:6,apiPostAuth
FNDA:0,apiDeleteAuth
FNDA:1,apiPatchAuth
FNDA:0,apiPutAuth
DA:1,72
DA:3,72
DA:7,72
DA:8,72
DA:13,72
DA:15,72
DA:22,42
DA:23,42
DA:24,42
DA:25,42
DA:26,42
DA:27,42
DA:32,5
DA:33,5
DA:35,0
DA:50,27
DA:54,27
DA:60,27
DA:61,20
DA:62,20
DA:65,27
DA:66,24
DA:69,27
DA:74,27
DA:80,3
DA:81,2
DA:88,24
DA:89,5
DA:90,5
DA:93,19
DA:94,0
DA:97,19
DA:100,72
DA:101,0
DA:107,72
DA:108,3
DA:113,72
DA:114,15
DA:123,72
DA:124,6
DA:134,72
DA:135,0
DA:144,72
DA:145,1
DA:155,72
DA:156,0
LF:46
LH:41
BRDA:50,0,0,24
BRDA:50,0,1,3
BRDA:51,1,0,24
BRDA:51,1,1,11
BRDA:60,2,0,20
BRDA:65,3,0,24
BRDA:74,4,0,3
BRDA:75,5,0,27
BRDA:75,5,1,24
BRDA:75,5,2,5
BRDA:75,5,3,4
BRDA:88,6,0,5
BRDA:93,7,0,0
BRF:13
BRH:12
end_of_record
TN:
SF:src/services/authService.ts
FN:19,checkRegistrationAvailability
FN:28,requestRegistrationOtp
FN:37,verifyRegistration
FN:43,login
FN:47,logout
FN:51,refreshSession
FN:57,requestPasswordResetOtp
FN:66,verifyPasswordResetOtp
FN:75,resetPassword
FNF:9
FNH:0
FNDA:0,checkRegistrationAvailability
FNDA:0,requestRegistrationOtp
FNDA:0,verifyRegistration
FNDA:0,login
FNDA:0,logout
FNDA:0,refreshSession
FNDA:0,requestPasswordResetOtp
FNDA:0,verifyPasswordResetOtp
FNDA:0,resetPassword
DA:1,4
DA:19,4
DA:22,0
DA:28,4
DA:31,0
DA:37,4
DA:40,0
DA:43,4
DA:44,0
DA:47,4
DA:48,0
DA:51,4
DA:54,0
DA:57,4
DA:60,0
DA:66,4
DA:69,0
DA:75,4
DA:78,0
LF:19
LH:10
BRF:0
BRH:0
end_of_record
TN:
SF:src/services/commentService.ts
FN:12,buildCommentsPath
FN:22,buildRepliesPath
FN:31,listEventComments
FN:43,listCommentReplies
FN:56,createDiscussionComment
FN:64,upsertReviewComment
FNF:6
FNH:6
FNDA:4,buildCommentsPath
FNDA:2,buildRepliesPath
FNDA:4,listEventComments
FNDA:2,listCommentReplies
FNDA:3,createDiscussionComment
FNDA:2,upsertReviewComment
DA:1,2
DA:13,4
DA:14,4
DA:15,4
DA:16,4
DA:17,4
DA:18,4
DA:19,4
DA:23,2
DA:24,2
DA:25,2
DA:26,2
DA:27,2
DA:28,2
DA:31,2
DA:36,4
DA:37,4
DA:38,2
DA:40,2
DA:43,2
DA:49,2
DA:50,2
DA:51,1
DA:53,1
DA:56,2
DA:61,3
DA:64,2
DA:69,2
LF:28
LH:28
BRDA:14,0,0,1
BRDA:15,1,0,1
BRDA:16,2,0,1
BRDA:17,3,0,0
BRDA:19,4,0,1
BRDA:19,4,1,3
BRDA:24,5,0,1
BRDA:25,6,0,1
BRDA:28,7,0,1
BRDA:28,7,1,1
BRDA:33,8,0,2
BRDA:37,9,0,2
BRDA:46,10,0,1
BRDA:50,11,0,1
BRF:14
BRH:13
end_of_record
TN:
SF:src/services/deviceInstallation.ts
FN:5,newInstallationID
FN:11,(anonymous_10)
FN:18,getDeviceInstallationID
FNF:3
FNH:2
FNDA:1,newInstallationID
FNDA:0,(anonymous_10)
FNDA:2,getDeviceInstallationID
DA:1,3
DA:3,3
DA:6,1
DA:7,1
DA:8,1
DA:11,0
DA:12,0
DA:13,0
DA:14,0
DA:18,3
DA:19,2
DA:20,2
DA:21,1
DA:24,1
DA:25,1
DA:26,1
LF:16
LH:12
BRDA:7,0,0,1
BRDA:13,1,0,0
BRDA:13,1,1,0
BRDA:20,2,0,1
BRF:4
BRH:2
end_of_record
TN:
SF:src/services/deviceLocationService.ts
FN:6,buildAddressLabel
FN:26,(anonymous_10)
FN:29,(anonymous_11)
FN:30,(anonymous_12)
FN:36,getCurrentLocationSuggestion
FNF:5
FNH:0
FNDA:0,buildAddressLabel
FNDA:0,(anonymous_10)
FNDA:0,(anonymous_11)
FNDA:0,(anonymous_12)
FNDA:0,getCurrentLocationSuggestion
DA:1,2
DA:4,2
DA:9,0
DA:10,0
DA:13,0
DA:14,0
DA:17,0
DA:26,0
DA:28,0
DA:30,0
DA:33,0
DA:36,2
DA:37,0
DA:38,0
DA:40,0
DA:41,0
DA:44,0
DA:48,0
DA:53,0
DA:59,0
LF:20
LH:3
BRDA:9,0,0,0
BRDA:13,1,0,0
BRDA:19,2,0,0
BRDA:19,2,1,0
BRDA:19,3,0,0
BRDA:19,3,1,0
BRDA:33,4,0,0
BRDA:33,4,1,0
BRDA:40,5,0,0
BRF:9
BRH:0
end_of_record
TN:
SF:src/services/eventService.ts
FN:55,buildPhotonDisplayName
FN:95,createEvent
FN:102,updateEvent
FN:110,getEventDetail
FN:117,buildCollectionPath
FN:125,getEventHostContextSummary
FN:132,listEventApprovedParticipants
FN:143,listEventPendingJoinRequests
FN:154,listEventInvitations
FN:165,createEventInvitations
FN:174,joinEvent
FN:181,requestJoinEvent
FN:189,withdrawJoinRequest
FN:196,approveJoinRequest
FN:208,rejectJoinRequest
FN:220,leaveEvent
FN:227,reconfirmEventParticipation
FN:238,cancelEvent
FN:245,upsertEventRating
FN:253,upsertParticipantRating
FN:266,searchLocation
FN:286,(anonymous_30)
FN:290,(anonymous_31)
FN:305,(anonymous_32)
FN:308,reverseGeocode
FN:329,(anonymous_34)
FN:365,fetchRoutedGeometry
FN:369,(anonymous_36)
FN:373,(anonymous_37)
FN:386,(anonymous_38)
FN:401,listCategories
FN:405,appendArrayParam
FN:414,getJoinRequestImageUploadUrl
FN:425,getEventImageUploadUrl
FN:436,confirmEventImageUpload
FN:448,uploadFileToPresignedUrl
FN:474,listEvents
FN:532,normalizeMyEventStatus
FN:545,normalizeOptionalDateTime
FN:559,mapToMyEventSummary
FN:581,listMyEvents
FN:582,(anonymous_50)
FN:585,(anonymous_51)
FN:586,(anonymous_52)
FN:593,(anonymous_53)
FN:594,(anonymous_54)
FN:595,(anonymous_55)
FN:596,(anonymous_56)
FN:600,(anonymous_57)
FN:601,(anonymous_58)
FN:603,(anonymous_59)
FN:612,(anonymous_60)
FN:613,(anonymous_61)
FN:614,(anonymous_62)
FN:622,reportEvent
FN:630,getEventReportImageUploadUrl
FNF:56
FNH:26
FNDA:8,buildPhotonDisplayName
FNDA:0,createEvent
FNDA:1,updateEvent
FNDA:0,getEventDetail
FNDA:0,buildCollectionPath
FNDA:0,getEventHostContextSummary
FNDA:0,listEventApprovedParticipants
FNDA:0,listEventPendingJoinRequests
FNDA:0,listEventInvitations
FNDA:0,createEventInvitations
FNDA:0,joinEvent
FNDA:0,requestJoinEvent
FNDA:0,withdrawJoinRequest
FNDA:0,approveJoinRequest
FNDA:0,rejectJoinRequest
FNDA:0,leaveEvent
FNDA:1,reconfirmEventParticipation
FNDA:0,cancelEvent
FNDA:0,upsertEventRating
FNDA:0,upsertParticipantRating
FNDA:13,searchLocation
FNDA:1,(anonymous_30)
FNDA:9,(anonymous_31)
FNDA:9,(anonymous_32)
FNDA:9,reverseGeocode
FNDA:1,(anonymous_34)
FNDA:13,fetchRoutedGeometry
FNDA:23,(anonymous_36)
FNDA:21,(anonymous_37)
FNDA:1,(anonymous_38)
FNDA:0,listCategories
FNDA:0,appendArrayParam
FNDA:0,getJoinRequestImageUploadUrl
FNDA:0,getEventImageUploadUrl
FNDA:0,confirmEventImageUpload
FNDA:3,uploadFileToPresignedUrl
FNDA:0,listEvents
FNDA:5,normalizeMyEventStatus
FNDA:5,normalizeOptionalDateTime
FNDA:5,mapToMyEventSummary
FNDA:2,listMyEvents
FNDA:8,(anonymous_50)
FNDA:8,(anonymous_51)
FNDA:0,(anonymous_52)
FNDA:0,(anonymous_53)
FNDA:0,(anonymous_54)
FNDA:0,(anonymous_55)
FNDA:0,(anonymous_56)
FNDA:2,(anonymous_57)
FNDA:2,(anonymous_58)
FNDA:2,(anonymous_59)
FNDA:4,(anonymous_60)
FNDA:3,(anonymous_61)
FNDA:3,(anonymous_62)
FNDA:0,reportEvent
FNDA:0,getEventReportImageUploadUrl
DA:1,16
DA:2,16
DA:37,16
DA:56,8
DA:64,8
DA:65,8
DA:66,8
DA:67,40
DA:68,40
DA:69,18
DA:70,18
DA:71,16
DA:72,16
DA:74,8
DA:95,16
DA:99,0
DA:102,16
DA:107,1
DA:110,16
DA:114,0
DA:118,0
DA:119,0
DA:120,0
DA:121,0
DA:122,0
DA:125,16
DA:129,0
DA:132,16
DA:137,0
DA:143,16
DA:148,0
DA:154,16
DA:159,0
DA:165,16
DA:171,0
DA:174,16
DA:178,0
DA:181,16
DA:186,0
DA:189,16
DA:193,0
DA:196,16
DA:201,0
DA:208,16
DA:213,0
DA:220,16
DA:224,0
DA:227,16
DA:231,1
DA:238,16
DA:242,0
DA:245,16
DA:250,0
DA:253,16
DA:259,0
DA:266,16
DA:269,13
DA:271,11
DA:278,11
DA:279,11
DA:281,1
DA:284,10
DA:286,9
DA:287,9
DA:289,7
DA:291,9
DA:292,9
DA:293,7
DA:294,7
DA:296,6
DA:297,6
DA:299,5
DA:305,9
DA:308,16
DA:312,9
DA:314,7
DA:321,7
DA:322,7
DA:324,1
DA:327,6
DA:329,5
DA:330,5
DA:332,2
DA:333,2
DA:336,2
DA:337,2
DA:338,2
DA:339,2
DA:341,1
DA:348,16
DA:365,16
DA:368,13
DA:369,23
DA:370,1
DA:373,21
DA:375,10
DA:379,10
DA:380,10
DA:382,2
DA:384,8
DA:386,7
DA:387,7
DA:388,5
DA:389,5
DA:391,3
DA:392,3
DA:393,9
DA:394,9
DA:395,9
DA:396,8
DA:398,3
DA:401,16
DA:402,0
DA:410,0
DA:411,0
DA:414,16
DA:418,0
DA:425,16
DA:429,0
DA:436,16
DA:441,0
DA:448,16
DA:454,3
DA:455,3
DA:460,1
DA:463,2
DA:469,2
DA:470,1
DA:474,16
DA:478,0
DA:480,0
DA:481,0
DA:483,0
DA:484,0
DA:487,0
DA:488,0
DA:492,0
DA:493,0
DA:494,0
DA:497,0
DA:498,0
DA:501,0
DA:502,0
DA:505,0
DA:506,0
DA:509,0
DA:510,0
DA:513,0
DA:514,0
DA:517,0
DA:518,0
DA:521,0
DA:522,0
DA:525,0
DA:526,0
DA:529,0
DA:533,5
DA:539,5
DA:542,0
DA:546,5
DA:548,5
DA:549,5
DA:552,5
DA:553,1
DA:556,4
DA:563,5
DA:564,5
DA:566,5
DA:581,16
DA:582,2
DA:583,8
DA:586,8
DA:592,2
DA:593,0
DA:594,0
DA:595,0
DA:596,0
DA:599,2
DA:600,2
DA:601,2
DA:603,2
DA:605,2
DA:611,2
DA:612,4
DA:613,3
DA:614,3
DA:616,2
DA:622,16
DA:627,0
DA:630,16
DA:634,0
LF:191
LH:130
BRDA:57,0,0,1
BRDA:57,0,1,7
BRDA:57,1,0,8
BRDA:57,1,1,1
BRDA:67,2,0,40
BRDA:67,2,1,20
BRDA:68,3,0,22
BRDA:70,4,0,2
BRDA:119,5,0,0
BRDA:120,6,0,0
BRDA:122,7,0,0
BRDA:122,7,1,0
BRDA:135,8,0,0
BRDA:146,9,0,0
BRDA:157,10,0,0
BRDA:269,11,0,2
BRDA:284,12,0,1
BRDA:287,13,0,2
BRDA:287,14,0,9
BRDA:287,14,1,8
BRDA:292,15,0,2
BRDA:292,16,0,9
BRDA:292,16,1,8
BRDA:294,17,0,1
BRDA:294,18,0,7
BRDA:294,18,1,6
BRDA:296,19,0,6
BRDA:296,19,1,0
BRDA:297,20,0,1
BRDA:312,21,0,2
BRDA:312,22,0,9
BRDA:312,22,1,8
BRDA:327,23,0,1
BRDA:330,24,0,3
BRDA:330,25,0,5
BRDA:330,25,1,4
BRDA:330,25,2,4
BRDA:336,26,0,2
BRDA:336,26,1,0
BRDA:336,27,0,2
BRDA:336,27,1,2
BRDA:337,28,0,2
BRDA:337,28,1,0
BRDA:337,29,0,2
BRDA:337,29,1,2
BRDA:338,30,0,2
BRDA:338,30,1,0
BRDA:339,31,0,1
BRDA:368,32,0,2
BRDA:369,33,0,1
BRDA:369,34,0,23
BRDA:369,34,1,22
BRDA:384,35,0,1
BRDA:387,36,0,2
BRDA:387,37,0,7
BRDA:387,37,1,6
BRDA:389,38,0,2
BRDA:389,39,0,5
BRDA:389,39,1,4
BRDA:393,40,0,0
BRDA:393,41,0,9
BRDA:393,41,1,9
BRDA:395,42,0,1
BRDA:395,43,0,9
BRDA:395,43,1,8
BRDA:398,44,0,3
BRDA:398,44,1,0
BRDA:410,45,0,0
BRDA:410,46,0,0
BRDA:410,46,1,0
BRDA:455,47,0,1
BRDA:456,48,0,3
BRDA:456,48,1,3
BRDA:456,48,2,1
BRDA:469,49,0,1
BRDA:469,50,0,2
BRDA:469,50,1,2
BRDA:483,51,0,0
BRDA:487,52,0,0
BRDA:497,53,0,0
BRDA:501,54,0,0
BRDA:505,55,0,0
BRDA:509,56,0,0
BRDA:513,57,0,0
BRDA:517,58,0,0
BRDA:521,59,0,0
BRDA:525,60,0,0
BRDA:533,61,0,5
BRDA:534,62,0,5
BRDA:534,62,1,4
BRDA:534,62,2,3
BRDA:534,62,3,2
BRDA:546,63,0,0
BRDA:549,64,0,0
BRDA:552,65,0,1
BRDA:564,66,0,0
BRDA:569,67,0,5
BRDA:569,67,1,0
BRDA:572,68,0,5
BRDA:572,68,1,5
BRDA:573,69,0,5
BRDA:573,69,1,5
BRDA:577,70,0,2
BRDA:577,70,1,3
BRDA:582,71,0,8
BRDA:599,72,0,2
BRDA:599,72,1,0
BRDA:606,73,0,2
BRDA:606,73,1,0
BRDA:607,74,0,2
BRDA:607,74,1,0
BRDA:608,75,0,2
BRDA:608,75,1,0
BRF:113
BRH:79
end_of_record
TN:
SF:src/services/favoriteService.ts
FN:9,listFavoriteEvents
FN:15,addFavorite
FN:22,removeFavorite
FN:29,listFavoriteLocations
FN:35,createFavoriteLocation
FN:42,deleteFavoriteLocation
FNF:6
FNH:0
FNDA:0,listFavoriteEvents
FNDA:0,addFavorite
FNDA:0,removeFavorite
FNDA:0,listFavoriteLocations
FNDA:0,createFavoriteLocation
FNDA:0,deleteFavoriteLocation
DA:1,5
DA:9,5
DA:12,0
DA:15,5
DA:19,0
DA:22,5
DA:26,0
DA:29,5
DA:32,0
DA:35,5
DA:39,0
DA:42,5
DA:46,0
LF:13
LH:7
BRF:0
BRH:0
end_of_record
TN:
SF:src/services/homeLocationSelectionStore.ts
FN:17,getHomeLocationSelection
FN:23,setHomeLocationSelection
FN:30,clearHomeLocationSelection
FN:34,__resetHomeLocationSelectionStoreForTests
FNF:4
FNH:3
FNDA:333,getHomeLocationSelection
FNDA:8,setHomeLocationSelection
FNDA:0,clearHomeLocationSelection
FNDA:43,__resetHomeLocationSelectionStoreForTests
DA:10,2
DA:15,2
DA:17,2
DA:20,333
DA:23,2
DA:27,8
DA:30,2
DA:31,0
DA:34,2
DA:35,43
LF:10
LH:9
BRDA:20,0,0,333
BRDA:20,0,1,310
BRF:2
BRH:2
end_of_record
TN:
SF:src/services/invitationService.ts
FN:11,listMyInvitations
FN:18,acceptInvitation
FN:32,declineInvitation
FN:46,revokeInvitation
FNF:4
FNH:0
FNDA:0,listMyInvitations
FNDA:0,acceptInvitation
FNDA:0,declineInvitation
FNDA:0,revokeInvitation
DA:1,4
DA:11,4
DA:12,0
DA:18,4
DA:22,0
DA:32,4
DA:36,0
DA:46,4
DA:51,0
LF:9
LH:5
BRF:0
BRH:0
end_of_record
TN:
SF:src/services/notificationPreferenceService.ts
FN:9,emitPushPreference
FN:10,(anonymous_10)
FN:13,getPushNotificationsEnabled
FN:18,setPushNotificationsEnabled
FN:26,subscribePushNotificationsEnabled
FN:30,(anonymous_14)
FNF:6
FNH:6
FNDA:3,emitPushPreference
FNDA:1,(anonymous_10)
FNDA:2,getPushNotificationsEnabled
FNDA:3,setPushNotificationsEnabled
FNDA:1,subscribePushNotificationsEnabled
FNDA:1,(anonymous_14)
DA:1,1
DA:3,1
DA:7,1
DA:10,3
DA:13,1
DA:14,2
DA:15,2
DA:18,1
DA:19,3
DA:23,3
DA:26,1
DA:29,1
DA:30,1
LF:13
LH:13
BRDA:21,0,0,1
BRDA:21,0,1,2
BRF:2
BRH:2
end_of_record
TN:
SF:src/services/notificationService.ts
FN:14,notificationListEndpoint
FN:33,listNotifications
FN:43,getUnreadNotificationCount
FN:52,markNotificationRead
FN:63,markAllNotificationsRead
FN:73,deleteNotification
FN:80,deleteAllNotifications
FNF:7
FNH:7
FNDA:2,notificationListEndpoint
FNDA:2,listNotifications
FNDA:1,getUnreadNotificationCount
FNDA:1,markNotificationRead
FNDA:1,markAllNotificationsRead
FNDA:1,deleteNotification
FNDA:1,deleteAllNotifications
DA:6,2
DA:15,2
DA:17,2
DA:18,1
DA:21,2
DA:22,1
DA:25,2
DA:28,2
DA:30,2
DA:33,2
DA:37,2
DA:43,2
DA:46,1
DA:52,2
DA:56,1
DA:63,2
DA:66,1
DA:73,2
DA:77,1
DA:80,2
DA:81,1
LF:21
LH:21
BRDA:17,0,0,1
BRDA:21,1,0,1
BRDA:25,2,0,1
BRDA:25,2,1,1
BRDA:30,3,0,1
BRDA:30,3,1,1
BRF:6
BRH:6
end_of_record
TN:
SF:src/services/profileService.ts
FN:14,getMyProfile
FN:18,getMyHostedEvents
FN:22,getMyUpcomingEvents
FN:26,getMyCompletedEvents
FN:30,getMyCanceledEvents
FN:34,getProfileAvatarUploadUrl
FN:40,confirmProfileAvatarUpload
FN:51,updateMyProfile
FN:58,getPublicProfile
FN:66,getMyEquipment
FN:70,createEquipment
FN:77,updateEquipment
FN:85,deleteEquipment
FN:93,getShowcaseImageUploadUrl
FN:99,confirmShowcaseImageUpload
FN:110,deleteShowcaseImage
FN:118,getMyBadges
FN:122,getUserBadges
FN:129,getBadgeCatalog
FN:133,searchUsers
FN:140,changePassword
FNF:21
FNH:0
FNDA:0,getMyProfile
FNDA:0,getMyHostedEvents
FNDA:0,getMyUpcomingEvents
FNDA:0,getMyCompletedEvents
FNDA:0,getMyCanceledEvents
FNDA:0,getProfileAvatarUploadUrl
FNDA:0,confirmProfileAvatarUpload
FNDA:0,updateMyProfile
FNDA:0,getPublicProfile
FNDA:0,getMyEquipment
FNDA:0,createEquipment
FNDA:0,updateEquipment
FNDA:0,deleteEquipment
FNDA:0,getShowcaseImageUploadUrl
FNDA:0,confirmShowcaseImageUpload
FNDA:0,deleteShowcaseImage
FNDA:0,getMyBadges
FNDA:0,getUserBadges
FNDA:0,getBadgeCatalog
FNDA:0,searchUsers
FNDA:0,changePassword
DA:1,11
DA:14,11
DA:15,0
DA:18,11
DA:19,0
DA:22,11
DA:23,0
DA:26,11
DA:27,0
DA:30,11
DA:31,0
DA:34,11
DA:37,0
DA:40,11
DA:44,0
DA:51,11
DA:55,0
DA:58,11
DA:62,0
DA:66,11
DA:67,0
DA:70,11
DA:74,0
DA:77,11
DA:82,0
DA:85,11
DA:89,0
DA:93,11
DA:96,0
DA:99,11
DA:103,0
DA:110,11
DA:114,0
DA:118,11
DA:119,0
DA:122,11
DA:126,0
DA:129,11
DA:130,0
DA:133,11
DA:137,0
DA:140,11
DA:145,0
LF:43
LH:22
BRF:0
BRH:0
end_of_record
TN:
SF:src/services/pushDeviceService.ts
FN:7,registerPushDevice
FN:19,unregisterPushDevice
FNF:2
FNH:2
FNDA:1,registerPushDevice
FNDA:1,unregisterPushDevice
DA:1,2
DA:7,2
DA:12,1
DA:19,2
DA:23,1
LF:5
LH:5
BRF:0
BRH:0
end_of_record
TN:
SF:src/services/sessionManager.ts
FN:19,notifyListeners
FN:25,mapAuthSession
FN:33,isTerminalRefreshError
FN:42,refreshSessionRequest
FN:55,(anonymous_4)
FN:69,hydrateSession
FN:71,(anonymous_6)
FN:81,getCurrentSession
FN:85,subscribeToSession
FN:87,(anonymous_9)
FN:92,setSession
FN:99,setSessionFromAuthResponse
FN:105,clearSession
FN:113,refreshSession
FN:115,(anonymous_14)
FNF:15
FNH:9
FNDA:11,notifyListeners
FNDA:3,mapAuthSession
FNDA:2,isTerminalRefreshError
FNDA:5,refreshSessionRequest
FNDA:0,(anonymous_4)
FNDA:0,hydrateSession
FNDA:0,(anonymous_6)
FNDA:22,getCurrentSession
FNDA:0,subscribeToSession
FNDA:0,(anonymous_9)
FNDA:5,setSession
FNDA:0,setSessionFromAuthResponse
FNDA:3,clearSession
FNDA:6,refreshSession
FNDA:5,(anonymous_14)
DA:2,75
DA:3,75
DA:4,75
DA:9,75
DA:13,75
DA:14,75
DA:15,75
DA:16,75
DA:17,75
DA:20,11
DA:21,0
DA:26,3
DA:34,2
DA:45,5
DA:54,5
DA:55,2
DA:56,2
DA:61,2
DA:62,2
DA:63,2
DA:66,3
DA:69,75
DA:70,0
DA:71,0
DA:72,0
DA:73,0
DA:74,0
DA:78,0
DA:81,75
DA:82,22
DA:85,75
DA:86,0
DA:87,0
DA:88,0
DA:92,75
DA:93,5
DA:94,5
DA:95,5
DA:96,5
DA:99,75
DA:102,0
DA:105,75
DA:106,3
DA:107,3
DA:108,3
DA:109,3
DA:110,3
DA:113,75
DA:114,6
DA:115,5
DA:116,5
DA:117,5
DA:118,0
DA:120,5
DA:122,5
DA:123,5
DA:124,3
DA:125,3
DA:130,0
DA:132,3
DA:133,3
DA:134,3
DA:135,3
DA:136,3
DA:138,2
DA:139,2
DA:141,2
DA:143,5
DA:148,6
LF:69
LH:56
BRDA:35,0,0,2
BRDA:35,0,1,2
BRDA:35,0,2,2
BRDA:35,0,3,2
BRDA:54,1,0,2
BRDA:57,2,0,2
BRDA:57,2,1,0
BRDA:70,3,0,0
BRDA:114,4,0,5
BRDA:116,5,0,5
BRDA:116,5,1,0
BRDA:117,6,0,0
BRDA:125,7,0,0
BRDA:126,8,0,3
BRDA:126,8,1,3
BRDA:126,8,2,3
BRDA:138,9,0,2
BRF:17
BRH:12
end_of_record
TN:
SF:src/services/sessionStorage.ts
FN:6,readStoredSession
FN:29,writeStoredSession
FN:33,clearStoredSession
FNF:3
FNH:2
FNDA:0,readStoredSession
FNDA:8,writeStoredSession
FNDA:3,clearStoredSession
DA:1,75
DA:4,75
DA:6,75
DA:7,0
DA:8,0
DA:10,0
DA:11,0
DA:12,0
DA:19,0
DA:25,0
DA:26,0
DA:29,75
DA:30,8
DA:33,75
DA:34,3
LF:15
LH:7
BRDA:8,0,0,0
BRDA:12,1,0,0
BRDA:13,2,0,0
BRDA:13,2,1,0
BRDA:13,2,2,0
BRDA:13,2,3,0
BRDA:13,2,4,0
BRF:7
BRH:0
end_of_record
TN:
SF:src/services/ticketService.ts
FN:20,parseTicketQrEventBlock
FN:23,(anonymous_1)
FN:25,(anonymous_2)
FN:27,(anonymous_3)
FN:28,(anonymous_4)
FN:54,parseErrorResponse
FN:67,ticketRequest
FN:116,ticketJsonRequest
FN:134,listMyTickets
FN:138,getMyTicket
FN:142,scanTicket
FN:160,getTicketQrTokenOnce
FN:167,(anonymous_12)
FN:179,(anonymous_13)
FN:184,(anonymous_14)
FN:192,(anonymous_15)
FN:203,(anonymous_16)
FN:208,(anonymous_17)
FN:214,(anonymous_18)
FN:218,(anonymous_19)
FN:219,(anonymous_20)
FN:222,(anonymous_21)
FN:239,(anonymous_22)
FN:243,(anonymous_23)
FN:246,(anonymous_24)
FNF:25
FNH:0
FNDA:0,parseTicketQrEventBlock
FNDA:0,(anonymous_1)
FNDA:0,(anonymous_2)
FNDA:0,(anonymous_3)
FNDA:0,(anonymous_4)
FNDA:0,parseErrorResponse
FNDA:0,ticketRequest
FNDA:0,ticketJsonRequest
FNDA:0,listMyTickets
FNDA:0,getMyTicket
FNDA:0,scanTicket
FNDA:0,getTicketQrTokenOnce
FNDA:0,(anonymous_12)
FNDA:0,(anonymous_13)
FNDA:0,(anonymous_14)
FNDA:0,(anonymous_15)
FNDA:0,(anonymous_16)
FNDA:0,(anonymous_17)
FNDA:0,(anonymous_18)
FNDA:0,(anonymous_19)
FNDA:0,(anonymous_20)
FNDA:0,(anonymous_21)
FNDA:0,(anonymous_22)
FNDA:0,(anonymous_23)
FNDA:0,(anonymous_24)
DA:1,4
DA:2,4
DA:9,4
DA:10,4
DA:21,0
DA:23,0
DA:25,0
DA:26,0
DA:27,0
DA:28,0
DA:30,0
DA:31,0
DA:34,0
DA:35,0
DA:36,0
DA:37,0
DA:44,0
DA:45,0
DA:51,0
DA:55,0
DA:56,0
DA:58,0
DA:73,0
DA:77,0
DA:82,0
DA:83,0
DA:86,0
DA:87,0
DA:90,0
DA:95,0
DA:101,0
DA:102,0
DA:109,0
DA:110,0
DA:113,0
DA:121,0
DA:127,0
DA:128,0
DA:131,0
DA:134,4
DA:135,0
DA:138,4
DA:139,0
DA:142,4
DA:147,0
DA:160,4
DA:165,0
DA:167,0
DA:168,0
DA:169,0
DA:170,0
DA:171,0
DA:172,0
DA:173,0
DA:175,0
DA:176,0
DA:177,0
DA:179,0
DA:180,0
DA:181,0
DA:184,0
DA:185,0
DA:186,0
DA:187,0
DA:188,0
DA:189,0
DA:192,0
DA:193,0
DA:194,0
DA:195,0
DA:197,0
DA:198,0
DA:200,0
DA:201,0
DA:202,0
DA:203,0
DA:204,0
DA:207,0
DA:208,0
DA:209,0
DA:214,0
DA:215,0
DA:218,0
DA:219,0
DA:222,0
DA:223,0
DA:225,0
DA:226,0
DA:229,0
DA:230,0
DA:231,0
DA:232,0
DA:233,0
DA:234,0
DA:239,0
DA:240,0
DA:243,0
DA:246,0
DA:247,0
DA:248,0
DA:249,0
DA:250,0
DA:251,0
DA:257,0
LF:104
LH:8
BRDA:30,0,0,0
BRDA:36,1,0,0
BRDA:38,2,0,0
BRDA:38,2,1,0
BRDA:44,3,0,0
BRDA:73,4,0,0
BRDA:73,4,1,0
BRDA:74,5,0,0
BRDA:74,5,1,0
BRDA:82,6,0,0
BRDA:82,7,0,0
BRDA:82,7,1,0
BRDA:82,7,2,0
BRDA:86,8,0,0
BRDA:95,9,0,0
BRDA:96,10,0,0
BRDA:96,10,1,0
BRDA:96,10,2,0
BRDA:96,10,3,0
BRDA:109,11,0,0
BRDA:127,12,0,0
BRDA:185,13,0,0
BRDA:198,14,0,0
BRDA:198,14,1,0
BRDA:202,15,0,0
BRDA:207,16,0,0
BRDA:225,17,0,0
BRDA:229,18,0,0
BRDA:233,19,0,0
BRF:29
BRH:0
end_of_record
TN:
SF:src/theme/ThemeContext.tsx
FN:30,ThemeProvider
FN:35,(anonymous_10)
FN:37,(anonymous_11)
FN:42,(anonymous_12)
FN:45,(anonymous_13)
FN:50,(anonymous_14)
FN:56,(anonymous_15)
FN:58,(anonymous_16)
FN:68,(anonymous_17)
FN:83,useTheme
FNF:10
FNH:10
FNDA:27,ThemeProvider
FNDA:12,(anonymous_10)
FNDA:10,(anonymous_11)
FNDA:1,(anonymous_12)
FNDA:11,(anonymous_13)
FNDA:19,(anonymous_14)
FNDA:19,(anonymous_15)
FNDA:4,(anonymous_16)
FNDA:19,(anonymous_17)
FNDA:17,useTheme
DA:1,1
DA:9,1
DA:10,1
DA:11,1
DA:15,1
DA:28,1
DA:30,1
DA:31,27
DA:32,27
DA:33,27
DA:35,27
DA:36,12
DA:38,10
DA:39,3
DA:46,11
DA:50,27
DA:51,19
DA:52,17
DA:53,13
DA:56,27
DA:58,27
DA:59,4
DA:60,4
DA:61,4
DA:67,27
DA:68,19
DA:74,27
DA:75,12
DA:78,15
DA:83,1
DA:84,17
DA:85,16
DA:86,2
DA:88,14
LF:34
LH:34
BRDA:38,0,0,3
BRDA:38,1,0,10
BRDA:38,1,1,9
BRDA:38,1,2,7
BRDA:51,2,0,2
BRDA:52,3,0,4
BRDA:56,4,0,7
BRDA:56,4,1,12
BRDA:74,5,0,12
BRDA:85,6,0,2
BRF:10
BRH:10
end_of_record
TN:
SF:src/theme/mapStyle.ts
FNF:0
FNH:0
DA:1,2
LF:1
LH:1
BRF:0
BRH:0
end_of_record
TN:
SF:src/theme/themes.ts
FNF:0
FNH:0
DA:1,2
DA:91,2
DA:165,2
LF:3
LH:3
BRF:0
BRH:0
end_of_record
TN:
SF:src/theme/tokens.ts
FNF:0
FNH:0
DA:5,2
LF:1
LH:1
BRF:0
BRH:0
end_of_record
TN:
SF:src/utils/apiErrorLocalization.ts
FN:164,localizeApiErrorMessage
FN:169,localizeApiErrorDetails
FN:175,(anonymous_3)
FNF:3
FNH:3
FNDA:48,localizeApiErrorMessage
FNDA:42,localizeApiErrorDetails
FNDA:4,(anonymous_3)
DA:1,76
DA:3,76
DA:164,76
DA:165,48
DA:166,48
DA:169,76
DA:172,42
DA:174,3
DA:175,4
LF:9
LH:9
BRDA:166,0,0,11
BRDA:166,0,1,37
BRDA:172,1,0,39
BRF:3
BRH:3
end_of_record
TN:
SF:src/utils/eventCategoryPresentation.ts
FN:50,normalizeCategoryName
FN:58,hashString
FN:59,(anonymous_3)
FN:64,getReadableTextColor
FN:74,getEventCategoryPresentation
FNF:5
FNH:3
FNDA:51,normalizeCategoryName
FNDA:0,hashString
FNDA:0,(anonymous_3)
FNDA:51,getReadableTextColor
FNDA:51,getEventCategoryPresentation
DA:1,6
DA:17,6
DA:43,6
DA:51,51
DA:52,51
DA:55,51
DA:59,0
DA:60,0
DA:65,51
DA:66,51
DA:67,51
DA:68,51
DA:69,51
DA:71,51
DA:74,6
DA:78,51
DA:80,51
DA:81,51
DA:82,51
DA:83,51
DA:85,51
DA:89,51
DA:91,51
LF:23
LH:21
BRDA:55,0,0,51
BRDA:55,0,1,51
BRDA:71,1,0,1
BRDA:71,1,1,50
BRDA:78,2,0,51
BRDA:78,2,1,0
BRDA:82,3,0,18
BRDA:82,3,1,33
BRDA:85,4,0,51
BRDA:85,4,1,0
BRDA:89,5,0,1
BRDA:89,5,1,50
BRDA:95,6,0,1
BRDA:95,6,1,50
BRF:14
BRH:12
end_of_record
TN:
SF:src/utils/eventDate.ts
FN:3,formatEventDateLabel
FN:68,getAutoCompletionDaysLeft
FNF:2
FNH:2
FNDA:131,formatEventDateLabel
FNDA:30,getAutoCompletionDaysLeft
DA:1,11
DA:3,11
DA:7,131
DA:8,131
DA:10,131
DA:11,0
DA:14,131
DA:20,131
DA:26,131
DA:27,107
DA:30,24
DA:32,24
DA:33,0
DA:36,24
DA:42,24
DA:49,24
DA:53,24
DA:54,24
DA:57,0
DA:68,11
DA:74,30
DA:76,8
DA:80,8
DA:81,5
DA:84,3
LF:25
LH:22
BRDA:8,0,0,131
BRDA:8,0,1,0
BRDA:10,1,0,0
BRDA:26,2,0,107
BRDA:32,3,0,0
BRDA:49,4,0,24
BRDA:49,4,1,24
BRDA:49,4,2,24
BRDA:53,5,0,24
BRDA:72,6,0,29
BRDA:74,7,0,22
BRDA:74,8,0,30
BRDA:74,8,1,10
BRDA:80,9,0,5
BRDA:80,10,0,8
BRDA:80,10,1,7
BRF:16
BRH:13
end_of_record
TN:
SF:src/utils/eventFavoriteCount.ts
FN:3,getFavoriteCountForDisplay
FNF:1
FNH:1
FNDA:6,getFavoriteCountForDisplay
DA:3,2
DA:4,6
DA:5,6
DA:6,2
DA:8,4
LF:5
LH:5
BRDA:4,0,0,6
BRDA:4,0,1,2
BRDA:5,1,0,2
BRDA:5,2,0,6
BRDA:5,2,1,3
BRF:5
BRH:5
end_of_record
TN:
SF:src/utils/eventLocation.ts
FN:1,formatEventLocation
FN:8,(anonymous_1)
FN:12,(anonymous_2)
FN:13,(anonymous_3)
FNF:4
FNH:4
FNDA:234,formatEventLocation
FNDA:502,(anonymous_1)
FNDA:502,(anonymous_2)
FNDA:815,(anonymous_3)
DA:1,11
DA:2,234
DA:3,0
DA:6,234
DA:8,502
DA:11,234
DA:13,815
DA:16,234
DA:17,227
DA:20,7
LF:10
LH:9
BRDA:2,0,0,0
BRDA:16,1,0,227
BRDA:20,2,0,7
BRDA:20,2,1,0
BRF:4
BRH:2
end_of_record
TN:
SF:src/utils/eventStatus.ts
FN:35,formatEventStatusLabel
FN:47,(anonymous_2)
FN:53,getEventStatusBadgeColors
FN:57,shouldShowProfileEvent
FNF:4
FNH:4
FNDA:6,formatEventStatusLabel
FNDA:2,(anonymous_2)
FNDA:6,getEventStatusBadgeColors
FNDA:76,shouldShowProfileEvent
DA:1,4
DA:9,4
DA:11,4
DA:30,4
DA:35,4
DA:36,6
DA:37,6
DA:39,5
DA:40,4
DA:43,1
DA:47,2
DA:50,1
DA:53,4
DA:54,6
DA:57,4
DA:58,76
LF:16
LH:16
BRDA:37,0,0,1
BRDA:39,1,0,4
BRDA:50,2,0,1
BRDA:50,2,1,0
BRDA:54,3,0,6
BRDA:54,3,1,1
BRF:6
BRH:5
end_of_record
TN:
SF:src/utils/notificationPresentation.ts
FN:34,firstNonEmpty
FN:42,formatActorLabel
FN:46,formatCooldown
FN:58,formatEventTime
FN:64,buildFallbackPresentation
FN:105,isDedicatedParticipationNotification
FN:111,getNotificationPresentation
FNF:7
FNH:7
FNDA:29,firstNonEmpty
FNDA:14,formatActorLabel
FNDA:1,formatCooldown
FNDA:15,formatEventTime
FNDA:1,buildFallbackPresentation
FNDA:12,isDedicatedParticipationNotification
FNDA:14,getNotificationPresentation
DA:2,2
DA:3,2
DA:24,2
DA:35,29
DA:36,39
DA:37,39
DA:39,4
DA:43,14
DA:47,1
DA:48,1
DA:49,1
DA:50,1
DA:59,15
DA:60,15
DA:61,7
DA:67,1
DA:68,1
DA:69,1
DA:70,1
DA:71,1
DA:72,1
DA:73,1
DA:75,1
DA:78,1
DA:81,1
DA:84,1
DA:90,1
DA:105,2
DA:108,12
DA:111,2
DA:114,14
DA:118,14
DA:119,14
DA:121,14
DA:123,1
DA:138,0
DA:153,1
DA:154,1
DA:170,1
DA:185,4
DA:200,3
DA:215,3
DA:230,1
LF:43
LH:42
BRDA:37,0,0,25
BRDA:47,1,0,0
BRDA:49,2,0,0
BRDA:60,3,0,8
BRDA:75,4,0,0
BRDA:75,4,1,1
BRDA:78,5,0,0
BRDA:78,5,1,1
BRDA:81,6,0,0
BRDA:81,6,1,1
BRDA:84,7,0,1
BRDA:84,7,1,0
BRDA:84,8,0,1
BRDA:84,8,1,0
BRDA:85,9,0,0
BRDA:85,9,1,1
BRDA:101,10,0,1
BRDA:101,10,1,0
BRDA:101,11,0,1
BRDA:101,11,1,0
BRDA:116,12,0,6
BRDA:116,12,1,8
BRDA:121,13,0,1
BRDA:121,13,1,0
BRDA:121,13,2,1
BRDA:121,13,3,1
BRDA:121,13,4,4
BRDA:121,13,5,3
BRDA:121,13,6,3
BRDA:121,13,7,1
BRDA:130,14,0,1
BRDA:130,14,1,0
BRDA:145,15,0,0
BRDA:145,15,1,0
BRDA:161,16,0,1
BRDA:161,16,1,0
BRDA:164,17,0,1
BRDA:164,17,1,0
BRDA:177,18,0,1
BRDA:177,18,1,0
BRDA:192,19,0,4
BRDA:192,19,1,0
BRDA:207,20,0,3
BRDA:207,20,1,0
BRDA:222,21,0,3
BRDA:222,21,1,0
BRF:46
BRH:26
end_of_record
TN:
SF:src/utils/notificationRouting.ts
FN:10,normalizeEventRoute
FN:31,resolveNotificationRoute
FNF:2
FNH:2
FNDA:3,normalizeEventRoute
FNDA:5,resolveNotificationRoute
DA:8,2
DA:11,3
DA:12,3
DA:14,3
DA:17,3
DA:18,2
DA:21,1
DA:24,1
DA:25,1
DA:28,0
DA:31,2
DA:34,5
DA:37,5
DA:39,2
DA:40,2
DA:41,1
DA:44,1
LF:17
LH:16
BRDA:12,0,0,0
BRDA:17,1,0,2
BRDA:24,2,0,1
BRDA:34,3,0,3
BRDA:34,3,1,2
BRDA:37,4,0,3
BRDA:39,5,0,2
BRDA:39,5,1,2
BRDA:40,6,0,1
BRF:9
BRH:8
end_of_record
TN:
SF:src/utils/relativeTime.ts
FN:3,formatRelativeTime
FNF:1
FNH:1
FNDA:15,formatRelativeTime
DA:3,2
DA:4,15
DA:5,15
DA:6,15
DA:8,15
DA:9,15
DA:10,15
DA:11,15
DA:13,15
DA:15,9
DA:16,9
DA:18,9
DA:19,9
DA:21,6
DA:22,6
DA:24,0
DA:26,0
LF:17
LH:15
BRDA:6,0,0,0
BRDA:13,1,0,6
BRDA:16,2,0,0
BRDA:19,3,0,3
BRDA:22,4,0,6
BRDA:24,5,0,0
BRDA:24,5,1,0
BRF:7
BRH:3
end_of_record
TN:
SF:src/utils/ticketStatus.ts
FN:33,getTicketStatusBadgeColors
FN:37,formatTicketStatusLabel
FN:41,getAttendeeLabel
FN:48,getTicketScanRejectMessage
FN:55,getTicketQrAccessMessage
FNF:5
FNH:3
FNDA:3,getTicketStatusBadgeColors
FNDA:3,formatTicketStatusLabel
FNDA:0,getAttendeeLabel
FNDA:0,getTicketScanRejectMessage
FNDA:1,getTicketQrAccessMessage
DA:3,4
DA:10,4
DA:33,4
DA:34,3
DA:37,4
DA:38,3
DA:41,4
DA:42,0
DA:43,0
DA:45,0
DA:48,4
DA:49,0
DA:50,0
DA:55,4
DA:56,1
DA:57,1
LF:16
LH:11
BRDA:42,0,0,0
BRDA:49,1,0,0
BRDA:56,2,0,0
BRF:3
BRH:0
end_of_record
TN:
SF:src/utils/validators.ts
FN:7,validateEmail
FN:14,validateOtp
FN:20,validateUsername
FN:29,validatePassword
FN:36,validatePhoneNumber
FN:43,validateBirthDate
FNF:6
FNH:6
FNDA:31,validateEmail
FNDA:18,validateOtp
FNDA:21,validateUsername
FNDA:32,validatePassword
FNDA:15,validatePhoneNumber
FNDA:10,validateBirthDate
DA:1,6
DA:2,6
DA:3,6
DA:4,6
DA:5,6
DA:7,6
DA:8,31
DA:9,25
DA:10,24
DA:11,23
DA:14,6
DA:15,18
DA:16,16
DA:17,13
DA:20,6
DA:21,21
DA:22,16
DA:23,15
DA:24,14
DA:25,1
DA:26,13
DA:29,6
DA:30,32
DA:31,26
DA:32,24
DA:33,23
DA:36,6
DA:37,15
DA:38,5
DA:39,4
DA:40,3
DA:43,6
DA:44,10
DA:45,9
DA:46,8
DA:47,8
DA:48,8
DA:49,7
LF:38
LH:38
BRDA:8,0,0,6
BRDA:9,1,0,1
BRDA:10,2,0,1
BRDA:15,3,0,2
BRDA:16,4,0,3
BRDA:21,5,0,5
BRDA:22,6,0,1
BRDA:23,7,0,1
BRDA:24,8,0,1
BRDA:30,9,0,6
BRDA:31,10,0,2
BRDA:32,11,0,1
BRDA:37,12,0,10
BRDA:38,13,0,1
BRDA:39,14,0,1
BRDA:44,15,0,1
BRDA:45,16,0,1
BRDA:47,17,0,0
BRDA:48,18,0,1
BRF:19
BRH:18
end_of_record
TN:
SF:src/viewmodels/auth/useForgotPasswordViewModel.ts
FN:52,useForgotPasswordViewModel
FN:63,(anonymous_1)
FN:67,(anonymous_2)
FN:68,(anonymous_3)
FN:74,(anonymous_4)
FN:86,(anonymous_5)
FN:99,(anonymous_6)
FN:102,(anonymous_7)
FN:118,(anonymous_8)
FN:130,(anonymous_9)
FN:145,(anonymous_10)
FN:147,(anonymous_11)
FN:165,(anonymous_12)
FN:188,(anonymous_13)
FN:192,(anonymous_14)
FN:195,(anonymous_15)
FNF:16
FNH:16
FNDA:89,useForgotPasswordViewModel
FNDA:37,(anonymous_1)
FNDA:37,(anonymous_2)
FNDA:37,(anonymous_3)
FNDA:18,(anonymous_4)
FNDA:14,(anonymous_5)
FNDA:11,(anonymous_6)
FNDA:1,(anonymous_7)
FNDA:1,(anonymous_8)
FNDA:6,(anonymous_9)
FNDA:11,(anonymous_10)
FNDA:3,(anonymous_11)
FNDA:1,(anonymous_12)
FNDA:2,(anonymous_13)
FNDA:1,(anonymous_14)
FNDA:1,(anonymous_15)
DA:1,1
DA:2,1
DA:7,1
DA:8,1
DA:43,1
DA:50,1
DA:52,1
DA:53,89
DA:55,89
DA:56,89
DA:57,89
DA:58,89
DA:59,89
DA:60,89
DA:62,89
DA:67,37
DA:68,37
DA:69,37
DA:74,89
DA:75,18
DA:76,18
DA:77,18
DA:78,2
DA:79,2
DA:82,16
DA:83,16
DA:84,16
DA:85,16
DA:86,14
DA:87,14
DA:89,2
DA:90,1
DA:92,1
DA:95,16
DA:99,89
DA:100,11
DA:101,11
DA:102,1
DA:103,1
DA:106,10
DA:107,10
DA:108,10
DA:109,10
DA:113,8
DA:114,8
DA:116,2
DA:117,2
DA:118,1
DA:119,1
DA:121,2
DA:123,0
DA:126,10
DA:130,89
DA:131,6
DA:138,6
DA:142,1
DA:145,11
DA:146,6
DA:147,3
DA:148,3
DA:151,3
DA:152,0
DA:153,0
DA:156,3
DA:157,3
DA:158,3
DA:159,3
DA:164,1
DA:165,1
DA:170,1
DA:172,2
DA:173,1
DA:175,1
DA:177,2
DA:179,3
DA:188,89
DA:189,2
DA:190,2
DA:191,2
DA:192,1
DA:193,1
DA:194,1
DA:195,1
DA:201,1
DA:202,1
DA:206,89
LF:86
LH:83
BRDA:77,0,0,2
BRDA:89,1,0,1
BRDA:89,1,1,1
BRDA:101,2,0,1
BRDA:116,3,0,2
BRDA:116,3,1,0
BRDA:117,4,0,1
BRDA:133,5,0,2
BRDA:133,5,1,4
BRDA:138,6,0,1
BRDA:139,7,0,6
BRDA:139,7,1,4
BRDA:146,8,0,3
BRDA:151,9,0,0
BRDA:172,10,0,1
BRDA:172,10,1,1
BRDA:191,11,0,1
BRDA:191,11,1,1
BRDA:194,12,0,1
BRF:19
BRH:17
end_of_record
TN:
SF:src/viewmodels/auth/useLoginViewModel.ts
FN:34,useLoginViewModel
FN:41,(anonymous_1)
FN:42,(anonymous_2)
FN:43,(anonymous_3)
FN:49,(anonymous_4)
FN:55,(anonymous_5)
FNF:6
FNH:6
FNDA:24,useLoginViewModel
FNDA:13,(anonymous_1)
FNDA:13,(anonymous_2)
FNDA:13,(anonymous_3)
FNDA:8,(anonymous_4)
FNDA:14,(anonymous_5)
DA:1,1
DA:2,1
DA:4,1
DA:5,1
DA:29,1
DA:34,1
DA:35,24
DA:36,24
DA:37,24
DA:38,24
DA:40,24
DA:42,13
DA:43,13
DA:44,13
DA:49,24
DA:50,8
DA:55,14
DA:56,8
DA:57,2
DA:58,2
DA:61,6
DA:62,6
DA:63,6
DA:64,6
DA:69,5
DA:70,4
DA:72,1
DA:74,5
DA:76,6
DA:80,24
LF:30
LH:30
BRDA:56,0,0,2
BRDA:69,1,0,4
BRDA:69,1,1,1
BRF:3
BRH:3
end_of_record
TN:
SF:src/viewmodels/auth/useLogoutViewModel.ts
FN:12,useLogoutViewModel
FN:19,(anonymous_1)
FNF:2
FNH:2
FNDA:15,useLogoutViewModel
FNDA:8,(anonymous_1)
DA:1,1
DA:2,1
DA:3,1
DA:4,1
DA:12,1
DA:16,15
DA:17,15
DA:19,15
DA:20,8
DA:22,8
DA:23,1
DA:24,1
DA:27,7
DA:28,7
DA:29,7
DA:30,7
DA:35,5
DA:39,4
DA:42,4
DA:43,4
DA:44,4
DA:48,3
DA:49,3
DA:52,15
LF:24
LH:24
BRDA:22,0,0,1
BRDA:35,1,0,1
BRDA:35,1,1,4
BRDA:35,2,0,5
BRDA:35,2,1,3
BRDA:39,3,0,2
BRDA:39,3,1,2
BRF:7
BRH:7
end_of_record
TN:
SF:src/viewmodels/auth/useRegisterViewModel.ts
FN:69,validateRequiredGender
FN:73,validateRequiredBirthDate
FN:78,useRegisterViewModel
FN:86,(anonymous_3)
FN:87,(anonymous_4)
FN:88,(anonymous_5)
FN:94,(anonymous_6)
FN:104,(anonymous_7)
FN:125,(anonymous_8)
FN:142,(anonymous_9)
FN:145,(anonymous_10)
FN:164,(anonymous_11)
FN:177,(anonymous_12)
FNF:13
FNH:12
FNDA:8,validateRequiredGender
FNDA:8,validateRequiredBirthDate
FNDA:28,useRegisterViewModel
FNDA:41,(anonymous_3)
FNDA:41,(anonymous_4)
FNDA:41,(anonymous_5)
FNDA:8,(anonymous_6)
FNDA:38,(anonymous_7)
FNDA:1,(anonymous_8)
FNDA:2,(anonymous_9)
FNDA:0,(anonymous_10)
FNDA:1,(anonymous_11)
FNDA:1,(anonymous_12)
DA:1,1
DA:2,1
DA:8,1
DA:9,1
DA:57,1
DA:67,1
DA:70,8
DA:74,8
DA:75,6
DA:78,1
DA:79,28
DA:80,28
DA:81,28
DA:82,28
DA:83,28
DA:85,28
DA:87,41
DA:88,41
DA:89,41
DA:94,28
DA:95,8
DA:104,38
DA:105,8
DA:106,2
DA:107,2
DA:110,6
DA:111,6
DA:112,6
DA:113,6
DA:117,5
DA:118,5
DA:119,1
DA:121,5
DA:122,1
DA:124,5
DA:125,1
DA:126,1
DA:129,4
DA:130,4
DA:132,1
DA:133,1
DA:135,0
DA:138,6
DA:142,28
DA:143,2
DA:144,2
DA:145,0
DA:146,0
DA:149,2
DA:150,2
DA:151,2
DA:152,2
DA:162,1
DA:163,1
DA:164,1
DA:165,1
DA:167,1
DA:169,0
DA:171,1
DA:173,2
DA:177,28
DA:178,1
DA:179,1
DA:180,1
DA:183,28
LF:65
LH:61
BRDA:70,0,0,6
BRDA:70,0,1,2
BRDA:74,1,0,2
BRDA:105,2,0,2
BRDA:118,3,0,1
BRDA:121,4,0,1
BRDA:124,5,0,1
BRDA:132,6,0,1
BRDA:132,6,1,0
BRDA:144,7,0,0
BRDA:157,8,0,2
BRDA:157,8,1,2
BRDA:158,9,0,2
BRDA:158,9,1,0
BRDA:159,10,0,2
BRDA:159,10,1,0
BRDA:162,11,0,1
BRDA:162,11,1,0
BRDA:163,12,0,1
BRDA:180,13,0,1
BRF:20
BRH:15
end_of_record
TN:
SF:src/viewmodels/event/useCreateEventViewModel.ts
FN:45,deriveRouteAddress
FN:47,(anonymous_11)
FN:192,formatDateForForm
FN:199,decodeFileUriOnce
FN:211,normalizePickedImageUri
FN:223,getPickedImageUriCandidates
FN:227,preparePickedImageUri
FN:276,formatTimeInput
FN:291,formatDigitsToDate
FN:301,formatDateInput
FN:311,validateDateFormat
FN:337,validateTimeFormat
FN:349,isCompleteDateInput
FN:353,isCompleteTimeInput
FN:357,validateLiveDateInput
FN:385,validateLiveTimeInput
FN:413,parseDateTime
FN:429,getDateTimeErrors
FN:504,validateForm
FN:544,getImageUploadErrorMessage
FN:572,isLocalDateTimeError
FN:627,useCreateEventViewModel
FN:650,(anonymous_32)
FN:659,(anonymous_33)
FN:659,(anonymous_34)
FN:665,(anonymous_35)
FN:667,(anonymous_36)
FN:675,(anonymous_37)
FN:676,(anonymous_38)
FN:682,(anonymous_39)
FN:696,(anonymous_40)
FN:697,(anonymous_41)
FN:700,(anonymous_42)
FN:702,(anonymous_43)
FN:709,(anonymous_44)
FN:721,(anonymous_45)
FN:731,(anonymous_46)
FN:747,(anonymous_47)
FN:748,(anonymous_48)
FN:749,(anonymous_49)
FN:760,(anonymous_50)
FN:768,(anonymous_51)
FN:769,(anonymous_52)
FN:777,(anonymous_53)
FN:780,(anonymous_54)
FN:781,(anonymous_55)
FN:791,(anonymous_56)
FN:792,(anonymous_57)
FN:804,(anonymous_58)
FN:808,(anonymous_59)
FN:809,(anonymous_60)
FN:816,(anonymous_61)
FN:821,(anonymous_62)
FN:825,(anonymous_63)
FN:837,(anonymous_64)
FN:840,(anonymous_65)
FN:841,(anonymous_66)
FN:850,(anonymous_67)
FN:851,(anonymous_68)
FN:859,(anonymous_69)
FN:864,(anonymous_70)
FN:865,(anonymous_71)
FN:873,(anonymous_72)
FN:874,(anonymous_73)
FN:890,(anonymous_74)
FN:891,(anonymous_75)
FN:895,(anonymous_76)
FN:900,(anonymous_77)
FN:903,(anonymous_78)
FN:904,(anonymous_79)
FN:906,(anonymous_80)
FN:910,(anonymous_81)
FN:911,(anonymous_82)
FN:913,(anonymous_83)
FN:925,(anonymous_84)
FN:928,(anonymous_85)
FN:929,(anonymous_86)
FN:931,(anonymous_87)
FN:937,(anonymous_88)
FN:943,(anonymous_89)
FN:967,(anonymous_90)
FN:974,(anonymous_91)
FN:982,(anonymous_92)
FN:1000,(anonymous_93)
FN:1015,(anonymous_94)
FN:1025,(anonymous_95)
FN:1026,(anonymous_96)
FN:1028,(anonymous_97)
FN:1032,(anonymous_98)
FN:1073,(anonymous_99)
FN:1078,(anonymous_100)
FN:1086,(anonymous_101)
FN:1094,(anonymous_102)
FN:1095,(anonymous_103)
FN:1095,(anonymous_104)
FN:1098,(anonymous_105)
FN:1109,(anonymous_106)
FN:1114,(anonymous_107)
FN:1115,(anonymous_108)
FN:1127,(anonymous_109)
FN:1142,(anonymous_110)
FN:1143,(anonymous_111)
FN:1153,(anonymous_112)
FN:1172,(anonymous_113)
FN:1192,(anonymous_114)
FN:1193,(anonymous_115)
FN:1219,(anonymous_116)
FN:1222,(anonymous_117)
FN:1286,(anonymous_118)
FN:1324,(anonymous_119)
FNF:110
FNH:87
FNDA:8,deriveRouteAddress
FNDA:14,(anonymous_11)
FNDA:33,formatDateForForm
FNDA:18,decodeFileUriOnce
FNDA:8,normalizePickedImageUri
FNDA:6,getPickedImageUriCandidates
FNDA:6,preparePickedImageUri
FNDA:9,formatTimeInput
FNDA:11,formatDigitsToDate
FNDA:11,formatDateInput
FNDA:181,validateDateFormat
FNDA:99,validateTimeFormat
FNDA:373,isCompleteDateInput
FNDA:285,isCompleteTimeInput
FNDA:196,validateLiveDateInput
FNDA:114,validateLiveTimeInput
FNDA:114,parseDateTime
FNDA:177,getDateTimeErrors
FNDA:33,validateForm
FNDA:2,getImageUploadErrorMessage
FNDA:263,isLocalDateTimeError
FNDA:338,useCreateEventViewModel
FNDA:353,(anonymous_32)
FNDA:76,(anonymous_33)
FNDA:76,(anonymous_34)
FNDA:94,(anonymous_35)
FNDA:41,(anonymous_36)
FNDA:340,(anonymous_37)
FNDA:340,(anonymous_38)
FNDA:340,(anonymous_39)
FNDA:0,(anonymous_40)
FNDA:0,(anonymous_41)
FNDA:144,(anonymous_42)
FNDA:144,(anonymous_43)
FNDA:401,(anonymous_44)
FNDA:155,(anonymous_45)
FNDA:108,(anonymous_46)
FNDA:2,(anonymous_47)
FNDA:2,(anonymous_48)
FNDA:2,(anonymous_49)
FNDA:1,(anonymous_50)
FNDA:2,(anonymous_51)
FNDA:2,(anonymous_52)
FNDA:2,(anonymous_53)
FNDA:1,(anonymous_54)
FNDA:1,(anonymous_55)
FNDA:16,(anonymous_56)
FNDA:16,(anonymous_57)
FNDA:16,(anonymous_58)
FNDA:23,(anonymous_59)
FNDA:23,(anonymous_60)
FNDA:23,(anonymous_61)
FNDA:2,(anonymous_62)
FNDA:1,(anonymous_63)
FNDA:1,(anonymous_64)
FNDA:1,(anonymous_65)
FNDA:1,(anonymous_66)
FNDA:2,(anonymous_67)
FNDA:2,(anonymous_68)
FNDA:2,(anonymous_69)
FNDA:3,(anonymous_70)
FNDA:3,(anonymous_71)
FNDA:4,(anonymous_72)
FNDA:4,(anonymous_73)
FNDA:11,(anonymous_74)
FNDA:11,(anonymous_75)
FNDA:0,(anonymous_76)
FNDA:11,(anonymous_77)
FNDA:1,(anonymous_78)
FNDA:1,(anonymous_79)
FNDA:2,(anonymous_80)
FNDA:3,(anonymous_81)
FNDA:3,(anonymous_82)
FNDA:1,(anonymous_83)
FNDA:3,(anonymous_84)
FNDA:23,(anonymous_85)
FNDA:23,(anonymous_86)
FNDA:1,(anonymous_87)
FNDA:23,(anonymous_88)
FNDA:0,(anonymous_89)
FNDA:2,(anonymous_90)
FNDA:0,(anonymous_91)
FNDA:1,(anonymous_92)
FNDA:3,(anonymous_93)
FNDA:16,(anonymous_94)
FNDA:0,(anonymous_95)
FNDA:0,(anonymous_96)
FNDA:0,(anonymous_97)
FNDA:6,(anonymous_98)
FNDA:0,(anonymous_99)
FNDA:0,(anonymous_100)
FNDA:0,(anonymous_101)
FNDA:0,(anonymous_102)
FNDA:0,(anonymous_103)
FNDA:0,(anonymous_104)
FNDA:0,(anonymous_105)
FNDA:0,(anonymous_106)
FNDA:0,(anonymous_107)
FNDA:0,(anonymous_108)
FNDA:0,(anonymous_109)
FNDA:0,(anonymous_110)
FNDA:0,(anonymous_111)
FNDA:0,(anonymous_112)
FNDA:3,(anonymous_113)
FNDA:3,(anonymous_114)
FNDA:6,(anonymous_115)
FNDA:33,(anonymous_116)
FNDA:80,(anonymous_117)
FNDA:6,(anonymous_118)
FNDA:0,(anonymous_119)
DA:1,4
DA:2,4
DA:3,4
DA:4,4
DA:5,4
DA:6,4
DA:14,4
DA:15,4
DA:16,4
DA:17,4
DA:29,4
DA:31,4
DA:32,4
DA:45,4
DA:46,8
DA:47,7
DA:48,14
DA:49,14
DA:50,4
DA:52,7
DA:53,7
DA:54,7
DA:55,5
DA:58,4
DA:81,4
DA:83,4
DA:89,4
DA:92,4
DA:94,4
DA:192,4
DA:193,33
DA:194,33
DA:195,33
DA:196,33
DA:200,18
DA:201,0
DA:204,18
DA:205,18
DA:207,0
DA:211,4
DA:212,8
DA:214,8
DA:215,12
DA:216,12
DA:217,4
DA:220,8
DA:224,6
DA:227,4
DA:228,6
DA:230,6
DA:231,8
DA:232,8
DA:237,5
DA:239,3
DA:243,1
DA:246,4
DA:276,4
DA:278,9
DA:280,9
DA:282,8
DA:283,3
DA:286,5
DA:287,4
DA:292,11
DA:293,11
DA:294,11
DA:295,9
DA:296,9
DA:297,5
DA:298,5
DA:301,4
DA:302,11
DA:303,11
DA:304,11
DA:305,3
DA:307,8
DA:311,4
DA:312,181
DA:313,181
DA:314,181
DA:315,181
DA:316,181
DA:317,181
DA:318,181
DA:319,181
DA:320,181
DA:321,181
DA:323,181
DA:324,181
DA:325,181
DA:331,4
DA:333,177
DA:337,4
DA:338,99
DA:339,99
DA:340,99
DA:341,99
DA:342,99
DA:343,99
DA:344,99
DA:345,99
DA:346,99
DA:350,373
DA:354,285
DA:357,4
DA:358,196
DA:360,196
DA:361,196
DA:362,196
DA:364,196
DA:365,195
DA:366,195
DA:367,8
DA:371,188
DA:372,185
DA:373,185
DA:374,4
DA:378,184
DA:379,181
DA:382,3
DA:385,4
DA:386,114
DA:388,114
DA:389,114
DA:390,114
DA:392,114
DA:393,113
DA:394,113
DA:395,8
DA:399,106
DA:400,103
DA:401,103
DA:402,4
DA:406,102
DA:407,99
DA:410,3
DA:413,4
DA:414,114
DA:415,114
DA:416,114
DA:417,114
DA:418,114
DA:419,114
DA:420,114
DA:423,4
DA:424,4
DA:425,4
DA:426,4
DA:427,4
DA:433,177
DA:440,177
DA:441,6
DA:443,171
DA:446,177
DA:447,87
DA:449,90
DA:453,177
DA:458,177
DA:459,67
DA:460,67
DA:461,0
DA:462,67
DA:463,6
DA:467,177
DA:468,177
DA:469,12
DA:470,0
DA:472,12
DA:475,12
DA:476,0
DA:478,12
DA:482,12
DA:487,12
DA:488,12
DA:489,12
DA:493,12
DA:494,0
DA:495,12
DA:496,10
DA:501,177
DA:505,33
DA:507,33
DA:508,33
DA:509,4
DA:510,29
DA:511,1
DA:512,28
DA:513,0
DA:516,33
DA:517,33
DA:518,4
DA:519,29
DA:520,1
DA:521,28
DA:522,0
DA:525,33
DA:526,4
DA:529,33
DA:530,4
DA:531,1
DA:532,3
DA:533,0
DA:535,29
DA:536,4
DA:539,33
DA:541,33
DA:545,2
DA:546,0
DA:549,2
DA:550,2
DA:551,1
DA:554,1
DA:555,0
DA:558,1
DA:559,0
DA:562,1
DA:563,1
DA:566,0
DA:569,0
DA:576,263
DA:581,21
DA:624,21
DA:627,4
DA:628,338
DA:629,338
DA:630,338
DA:631,338
DA:632,338
DA:633,338
DA:634,338
DA:635,338
DA:636,338
DA:637,338
DA:638,338
DA:639,338
DA:640,338
DA:641,338
DA:642,338
DA:643,338
DA:644,338
DA:645,338
DA:646,338
DA:647,338
DA:648,338
DA:650,338
DA:651,353
DA:652,0
DA:653,0
DA:655,353
DA:658,338
DA:659,76
DA:660,76
DA:665,338
DA:666,94
DA:667,94
DA:668,41
DA:669,41
DA:671,94
DA:674,338
DA:676,340
DA:678,340
DA:681,340
DA:682,340
DA:683,340
DA:685,340
DA:686,340
DA:687,340
DA:689,340
DA:690,340
DA:691,340
DA:696,338
DA:697,0
DA:700,338
DA:701,144
DA:702,144
DA:703,144
DA:707,144
DA:709,401
DA:712,94
DA:715,50
DA:721,50
DA:722,155
DA:723,1
DA:726,154
DA:728,50
DA:730,27
DA:731,27
DA:732,108
DA:733,107
DA:737,27
DA:747,338
DA:748,2
DA:749,2
DA:751,2
DA:752,0
DA:755,2
DA:756,0
DA:757,0
DA:760,2
DA:761,1
DA:762,1
DA:763,1
DA:764,1
DA:768,338
DA:769,2
DA:776,2
DA:777,2
DA:780,338
DA:781,1
DA:788,1
DA:791,338
DA:792,16
DA:793,16
DA:794,16
DA:803,16
DA:804,16
DA:807,338
DA:809,23
DA:810,23
DA:811,23
DA:816,23
DA:821,338
DA:822,2
DA:823,2
DA:824,2
DA:825,1
DA:826,1
DA:827,1
DA:836,1
DA:837,1
DA:840,338
DA:841,1
DA:842,1
DA:843,1
DA:844,1
DA:845,1
DA:849,338
DA:851,2
DA:858,2
DA:859,2
DA:864,338
DA:865,3
DA:866,3
DA:867,1
DA:868,1
DA:869,1
DA:873,338
DA:874,4
DA:875,4
DA:876,4
DA:882,2
DA:884,2
DA:885,2
DA:886,2
DA:890,338
DA:891,11
DA:892,11
DA:893,11
DA:894,9
DA:895,0
DA:896,0
DA:898,9
DA:900,11
DA:903,338
DA:904,1
DA:906,2
DA:910,338
DA:911,3
DA:912,3
DA:913,3
DA:914,3
DA:916,2
DA:919,2
DA:925,3
DA:928,338
DA:929,23
DA:930,23
DA:931,1
DA:932,1
DA:935,22
DA:936,22
DA:937,22
DA:938,23
DA:939,23
DA:942,22
DA:943,0
DA:944,0
DA:947,22
DA:948,22
DA:950,22
DA:952,0
DA:953,0
DA:957,0
DA:958,0
DA:961,6
DA:962,6
DA:963,6
DA:964,6
DA:965,6
DA:966,6
DA:967,2
DA:968,2
DA:971,4
DA:972,2
DA:973,2
DA:974,0
DA:975,0
DA:978,4
DA:979,2
DA:980,2
DA:981,2
DA:982,1
DA:983,1
DA:985,1
DA:986,2
DA:987,2
DA:989,0
DA:991,3
DA:992,3
DA:993,3
DA:996,6
DA:997,6
DA:998,6
DA:999,6
DA:1000,3
DA:1001,3
DA:1003,3
DA:1004,3
DA:1005,3
DA:1008,10
DA:1009,10
DA:1010,10
DA:1011,10
DA:1015,16
DA:1016,16
DA:1017,16
DA:1025,338
DA:1026,0
DA:1028,0
DA:1032,338
DA:1033,6
DA:1035,6
DA:1036,6
DA:1037,6
DA:1038,1
DA:1039,1
DA:1040,1
DA:1041,1
DA:1044,5
DA:1051,5
DA:1053,5
DA:1054,5
DA:1055,0
DA:1056,0
DA:1059,5
DA:1060,5
DA:1061,4
DA:1063,1
DA:1064,1
DA:1067,4
DA:1069,0
DA:1073,338
DA:1074,0
DA:1075,0
DA:1078,338
DA:1079,0
DA:1080,0
DA:1084,0
DA:1086,0
DA:1087,0
DA:1088,0
DA:1090,0
DA:1091,0
DA:1094,338
DA:1095,0
DA:1098,338
DA:1099,0
DA:1100,0
DA:1102,0
DA:1103,0
DA:1104,0
DA:1105,0
DA:1108,0
DA:1109,0
DA:1110,0
DA:1111,0
DA:1112,0
DA:1114,0
DA:1115,0
DA:1122,0
DA:1127,338
DA:1128,0
DA:1129,0
DA:1134,0
DA:1136,0
DA:1137,0
DA:1140,0
DA:1142,0
DA:1143,0
DA:1145,0
DA:1146,0
DA:1150,0
DA:1153,0
DA:1154,0
DA:1155,0
DA:1158,0
DA:1163,0
DA:1164,0
DA:1171,338
DA:1173,3
DA:1174,3
DA:1176,3
DA:1183,3
DA:1190,3
DA:1192,3
DA:1193,6
DA:1194,3
DA:1195,0
DA:1199,3
DA:1210,1
DA:1212,3
DA:1218,338
DA:1220,33
DA:1221,33
DA:1222,80
DA:1223,33
DA:1224,20
DA:1225,20
DA:1228,13
DA:1229,13
DA:1230,13
DA:1231,13
DA:1232,13
DA:1234,13
DA:1235,13
DA:1237,13
DA:1245,13
DA:1247,13
DA:1248,0
DA:1250,0
DA:1251,0
DA:1254,0
DA:1255,0
DA:1256,0
DA:1257,0
DA:1258,0
DA:1261,0
DA:1262,0
DA:1263,0
DA:1266,0
DA:1267,0
DA:1271,13
DA:1272,13
DA:1273,13
DA:1277,13
DA:1286,6
DA:1307,13
DA:1308,10
DA:1310,10
DA:1311,0
DA:1312,0
DA:1319,10
DA:1320,3
DA:1321,3
DA:1322,1
DA:1323,1
DA:1324,1
DA:1325,0
DA:1326,0
DA:1329,2
DA:1333,10
DA:1335,3
DA:1336,2
DA:1337,1
DA:1338,1
DA:1339,2
DA:1340,1
DA:1341,1
DA:1342,1
DA:1349,0
DA:1350,1
DA:1351,0
DA:1352,0
DA:1353,0
DA:1355,1
DA:1357,2
DA:1359,1
DA:1361,3
DA:1363,13
DA:1369,338
LF:590
LH:490
BRDA:46,0,0,1
BRDA:48,1,0,14
BRDA:48,1,1,4
BRDA:49,2,0,10
BRDA:54,3,0,2
BRDA:54,4,0,7
BRDA:54,4,1,6
BRDA:200,5,0,0
BRDA:216,6,0,8
BRDA:243,7,0,1
BRDA:243,7,1,0
BRDA:280,8,0,1
BRDA:282,9,0,3
BRDA:282,10,0,8
BRDA:282,10,1,3
BRDA:286,11,0,1
BRDA:292,12,0,0
BRDA:294,13,0,2
BRDA:296,14,0,4
BRDA:304,15,0,3
BRDA:313,16,0,0
BRDA:315,17,0,0
BRDA:319,18,0,0
BRDA:319,19,0,181
BRDA:319,19,1,181
BRDA:319,19,2,181
BRDA:320,20,0,0
BRDA:320,21,0,181
BRDA:320,21,1,181
BRDA:321,22,0,0
BRDA:321,23,0,181
BRDA:321,23,1,181
BRDA:325,24,0,4
BRDA:326,25,0,181
BRDA:326,25,1,181
BRDA:326,25,2,181
BRDA:326,25,3,177
BRDA:339,26,0,0
BRDA:343,27,0,0
BRDA:343,28,0,99
BRDA:343,28,1,99
BRDA:344,29,0,0
BRDA:344,30,0,99
BRDA:344,30,1,99
BRDA:345,31,0,0
BRDA:345,32,0,99
[...]
BRDA:2080,288,1,2
BRDA:2080,288,2,2
BRDA:2089,289,0,16
BRDA:2089,289,1,2
BRDA:2089,289,2,2
BRDA:2089,289,3,14
BRDA:2107,290,0,18
BRDA:2107,290,1,18
BRDA:2582,291,0,19
BRDA:2582,291,1,0
BRDA:3082,292,0,19
BRDA:3082,292,1,0
BRDA:3211,293,0,0
BRDA:3211,293,1,19
BRDA:3246,294,0,0
BRDA:3246,294,1,19
BRF:559
BRH:311
end_of_record
TN:
SF:src/views/events/MyEventsView.tsx
FN:27,StatePanel
FN:58,MyEventsView
FN:62,(anonymous_12)
FN:65,(anonymous_13)
FN:90,(anonymous_14)
FN:98,(anonymous_15)
FN:125,(anonymous_16)
FN:142,(anonymous_17)
FN:146,(anonymous_18)
FN:157,makeStyles
FNF:10
FNH:10
FNDA:2,StatePanel
FNDA:6,MyEventsView
FNDA:6,(anonymous_12)
FNDA:6,(anonymous_13)
FNDA:24,(anonymous_14)
FNDA:1,(anonymous_15)
FNDA:1,(anonymous_16)
FNDA:4,(anonymous_17)
FNDA:1,(anonymous_18)
FNDA:6,makeStyles
DA:1,1
DA:2,1
DA:10,1
DA:11,1
DA:12,1
DA:13,1
DA:14,1
DA:15,1
DA:16,1
DA:36,2
DA:58,1
DA:59,6
DA:60,6
DA:61,6
DA:62,6
DA:64,6
DA:66,6
DA:70,6
DA:91,24
DA:93,24
DA:98,1
DA:125,1
DA:143,4
DA:146,1
DA:158,6
LF:25
LH:25
BRDA:44,0,0,1
BRDA:44,0,1,1
BRDA:44,1,0,2
BRDA:44,1,1,1
BRDA:99,2,0,24
BRDA:99,2,1,6
BRDA:102,3,0,24
BRDA:102,3,1,6
BRDA:105,4,0,24
BRDA:105,4,1,6
BRDA:114,5,0,0
BRDA:114,5,1,6
BRDA:119,6,0,1
BRDA:119,6,1,5
BRDA:124,7,0,1
BRDA:124,7,1,0
BRDA:125,8,0,1
BRDA:125,8,1,0
BRDA:129,9,0,1
BRDA:129,9,1,4
BRF:20
BRH:17
end_of_record
TN:
SF:src/views/favorites/FavoriteEventsTab.tsx
FN:17,FavoriteEventsTab
FN:21,(anonymous_2)
FN:42,(anonymous_3)
FN:43,(anonymous_4)
FN:52,(anonymous_5)
FN:82,makeStyles
FNF:6
FNH:6
FNDA:6,FavoriteEventsTab
FNDA:6,(anonymous_2)
FNDA:3,(anonymous_3)
FNDA:3,(anonymous_4)
FNDA:1,(anonymous_5)
FNDA:6,makeStyles
DA:1,1
DA:2,1
DA:9,1
DA:10,1
DA:11,1
DA:12,1
DA:13,1
DA:14,1
DA:17,1
DA:18,6
DA:19,6
DA:20,6
DA:21,6
DA:23,6
DA:24,1
DA:32,5
DA:42,3
DA:44,3
DA:52,1
DA:83,6
LF:20
LH:20
BRDA:23,0,0,1
BRDA:34,1,0,1
BRDA:34,1,1,4
BRDA:47,2,0,3
BRDA:47,2,1,0
BRDA:49,3,0,3
BRDA:49,3,1,2
BRDA:51,4,0,3
BRDA:51,4,1,2
BRDA:61,5,0,1
BRDA:61,5,1,4
BRDA:71,6,0,0
BRDA:71,6,1,5
BRF:13
BRH:11
end_of_record
TN:
SF:src/views/favorites/FavoriteLocationsTab.tsx
FN:26,LocationCard
FN:41,(anonymous_1)
FN:50,(anonymous_2)
FN:88,AddLocationModal
FN:178,(anonymous_4)
FN:182,(anonymous_5)
FN:240,FavoriteLocationsTab
FN:244,(anonymous_7)
FN:300,(anonymous_8)
FN:301,(anonymous_9)
FN:363,makeStyles
FNF:11
FNH:7
FNDA:3,LocationCard
FNDA:0,(anonymous_1)
FNDA:0,(anonymous_2)
FNDA:4,AddLocationModal
FNDA:0,(anonymous_4)
FNDA:0,(anonymous_5)
FNDA:5,FavoriteLocationsTab
FNDA:5,(anonymous_7)
FNDA:3,(anonymous_8)
FNDA:3,(anonymous_9)
FNDA:5,makeStyles
DA:1,1
DA:2,1
DA:16,1
DA:17,1
DA:18,1
DA:21,1
DA:22,1
DA:23,1
DA:41,3
DA:42,0
DA:50,0
DA:56,3
DA:123,4
DA:179,0
DA:182,0
DA:240,1
DA:241,5
DA:242,5
DA:243,5
DA:244,5
DA:246,5
DA:247,1
DA:255,4
DA:300,3
DA:302,3
DA:364,5
LF:26
LH:22
BRDA:74,0,0,3
BRDA:74,0,1,0
BRDA:78,1,0,0
BRDA:78,1,1,3
BRDA:133,2,0,0
BRDA:133,2,1,4
BRDA:169,3,0,0
BRDA:169,3,1,4
BRDA:176,4,0,0
BRDA:176,4,1,4
BRDA:176,5,0,4
BRDA:176,5,1,0
BRDA:198,6,0,0
BRDA:198,6,1,4
BRDA:207,7,0,0
BRDA:207,7,1,4
BRDA:221,8,0,4
BRDA:221,8,1,0
BRDA:227,9,0,0
BRDA:227,9,1,4
BRDA:246,10,0,1
BRDA:262,11,0,4
BRDA:262,11,1,1
BRDA:270,12,0,3
BRDA:270,12,1,1
BRDA:275,13,0,4
BRDA:275,13,1,1
BRDA:283,14,0,0
BRDA:283,14,1,4
BRDA:283,15,0,4
BRDA:283,15,1,1
BRDA:289,16,0,1
BRDA:289,16,1,3
BRDA:316,17,0,1
BRDA:316,17,1,3
BRF:35
BRH:24
end_of_record
TN:
SF:src/views/favorites/FavoritesView.tsx
FN:12,FavoritesView
FN:16,(anonymous_2)
FN:26,(anonymous_3)
FN:41,(anonymous_4)
FN:67,makeStyles
FNF:5
FNH:5
FNDA:4,FavoritesView
FNDA:2,(anonymous_2)
FNDA:1,(anonymous_3)
FNDA:1,(anonymous_4)
FNDA:2,makeStyles
DA:1,1
DA:2,1
DA:3,1
DA:4,1
DA:5,1
DA:6,1
DA:7,1
DA:12,1
DA:13,4
DA:14,4
DA:15,4
DA:16,4
DA:18,4
DA:26,1
DA:41,1
DA:68,2
LF:16
LH:16
BRDA:25,0,0,4
BRDA:25,0,1,3
BRDA:32,1,0,4
BRDA:32,1,1,3
BRDA:40,2,0,4
BRDA:40,2,1,1
BRDA:47,3,0,4
BRDA:47,3,1,1
BRDA:56,4,0,3
BRDA:56,4,1,1
BRF:10
BRH:10
end_of_record
TN:
SF:src/views/home/HomeView.tsx
FN:33,HomeView
FN:38,(anonymous_2)
FN:44,(anonymous_3)
FN:57,(anonymous_4)
FN:61,(anonymous_5)
FN:64,(anonymous_6)
FN:75,(anonymous_7)
FN:103,(anonymous_8)
FN:121,(anonymous_9)
FN:206,(anonymous_10)
FN:233,(anonymous_11)
FN:258,(anonymous_12)
FN:259,(anonymous_13)
FN:262,(anonymous_14)
FN:326,makeStyles
FNF:15
FNH:5
FNDA:1,HomeView
FNDA:1,(anonymous_2)
FNDA:2,(anonymous_3)
FNDA:0,(anonymous_4)
FNDA:0,(anonymous_5)
FNDA:0,(anonymous_6)
FNDA:1,(anonymous_7)
FNDA:0,(anonymous_8)
FNDA:0,(anonymous_9)
FNDA:0,(anonymous_10)
FNDA:0,(anonymous_11)
FNDA:0,(anonymous_12)
FNDA:0,(anonymous_13)
FNDA:0,(anonymous_14)
FNDA:1,makeStyles
DA:1,1
DA:2,1
DA:11,1
DA:12,1
DA:13,1
DA:14,1
DA:15,1
DA:16,1
DA:17,1
DA:18,1
DA:19,1
DA:20,1
DA:21,1
DA:22,1
DA:23,1
DA:24,1
DA:25,1
DA:26,1
DA:27,1
DA:30,1
DA:31,1
DA:33,1
DA:34,1
DA:35,1
DA:36,1
DA:37,1
DA:38,1
DA:39,1
DA:40,1
DA:41,1
DA:43,1
DA:45,2
DA:46,2
DA:47,1
DA:49,1
DA:54,1
DA:55,1
DA:57,1
DA:58,0
DA:61,1
DA:62,0
DA:63,0
DA:65,0
DA:66,0
DA:69,0
DA:72,0
DA:75,1
DA:76,1
DA:80,1
DA:88,1
DA:103,0
DA:121,0
DA:206,0
DA:234,0
DA:258,0
DA:260,0
DA:262,0
DA:327,1
LF:58
LH:44
BRDA:46,0,0,1
BRDA:46,0,1,1
BRDA:58,1,0,0
BRDA:58,1,1,0
BRDA:62,2,0,0
BRDA:90,3,0,0
BRDA:90,3,1,1
BRDA:93,4,0,0
BRDA:93,4,1,1
BRDA:126,5,0,0
BRDA:126,5,1,0
BRDA:133,6,0,0
BRDA:133,6,1,0
BRDA:135,7,0,0
BRDA:135,7,1,0
BRDA:220,8,0,0
BRDA:220,8,1,1
BRDA:224,9,0,0
BRDA:224,9,1,1
BRDA:234,10,0,0
BRDA:245,11,0,0
BRDA:245,11,1,1
BRDA:253,12,0,1
BRDA:253,12,1,0
BRDA:273,13,0,0
BRDA:273,13,1,0
BRDA:351,14,0,0
BRDA:351,14,1,1
BRDA:357,15,0,0
BRDA:357,15,1,1
BRDA:410,16,0,0
BRDA:410,16,1,1
BRDA:421,17,0,0
BRDA:421,17,1,1
BRDA:428,18,0,0
BRDA:428,18,1,1
BRDA:488,19,0,0
BRDA:488,19,1,1
BRDA:489,20,0,0
BRDA:489,20,1,1
BRF:40
BRH:15
end_of_record
TN:
SF:src/views/invitation/InvitationsView.tsx
FN:21,InvitationsView
FN:25,(anonymous_2)
FN:27,(anonymous_3)
FN:43,(anonymous_4)
FN:68,(anonymous_5)
FN:69,(anonymous_6)
FN:74,(anonymous_7)
FN:93,makeStyles
FNF:8
FNH:6
FNDA:4,InvitationsView
FNDA:4,(anonymous_2)
FNDA:1,(anonymous_3)
FNDA:0,(anonymous_4)
FNDA:2,(anonymous_5)
FNDA:2,(anonymous_6)
FNDA:0,(anonymous_7)
FNDA:4,makeStyles
DA:1,1
DA:2,1
DA:11,1
DA:12,1
DA:13,1
DA:14,1
DA:16,1
DA:17,1
DA:19,1
DA:21,1
DA:22,4
DA:23,4
DA:24,4
DA:25,4
DA:27,4
DA:28,1
DA:39,4
DA:43,0
DA:68,2
DA:70,2
DA:74,0
DA:94,4
LF:22
LH:20
BRDA:53,0,0,1
BRDA:53,0,1,3
BRDA:53,1,0,4
BRDA:53,1,1,1
BRDA:57,2,0,0
BRDA:57,2,1,3
BRDA:57,3,0,3
BRDA:57,3,1,0
BRF:8
BRH:6
end_of_record
TN:
SF:src/views/notifications/NotificationsView.tsx
FN:32,NotificationRow
FN:34,(anonymous_1)
FN:42,(anonymous_2)
FN:67,(anonymous_3)
FN:74,NotificationsView
FN:78,(anonymous_5)
FN:81,(anonymous_6)
FN:86,(anonymous_7)
FN:93,(anonymous_8)
FN:99,(anonymous_9)
FN:99,(anonymous_10)
FN:106,(anonymous_11)
FN:119,(anonymous_12)
FN:141,(anonymous_13)
FN:142,(anonymous_14)
FN:142,(anonymous_15)
FN:146,(anonymous_16)
FN:147,(anonymous_17)
FN:173,makeStyles
FNF:19
FNH:13
FNDA:8,NotificationRow
FNDA:4,(anonymous_1)
FNDA:0,(anonymous_2)
FNDA:0,(anonymous_3)
FNDA:10,NotificationsView
FNDA:5,(anonymous_5)
FNDA:0,(anonymous_6)
FNDA:10,(anonymous_7)
FNDA:8,(anonymous_8)
FNDA:12,(anonymous_9)
FNDA:6,(anonymous_10)
FNDA:1,(anonymous_11)
FNDA:0,(anonymous_12)
FNDA:8,(anonymous_13)
FNDA:8,(anonymous_14)
FNDA:0,(anonymous_15)
FNDA:0,(anonymous_16)
FNDA:6,(anonymous_17)
FNDA:9,makeStyles
DA:1,1
DA:2,1
DA:10,1
DA:11,1
DA:12,1
DA:14,1
DA:18,1
DA:19,1
DA:20,1
DA:21,1
DA:22,1
DA:33,8
DA:34,8
DA:35,8
DA:36,8
DA:38,8
DA:42,0
DA:67,0
DA:74,1
DA:75,10
DA:76,10
DA:77,10
DA:78,10
DA:79,10
DA:81,10
DA:82,0
DA:83,0
DA:86,10
DA:87,10
DA:88,6
DA:89,6
DA:90,6
DA:91,6
DA:92,6
DA:93,6
DA:94,8
DA:95,8
DA:96,8
DA:97,2
DA:99,12
DA:102,10
DA:106,1
DA:119,0
DA:141,8
DA:142,8
DA:143,0
DA:144,0
DA:145,0
DA:146,0
DA:148,6
DA:174,9
LF:51
LH:42
BRDA:41,0,0,8
BRDA:41,0,1,4
BRDA:41,1,0,8
BRDA:41,1,1,8
BRDA:44,2,0,8
BRDA:44,2,1,8
BRDA:45,3,0,8
BRDA:45,3,1,0
BRDA:49,4,0,8
BRDA:49,4,1,0
BRDA:50,5,0,8
BRDA:50,5,1,4
BRDA:52,6,0,8
BRDA:52,6,1,8
BRDA:59,7,0,8
BRDA:59,7,1,8
BRDA:60,8,0,8
BRDA:60,8,1,8
BRDA:82,9,0,0
BRDA:82,9,1,0
BRDA:87,10,0,4
BRDA:96,11,0,6
BRDA:96,11,1,2
BRDA:112,12,0,6
BRDA:112,12,1,4
BRDA:118,13,0,10
BRDA:118,13,1,6
BRDA:123,14,0,6
BRDA:123,14,1,4
BRDA:127,15,0,10
BRDA:127,15,1,0
BRDA:133,16,0,0
BRDA:133,16,1,10
BRDA:133,17,0,10
BRDA:133,17,1,0
BRDA:145,18,0,0
BRDA:152,19,0,10
BRDA:152,19,1,4
BRF:38
BRH:30
end_of_record
TN:
SF:src/views/profile/ChangePasswordView.tsx
FN:20,ChangePasswordView
FN:23,(anonymous_1)
FN:29,(anonymous_2)
FN:32,(anonymous_3)
FN:38,(anonymous_4)
FN:54,(anonymous_5)
FN:96,(anonymous_6)
FN:125,(anonymous_7)
FN:133,(anonymous_8)
FN:142,(anonymous_9)
FN:173,makeStyles
FNF:11
FNH:8
FNDA:5,ChangePasswordView
FNDA:3,(anonymous_1)
FNDA:1,(anonymous_2)
FNDA:1,(anonymous_3)
FNDA:15,(anonymous_4)
FNDA:2,(anonymous_5)
FNDA:0,(anonymous_6)
FNDA:2,(anonymous_7)
FNDA:0,(anonymous_8)
FNDA:0,(anonymous_9)
FNDA:3,makeStyles
DA:1,1
DA:2,1
DA:13,1
DA:14,1
DA:15,1
DA:16,1
DA:17,1
DA:18,1
DA:20,1
DA:21,5
DA:22,5
DA:23,5
DA:24,5
DA:25,5
DA:26,5
DA:27,5
DA:29,5
DA:30,1
DA:31,1
DA:32,1
DA:33,1
DA:38,5
DA:45,15
DA:54,2
DA:82,5
DA:96,0
DA:125,2
DA:133,0
DA:142,0
DA:174,3
LF:30
LH:27
BRDA:31,0,0,1
BRDA:51,1,0,3
BRDA:51,1,1,12
BRDA:65,2,0,1
BRDA:65,2,1,14
BRDA:70,3,0,1
BRDA:70,3,1,14
BRDA:76,4,0,3
BRDA:76,4,1,12
BRDA:86,5,0,5
BRDA:86,5,1,0
BRDA:107,6,0,1
BRDA:107,6,1,4
BRDA:114,7,0,1
BRDA:114,7,1,4
BRDA:150,8,0,5
BRDA:150,8,1,1
BRDA:157,9,0,1
BRDA:157,9,1,4
BRDA:236,10,0,3
BRDA:236,10,1,0
BRF:21
BRH:19
end_of_record
TN:
SF:src/views/profile/EditProfileView.tsx
FN:28,EditProfileView
FN:33,(anonymous_2)
FN:35,(anonymous_3)
FN:52,(anonymous_4)
FN:76,(anonymous_5)
FN:96,(anonymous_6)
FN:133,(anonymous_7)
FN:156,(anonymous_8)
FN:181,(anonymous_9)
FN:225,(anonymous_10)
FN:229,(anonymous_11)
FN:244,(anonymous_12)
FN:253,(anonymous_13)
FN:294,(anonymous_14)
FN:301,(anonymous_15)
FN:301,(anonymous_16)
FN:353,makeStyles
FNF:17
FNH:5
FNDA:2,EditProfileView
FNDA:2,(anonymous_2)
FNDA:0,(anonymous_3)
FNDA:0,(anonymous_4)
FNDA:2,(anonymous_5)
FNDA:0,(anonymous_6)
FNDA:0,(anonymous_7)
FNDA:0,(anonymous_8)
FNDA:0,(anonymous_9)
FNDA:0,(anonymous_10)
FNDA:0,(anonymous_11)
FNDA:4,(anonymous_12)
FNDA:0,(anonymous_13)
FNDA:0,(anonymous_14)
FNDA:0,(anonymous_15)
FNDA:0,(anonymous_16)
FNDA:2,makeStyles
DA:1,1
DA:2,1
DA:3,1
DA:14,1
DA:15,1
DA:16,1
DA:18,1
DA:19,1
DA:25,1
DA:28,1
DA:29,2
DA:30,2
DA:31,2
DA:32,2
DA:33,2
DA:35,2
DA:36,0
DA:37,0
DA:38,0
DA:39,0
DA:40,0
DA:41,0
DA:42,0
DA:43,0
DA:44,0
DA:48,0
DA:51,2
DA:53,0
DA:54,0
DA:56,0
DA:58,0
DA:60,0
DA:64,0
DA:65,0
DA:66,0
DA:67,0
DA:69,0
DA:70,0
DA:76,2
DA:77,2
DA:78,2
DA:79,1
DA:83,2
DA:96,0
DA:133,0
DA:156,0
DA:181,0
DA:226,0
DA:229,0
DA:245,4
DA:246,4
DA:254,0
DA:294,0
DA:301,0
DA:354,2
LF:55
LH:25
BRDA:36,0,0,0
BRDA:36,1,0,0
BRDA:36,1,1,0
BRDA:38,2,0,0
BRDA:43,3,0,0
BRDA:53,4,0,0
BRDA:56,5,0,0
BRDA:56,6,0,0
BRDA:56,6,1,0
BRDA:60,7,0,0
BRDA:60,7,1,0
BRDA:60,7,2,0
BRDA:69,8,0,0
BRDA:69,9,0,0
BRDA:69,9,1,0
BRDA:69,9,2,0
BRDA:78,10,0,1
BRDA:87,11,0,2
BRDA:87,11,1,0
BRDA:106,12,0,0
BRDA:106,12,1,2
BRDA:112,13,0,0
BRDA:112,13,1,2
BRDA:118,14,0,0
BRDA:118,14,1,2
BRDA:130,15,0,0
BRDA:130,15,1,2
BRDA:142,16,0,0
BRDA:142,16,1,2
BRDA:153,17,0,0
BRDA:153,17,1,2
BRDA:168,18,0,0
BRDA:168,18,1,2
BRDA:178,19,0,0
BRDA:178,19,1,2
BRDA:189,20,0,0
BRDA:189,20,1,2
BRDA:205,21,0,2
BRDA:205,21,1,0
BRDA:216,22,0,0
BRDA:216,22,1,2
BRDA:223,23,0,0
BRDA:223,23,1,2
BRDA:240,24,0,2
BRDA:240,24,1,0
BRDA:251,25,0,4
BRDA:251,25,1,0
BRDA:256,26,0,0
BRDA:256,26,1,0
BRDA:269,27,0,4
BRDA:269,27,1,0
BRDA:283,28,0,2
BRDA:283,28,1,0
BRDA:291,29,0,0
BRDA:291,29,1,2
BRDA:308,30,0,0
BRDA:308,30,1,2
BRDA:314,31,0,0
BRDA:314,31,1,2
BRDA:314,32,0,2
BRDA:314,32,1,0
BRDA:319,33,0,0
BRDA:319,33,1,0
BRDA:329,34,0,2
BRDA:329,34,1,0
BRDA:336,35,0,0
BRDA:336,35,1,2
BRF:67
BRH:24
end_of_record
TN:
SF:src/views/profile/ProfileView.tsx
FN:41,ProfileView
FN:49,(anonymous_2)
FN:56,(anonymous_3)
FN:63,(anonymous_4)
FN:70,(anonymous_5)
FN:76,(anonymous_6)
FN:97,(anonymous_7)
FN:104,(anonymous_8)
FN:111,(anonymous_9)
FN:116,(anonymous_10)
FN:127,(anonymous_11)
FN:288,(anonymous_12)
FN:326,(anonymous_13)
FN:332,(anonymous_14)
FN:341,(anonymous_15)
FN:402,(anonymous_16)
FN:417,(anonymous_17)
FN:442,(anonymous_18)
FN:484,(anonymous_19)
FN:518,(anonymous_20)
FN:553,(anonymous_21)
FN:575,(anonymous_22)
FN:612,(anonymous_23)
FN:613,(anonymous_24)
FN:621,(anonymous_25)
FN:718,makeStyles
FNF:26
FNH:10
FNDA:4,ProfileView
FNDA:3,(anonymous_2)
FNDA:0,(anonymous_3)
FNDA:0,(anonymous_4)
FNDA:0,(anonymous_5)
FNDA:3,(anonymous_6)
FNDA:1,(anonymous_7)
FNDA:0,(anonymous_8)
FNDA:0,(anonymous_9)
FNDA:0,(anonymous_10)
FNDA:4,(anonymous_11)
FNDA:0,(anonymous_12)
FNDA:4,(anonymous_13)
FNDA:0,(anonymous_14)
FNDA:1,(anonymous_15)
FNDA:0,(anonymous_16)
FNDA:0,(anonymous_17)
FNDA:0,(anonymous_18)
FNDA:0,(anonymous_19)
FNDA:0,(anonymous_20)
FNDA:0,(anonymous_21)
FNDA:0,(anonymous_22)
FNDA:4,(anonymous_23)
FNDA:4,(anonymous_24)
FNDA:0,(anonymous_25)
FNDA:3,makeStyles
DA:1,1
DA:2,1
DA:18,1
DA:19,1
DA:20,1
DA:21,1
DA:22,1
DA:23,1
DA:24,1
DA:25,1
DA:27,1
DA:28,1
DA:29,1
DA:30,1
DA:31,1
DA:33,1
DA:34,1
DA:35,1
DA:39,1
DA:41,1
DA:42,4
DA:43,4
DA:44,4
DA:45,4
DA:46,4
DA:47,4
DA:48,4
DA:49,4
DA:51,4
DA:52,4
DA:53,4
DA:54,4
DA:56,4
DA:57,0
DA:58,0
DA:61,4
DA:64,0
DA:65,0
DA:69,4
DA:71,0
DA:75,4
DA:76,3
DA:80,4
DA:81,4
DA:87,4
DA:88,4
DA:92,4
DA:93,4
DA:97,4
DA:98,1
DA:99,1
DA:100,1
DA:101,1
DA:104,4
DA:105,0
DA:106,0
DA:107,0
DA:108,0
DA:111,4
DA:112,0
DA:113,0
DA:116,4
DA:117,0
DA:118,0
DA:119,0
DA:120,0
DA:122,0
DA:124,0
DA:127,4
DA:128,4
DA:129,4
DA:131,4
DA:288,0
DA:327,4
DA:332,0
DA:341,1
DA:402,0
DA:417,0
DA:443,0
DA:485,0
DA:518,0
DA:553,0
DA:575,0
DA:601,4
DA:612,4
DA:614,4
DA:621,0
DA:719,3
LF:88
LH:61
BRDA:57,0,0,0
BRDA:57,0,1,0
BRDA:76,1,0,3
BRDA:76,1,1,0
BRDA:81,2,0,4
BRDA:81,2,1,0
BRDA:88,3,0,4
BRDA:88,3,1,0
BRDA:92,4,0,4
BRDA:92,4,1,0
BRDA:93,5,0,4
BRDA:93,5,1,0
BRDA:107,6,0,0
BRDA:107,6,1,0
BRDA:117,7,0,0
BRDA:119,8,0,0
BRDA:119,8,1,0
BRDA:135,9,0,0
BRDA:135,9,1,4
BRDA:149,10,0,0
BRDA:149,10,1,4
BRDA:155,11,0,0
BRDA:155,11,1,4
BRDA:161,12,0,0
BRDA:161,12,1,4
BRDA:167,13,0,4
BRDA:167,13,1,0
BRDA:178,14,0,0
BRDA:178,14,1,4
BRDA:194,15,0,0
BRDA:194,15,1,4
BRDA:209,16,0,4
BRDA:209,16,1,0
BRDA:218,17,0,0
BRDA:218,17,1,4
BRDA:305,18,0,4
BRDA:305,18,1,0
BRDA:312,19,0,0
BRDA:312,19,1,4
BRDA:324,20,0,4
BRDA:324,20,1,0
BRDA:338,21,0,1
BRDA:338,21,1,3
BRDA:446,22,0,4
BRDA:446,22,1,4
BRDA:451,23,0,4
BRDA:451,23,1,0
BRDA:460,24,0,0
BRDA:460,24,1,4
BRDA:471,25,0,0
BRDA:471,25,1,4
BRDA:478,26,0,0
BRDA:478,26,1,4
BRDA:485,27,0,0
BRDA:485,27,1,0
BRDA:488,28,0,0
BRDA:488,28,1,4
BRDA:508,29,0,0
BRDA:508,29,1,4
BRDA:542,30,0,0
BRDA:542,30,1,4
BRDA:560,31,0,4
BRDA:560,31,1,4
BRDA:568,32,0,4
BRDA:568,32,1,4
BRDA:582,33,0,4
BRDA:582,33,1,0
BRDA:590,34,0,4
BRDA:590,34,1,0
BRDA:604,35,0,0
BRDA:604,35,1,4
BRDA:611,36,0,4
BRDA:611,36,1,0
BRDA:626,37,0,4
BRDA:626,37,1,0
BRDA:630,38,0,4
BRDA:630,38,1,0
BRDA:635,39,0,4
BRDA:635,39,1,0
BRDA:657,40,0,4
BRDA:657,40,1,0
BRDA:667,41,0,0
BRDA:667,41,1,4
BRDA:699,42,0,4
BRDA:699,42,1,4
BRDA:701,43,0,4
BRDA:701,43,1,0
BRDA:703,44,0,0
BRDA:703,44,1,4
BRF:89
BRH:45
end_of_record
TN:
SF:src/views/ticket/EventActionsView.tsx
FN:25,EventActionsView
FN:28,(anonymous_11)
FN:31,(anonymous_12)
FN:40,(anonymous_13)
FN:69,(anonymous_14)
FN:83,(anonymous_15)
FN:105,(anonymous_16)
FN:176,(anonymous_17)
FN:209,(anonymous_18)
FN:220,(anonymous_19)
FN:233,makeStyles
FNF:11
FNH:10
FNDA:4,EventActionsView
FNDA:4,(anonymous_11)
FNDA:4,(anonymous_12)
FNDA:2,(anonymous_13)
FNDA:1,(anonymous_14)
FNDA:1,(anonymous_15)
FNDA:0,(anonymous_16)
FNDA:1,(anonymous_17)
FNDA:1,(anonymous_18)
FNDA:1,(anonymous_19)
FNDA:4,makeStyles
DA:1,1
DA:2,1
DA:11,1
DA:12,1
DA:13,1
DA:14,1
DA:15,1
DA:16,1
DA:17,1
DA:18,1
DA:19,1
DA:25,1
DA:26,4
DA:27,4
DA:28,4
DA:29,4
DA:31,4
DA:32,4
DA:33,2
DA:34,2
DA:35,2
DA:40,4
DA:41,2
DA:42,1
DA:43,1
DA:46,1
DA:47,1
DA:51,4
DA:52,1
DA:62,3
DA:63,1
DA:69,1
DA:83,1
DA:94,2
DA:95,2
DA:97,2
DA:105,0
DA:176,1
DA:209,1
DA:220,1
DA:234,4
LF:41
LH:40
BRDA:32,0,0,2
BRDA:32,1,0,4
BRDA:32,1,1,2
BRDA:35,2,0,2
BRDA:35,2,1,2
BRDA:35,2,2,2
BRDA:41,3,0,1
BRDA:46,4,0,1
BRDA:46,5,0,1
BRDA:46,5,1,1
BRDA:51,6,0,1
BRDA:62,7,0,1
BRDA:62,8,0,3
BRDA:62,8,1,2
BRDA:78,9,0,1
BRDA:78,9,1,0
BRDA:95,10,0,2
BRDA:95,10,1,0
BRDA:114,11,0,0
BRDA:114,11,1,2
BRDA:125,12,0,2
BRDA:125,12,1,0
BRDA:139,13,0,2
BRDA:139,13,1,0
BRDA:141,14,0,2
BRDA:141,14,1,0
BRDA:141,14,2,0
BRDA:157,15,0,2
BRDA:157,15,1,0
BRDA:169,16,0,2
BRDA:169,16,1,0
BRDA:188,17,0,2
BRDA:188,17,1,0
BRDA:197,18,0,1
BRDA:197,18,1,1
BRDA:205,19,0,1
BRDA:205,19,1,1
BRF:37
BRH:27
end_of_record
TN:
SF:src/views/ticket/TicketScanView.tsx
FN:31,TicketScanView
FN:34,(anonymous_10)
FN:41,(anonymous_11)
FN:49,(anonymous_12)
FN:74,(anonymous_13)
FN:88,(anonymous_14)
FN:108,(anonymous_15)
FN:125,(anonymous_16)
FN:151,(anonymous_17)
FN:275,(anonymous_18)
FN:308,makeStyles
FNF:11
FNH:8
FNDA:7,TicketScanView
FNDA:6,(anonymous_10)
FNDA:2,(anonymous_11)
FNDA:1,(anonymous_12)
FNDA:1,(anonymous_13)
FNDA:1,(anonymous_14)
FNDA:0,(anonymous_15)
FNDA:0,(anonymous_16)
FNDA:0,(anonymous_17)
FNDA:1,(anonymous_18)
FNDA:6,makeStyles
DA:1,1
DA:2,1
DA:12,1
DA:13,1
DA:14,1
DA:15,1
DA:16,1
DA:17,1
DA:18,1
DA:19,1
DA:20,1
DA:25,1
DA:31,1
DA:32,7
DA:33,7
DA:34,7
DA:35,7
DA:36,7
DA:37,7
DA:38,7
DA:41,7
DA:42,2
DA:43,1
DA:44,1
DA:45,1
DA:49,7
DA:50,1
DA:51,1
DA:52,1
DA:55,7
DA:56,1
DA:66,6
DA:67,1
DA:74,1
DA:88,1
DA:100,5
DA:101,1
DA:108,0
DA:125,0
DA:136,4
DA:137,4
DA:140,4
DA:141,4
DA:143,4
DA:151,0
DA:275,1
DA:309,6
LF:47
LH:44
BRDA:42,0,0,1
BRDA:42,1,0,2
BRDA:42,1,1,2
BRDA:42,1,2,2
BRDA:55,2,0,1
BRDA:66,3,0,1
BRDA:66,4,0,6
BRDA:66,4,1,1
BRDA:100,5,0,1
BRDA:100,6,0,5
BRDA:100,6,1,5
BRDA:137,7,0,1
BRDA:137,7,1,3
BRDA:141,8,0,4
BRDA:141,8,1,0
BRDA:160,9,0,0
BRDA:160,9,1,4
BRDA:168,10,0,4
BRDA:168,10,1,0
BRDA:169,11,0,4
BRDA:169,11,1,0
BRDA:180,12,0,1
BRDA:180,12,1,3
BRDA:184,13,0,1
BRDA:184,13,1,0
BRDA:189,14,0,1
BRDA:189,14,1,0
BRDA:191,15,0,1
BRDA:191,15,1,0
BRDA:196,16,0,1
BRDA:196,16,1,0
BRDA:199,17,0,1
BRDA:199,17,1,0
BRDA:206,18,0,1
BRDA:206,18,1,0
BRDA:211,19,0,1
BRDA:211,19,1,0
BRDA:211,20,0,1
BRDA:211,20,1,1
BRDA:222,21,0,0
BRDA:222,21,1,4
BRDA:225,22,0,1
BRDA:225,22,1,3
BRDA:225,23,0,4
BRDA:225,23,1,3
BRDA:225,23,2,2
BRDA:239,24,0,2
BRDA:239,24,1,2
BRDA:239,25,0,4
BRDA:239,25,1,3
BRDA:239,25,2,3
BRDA:240,26,0,1
BRDA:240,26,1,1
BRDA:246,27,0,0
BRDA:246,27,1,1
BRDA:246,28,0,1
BRDA:246,28,1,1
BRDA:249,29,0,0
BRDA:249,29,1,1
BRDA:267,30,0,0
BRDA:267,30,1,1
BRDA:271,31,0,1
BRDA:271,31,1,0
BRDA:279,32,0,0
BRDA:279,32,1,1
BRDA:288,33,0,0
BRDA:288,33,1,4
BRDA:288,34,0,4
BRDA:288,34,1,1
BRDA:288,34,2,0
BRDA:288,34,3,0
BRDA:296,35,0,3
BRDA:296,35,1,1
BRDA:296,36,0,4
BRDA:296,36,1,3
BRF:75
BRH:55
end_of_record
TN:
SF:src/views/ticket/TicketView.tsx
FN:29,TicketView
FN:35,(anonymous_2)
FN:37,(anonymous_3)
FN:62,(anonymous_4)
FN:89,(anonymous_5)
FN:223,makeStyles
FNF:6
FNH:4
FNDA:3,TicketView
FNDA:3,(anonymous_2)
FNDA:3,(anonymous_3)
FNDA:0,(anonymous_4)
FNDA:0,(anonymous_5)
FNDA:3,makeStyles
DA:1,1
DA:2,1
DA:11,1
DA:12,1
DA:13,1
DA:14,1
DA:15,1
DA:16,1
DA:17,1
DA:18,1
DA:19,1
DA:23,1
DA:29,1
DA:30,3
DA:31,3
DA:32,3
DA:34,3
DA:35,3
DA:37,3
DA:38,3
DA:39,3
DA:40,3
DA:41,3
DA:46,3
DA:47,0
DA:57,3
DA:58,1
DA:62,0
DA:81,2
DA:82,2
DA:83,2
DA:84,2
DA:86,2
DA:89,0
DA:224,3
LF:35
LH:32
BRDA:34,0,0,3
BRDA:34,0,1,3
BRDA:38,1,0,0
BRDA:38,2,0,3
BRDA:38,2,1,3
BRDA:41,3,0,3
BRDA:41,3,1,3
BRDA:41,3,2,3
BRDA:46,4,0,0
BRDA:57,5,0,1
BRDA:57,6,0,3
BRDA:57,6,1,2
BRDA:70,7,0,1
BRDA:70,7,1,0
BRDA:83,8,0,2
BRDA:83,8,1,0
BRDA:84,9,0,2
BRDA:84,9,1,2
BRDA:98,10,0,0
BRDA:98,10,1,2
BRDA:116,11,0,0
BRDA:116,11,1,2
BRDA:118,12,0,2
BRDA:118,12,1,2
BRDA:118,12,2,2
BRDA:129,13,0,2
BRDA:129,13,1,0
BRDA:135,14,0,2
BRDA:135,14,1,0
BRDA:144,15,0,1
BRDA:144,15,1,1
BRDA:144,16,0,2
BRDA:144,16,1,2
BRDA:157,17,0,0
BRDA:157,17,1,0
BRDA:178,18,0,2
BRDA:178,18,1,0
BRDA:180,19,0,0
BRDA:180,19,1,0
BRDA:182,20,0,0
BRDA:182,20,1,0
BRDA:197,21,0,2
BRDA:197,21,1,0
BRDA:199,22,0,0
BRDA:199,22,1,0
BRDA:205,23,0,2
BRDA:205,23,1,2
BRF:47
BRH:29
end_of_record
